3
1.00000
2
1.00000 1.00000 1.00000 0 0
1.00000 2.00000 1.00000 0 0

1
1.63300
2
1.00000 1.00000 1.00000 0 0
1.00000 1.00000 0.00000 0 0

3
1.73205
2
1.00000 1.00000 1.00000 0 0
2.00000 0.00000 1.00000 0 0

6
1.91486
2
1.00000 1.00000 1.00000 0 0
1.00000 2.00000 0.00000 0 0

3
2.00000
2
1.00000 1.00000 1.00000 0 0
-1.00000 1.00000 1.00000 0 0

2
1.00000
3
1.00000 1.00000 1.00000 0 0
2.00000 1.00000 1.00000 0 0
1.00000 0.00000 1.00000 0 0

6
1.73205
3
1.00000 1.00000 1.00000 0 0
1.00000 0.00000 1.00000 0 0
2.00000 0.00000 1.00000 0 0

2
1.73205
3
1.00000 1.00000 1.00000 0 0
3.00000 2.00000 1.00000 0 0
2.00000 0.00000 1.00000 0 0

12
1.91486
3
1.00000 1.00000 1.00000 0 0
1.00000 2.00000 1.00000 0 0
1.00000 2.00000 0.00000 0 0

12
1.91486
3
1.00000 1.00000 1.00000 0 0
2.00000 2.00000 1.00000 0 0
1.00000 2.00000 0.00000 0 0

12
1.91486
3
1.00000 1.00000 1.00000 0 0
0.00000 2.00000 1.00000 0 0
1.00000 2.00000 0.00000 0 0

3
1.73205
4
1.00000 1.00000 1.00000 0 0
2.00000 1.00000 1.00000 0 0
1.00000 0.00000 1.00000 0 0
2.00000 0.00000 1.00000 0 0

2
1.73205
4
1.00000 1.00000 1.00000 0 0
2.00000 1.00000 1.00000 0 0
3.00000 2.00000 1.00000 0 0
2.00000 0.00000 1.00000 0 0

12
1.91486
4
1.00000 1.00000 1.00000 0 0
2.00000 2.00000 1.00000 0 0
1.00000 2.00000 1.00000 0 0
1.00000 2.00000 0.00000 0 0

12
1.91486
4
1.00000 1.00000 1.00000 0 0
0.00000 1.00000 1.00000 0 0
2.00000 2.00000 1.00000 0 0
1.00000 2.00000 0.00000 0 0

3
1.91486
4
1.00000 1.00000 1.00000 0 0
1.00000 2.00000 1.00000 0 0
1.00000 1.00000 0.00000 0 0
1.00000 2.00000 0.00000 0 0

12
1.91486
4
1.00000 1.00000 1.00000 0 0
2.00000 2.00000 1.00000 0 0
1.00000 1.00000 0.00000 0 0
1.00000 2.00000 0.00000 0 0

12
1.91486
4
1.00000 1.00000 1.00000 0 0
1.00000 2.00000 1.00000 0 0
0.00000 2.00000 1.00000 0 0
1.00000 2.00000 0.00000 0 0

4
1.91486
4
1.00000 1.00000 1.00000 0 0
2.00000 3.00000 1.00000 0 0
0.00000 2.00000 1.00000 0 0
1.00000 2.00000 0.00000 0 0

6
1.91486
4
1.00000 1.00000 1.00000 0 0
2.00000 2.00000 1.00000 0 0
2.00000 1.00000 0.00000 0 0
1.00000 2.00000 0.00000 0 0

