24
0.41613
2
0.87987 0.37987 0.12013 0 0
1.00000 0.00000 0.00000 0 0

4
0.41614
2
0.62013 0.87987 0.12013 0 0
0.37987 1.12013 -0.12013 0 0

24
0.56344
2
0.37987 0.37987 0.37987 0 0
0.37987 0.12013 -0.12013 0 0

24
0.61253
2
0.12013 0.87987 0.37987 0 0
0.37987 1.12013 -0.12013 0 0

24
0.64298
2
0.87987 0.12013 0.62013 0 0
1.00000 0.00000 0.00000 0 0

8
0.65795
2
1.00000 1.00000 1.00000 0 0
1.37987 1.37987 1.37987 0 0

24
0.70711
2
1.00000 1.00000 1.00000 0 0
0.50000 1.50000 1.00000 0 0

24
0.82047
2
0.37987 0.37987 0.37987 0 0
1.00000 0.00000 0.00000 0 0

12
0.83226
2
0.62013 0.87987 0.12013 0 0
1.37987 1.12013 -0.12013 0 0

24
0.89330
2
0.87987 0.12013 0.62013 0 0
1.37987 0.12013 -0.12013 0 0

24
0.56344
3
0.37987 0.37987 0.37987 0 0
0.50000 0.50000 0.00000 0 0
0.37987 0.12013 -0.12013 0 0

24
0.61253
3
0.12013 0.87987 0.37987 0 0
-0.00000 1.00000 0.00000 0 0
0.37987 1.12013 -0.12013 0 0

24
0.61253
3
0.12013 0.87987 0.37987 0 0
0.37987 1.37987 0.37987 0 0
0.37987 1.12013 -0.12013 0 0

24
0.61253
3
0.12013 0.87987 0.37987 0 0
0.12013 0.62013 -0.12013 0 0
0.37987 1.12013 -0.12013 0 0

8
0.61253
3
0.12013 0.87987 0.37987 0 0
-0.12013 1.37987 0.12013 0 0
0.37987 1.12013 -0.12013 0 0

24
0.61253
3
0.12013 0.87987 0.37987 0 0
-0.12013 1.12013 0.62013 0 0
-0.12013 1.37987 0.12013 0 0

24
0.64298
3
0.87987 0.12013 0.62013 0 0
1.12013 -0.12013 0.37987 0 0
1.00000 0.00000 0.00000 0 0

24
0.64298
3
1.00000 0.50000 0.50000 0 0
1.37987 0.37987 0.37987 0 0
1.12013 0.62013 -0.12013 0 0

24
0.64298
3
1.00000 0.50000 0.50000 0 0
1.12013 0.87987 0.37987 0 0
1.12013 0.62013 -0.12013 0 0

24
0.61253
4
0.12013 0.87987 0.37987 0 0
-0.00000 1.00000 0.00000 0 0
0.12013 0.62013 -0.12013 0 0
0.37987 1.12013 -0.12013 0 0

8
0.61253
4
0.12013 0.87987 0.37987 0 0
-0.00000 1.00000 0.00000 0 0
-0.12013 1.37987 0.12013 0 0
0.37987 1.12013 -0.12013 0 0

8
0.61253
4
0.12013 0.87987 0.37987 0 0
0.37987 1.37987 0.37987 0 0
-0.12013 1.37987 0.12013 0 0
0.37987 1.12013 -0.12013 0 0

24
0.61253
4
0.12013 0.87987 0.37987 0 0
-0.12013 1.12013 0.62013 0 0
0.37987 1.37987 0.37987 0 0
-0.12013 1.37987 0.12013 0 0

24
0.64298
4
0.87987 0.12013 0.62013 0 0
1.12013 -0.12013 0.37987 0 0
0.87987 0.37987 0.12013 0 0
1.00000 0.00000 0.00000 0 0

24
0.64298
4
0.87987 0.12013 0.62013 0 0
1.12013 -0.12013 0.37987 0 0
0.62013 -0.12013 0.12013 0 0
1.00000 0.00000 0.00000 0 0

24
0.64298
4
1.00000 0.50000 0.50000 0 0
1.12013 0.87987 0.37987 0 0
1.37987 0.37987 0.37987 0 0
1.12013 0.62013 -0.12013 0 0

