12
0.35355
2
0.37500 0.12500 0.37500 0 0
0.62500 -0.12500 0.37500 0 0

24
0.61237
2
0.37500 0.12500 0.37500 0 0
0.12500 -0.37500 0.62500 0 0

12
0.70711
2
0.12500 0.37500 0.37500 0 0
-0.37500 0.37500 0.87500 0 0

12
0.70711
2
0.37500 0.12500 0.37500 0 0
-0.12500 0.12500 0.87500 0 0

24
0.79057
2
0.12500 0.37500 0.37500 0 0
0.37500 1.12500 0.37500 0 0

48
0.93541
2
0.12500 0.37500 0.37500 0 0
-0.12500 1.12500 0.87500 0 0

12
1.00000
2
0.37500 0.12500 0.37500 0 0
0.37500 1.12500 0.37500 0 0

8
0.35355
3
0.12500 0.37500 0.37500 0 0
0.12500 0.62500 0.62500 0 0
-0.12500 0.62500 0.37500 0 0

24
0.61237
3
0.37500 0.12500 0.37500 0 0
0.62500 -0.12500 0.37500 0 0
0.12500 -0.37500 0.62500 0 0

24
0.61237
3
0.37500 0.12500 0.37500 0 0
0.37500 -0.12500 0.62500 0 0
0.12500 -0.37500 0.62500 0 0

8
0.61237
3
0.37500 0.12500 0.37500 0 0
-0.12500 -0.12500 0.12500 0 0
0.12500 -0.37500 0.62500 0 0

48
0.70711
3
0.12500 0.37500 0.37500 0 0
-0.12500 0.62500 0.37500 0 0
-0.37500 0.37500 0.87500 0 0

12
0.70711
3
0.12500 0.37500 0.37500 0 0
-0.12500 0.37500 0.62500 0 0
-0.37500 0.37500 0.87500 0 0

24
0.70711
3
0.12500 0.37500 0.37500 0 0
0.12500 -0.12500 0.87500 0 0
-0.37500 0.37500 0.87500 0 0

48
0.70711
3
0.37500 0.12500 0.37500 0 0
0.37500 -0.12500 0.62500 0 0
-0.12500 0.12500 0.87500 0 0

24
0.70711
3
0.37500 0.12500 0.37500 0 0
0.12500 -0.37500 0.62500 0 0
-0.12500 0.12500 0.87500 0 0

8
0.70711
3
0.37500 0.12500 0.37500 0 0
-0.12500 -0.37500 0.37500 0 0
-0.12500 0.12500 0.87500 0 0

2
0.35355
4
0.12500 0.37500 0.37500 0 0
-0.12500 0.37500 0.62500 0 0
0.12500 0.62500 0.62500 0 0
-0.12500 0.62500 0.37500 0 0

24
0.61237
4
0.37500 0.12500 0.37500 0 0
0.37500 -0.12500 0.62500 0 0
0.62500 -0.12500 0.37500 0 0
0.12500 -0.37500 0.62500 0 0

