8
3.57062
2
0.50000 0.50000 0.50000 0 0
0.00000 0.00000 0.00000 0 0

3
4.12300
2
0.50000 0.50000 0.50000 0 0
0.50000 0.50000 1.50000 0 0

3
4.12300
2
1.00000 1.00000 1.00000 0 0
1.00000 1.00000 0.00000 0 0

6
5.83080
2
0.50000 0.50000 0.50000 0 0
0.50000 -0.50000 1.50000 0 0

6
5.83080
2
1.00000 1.00000 1.00000 0 0
1.00000 0.00000 0.00000 0 0

24
6.83722
2
0.50000 0.50000 0.50000 0 0
-1.00000 0.00000 0.00000 0 0

4
7.14125
2
0.50000 0.50000 0.50000 0 0
-0.50000 -0.50000 1.50000 0 0

4
7.14125
2
1.00000 1.00000 1.00000 0 0
0.00000 0.00000 0.00000 0 0

3
8.24600
2
1.00000 1.00000 1.00000 0 0
3.00000 1.00000 1.00000 0 0

3
8.24600
2
0.50000 0.50000 0.50000 0 0
0.50000 0.50000 -1.50000 0 0

24
8.98587
2
0.50000 0.50000 0.50000 0 0
-0.00000 -1.00000 -1.00000 0 0

12
9.21931
2
1.00000 1.00000 1.00000 0 0
3.00000 1.00000 0.00000 0 0

12
9.21931
2
0.50000 0.50000 0.50000 0 0
0.50000 -0.50000 -1.50000 0 0

12
4.12300
3
0.50000 0.50000 0.50000 0 0
-0.00000 -0.00000 1.00000 0 0
0.50000 0.50000 1.50000 0 0

12
4.12300
3
1.00000 1.00000 1.00000 0 0
1.50000 1.50000 0.50000 0 0
1.00000 1.00000 0.00000 0 0

12
5.83080
3
0.50000 0.50000 0.50000 0 0
-0.00000 -0.00000 1.00000 0 0
0.50000 -0.50000 1.50000 0 0

12
5.83080
3
0.50000 0.50000 0.50000 0 0
0.50000 0.50000 1.50000 0 0
0.50000 -0.50000 1.50000 0 0

8
5.83080
3
0.50000 0.50000 0.50000 0 0
-0.50000 0.50000 1.50000 0 0
0.50000 -0.50000 1.50000 0 0

12
5.83080
3
1.00000 1.00000 1.00000 0 0
1.50000 0.50000 0.50000 0 0
1.00000 0.00000 0.00000 0 0

12
5.83080
3
1.00000 1.00000 1.00000 0 0
1.00000 1.00000 0.00000 0 0
1.00000 0.00000 0.00000 0 0

8
5.83080
3
1.00000 1.00000 1.00000 0 0
-0.00000 1.00000 0.00000 0 0
1.00000 0.00000 0.00000 0 0

12
4.12300
4
0.50000 0.50000 0.50000 0 0
1.00000 -0.00000 1.00000 0 0
-0.00000 -0.00000 1.00000 0 0
0.50000 0.50000 1.50000 0 0

6
5.83080
4
0.50000 0.50000 0.50000 0 0
1.00000 -0.00000 1.00000 0 0
-0.00000 -0.00000 1.00000 0 0
0.50000 -0.50000 1.50000 0 0

24
5.83080
4
0.50000 0.50000 0.50000 0 0
-0.00000 -0.00000 1.00000 0 0
0.50000 0.50000 1.50000 0 0
0.50000 -0.50000 1.50000 0 0

3
5.83080
4
0.50000 0.50000 0.50000 0 0
0.50000 -0.50000 0.50000 0 0
0.50000 0.50000 1.50000 0 0
0.50000 -0.50000 1.50000 0 0

8
5.83080
4
0.50000 0.50000 0.50000 0 0
-0.00000 -0.00000 1.00000 0 0
-0.50000 0.50000 1.50000 0 0
0.50000 -0.50000 1.50000 0 0

8
5.83080
4
0.50000 0.50000 0.50000 0 0
0.50000 0.50000 1.50000 0 0
-0.50000 0.50000 1.50000 0 0
0.50000 -0.50000 1.50000 0 0

2
5.83080
4
0.50000 0.50000 0.50000 0 0
-0.50000 -0.50000 0.50000 0 0
-0.50000 0.50000 1.50000 0 0
0.50000 -0.50000 1.50000 0 0

6
5.83080
4
1.00000 1.00000 1.00000 0 0
0.50000 0.50000 0.50000 0 0
1.50000 0.50000 0.50000 0 0
1.00000 0.00000 0.00000 0 0

24
5.83080
4
1.00000 1.00000 1.00000 0 0
1.50000 0.50000 0.50000 0 0
1.00000 1.00000 0.00000 0 0
1.00000 0.00000 0.00000 0 0

3
5.83080
4
1.00000 1.00000 1.00000 0 0
1.00000 -0.00000 1.00000 0 0
1.00000 1.00000 0.00000 0 0
1.00000 0.00000 0.00000 0 0

8
5.83080
4
1.00000 1.00000 1.00000 0 0
0.50000 0.50000 0.50000 0 0
-0.00000 1.00000 0.00000 0 0
1.00000 0.00000 0.00000 0 0

8
5.83080
4
1.00000 1.00000 1.00000 0 0
1.00000 1.00000 0.00000 0 0
-0.00000 1.00000 0.00000 0 0
1.00000 0.00000 0.00000 0 0

2
5.83080
4
1.00000 1.00000 1.00000 0 0
-0.00000 -0.00000 1.00000 0 0
-0.00000 1.00000 0.00000 0 0
1.00000 0.00000 0.00000 0 0

