2
0.78250
2
0.66667 0.33333 0.62500 0 0
0.66667 0.33333 0.50000 0 0

6
3.22101
2
0.33333 0.66667 0.12500 0 0
-0.33333 0.33333 0.50000 0 0

6
3.82000
2
0.66667 0.33333 0.50000 0 0
1.66667 0.33333 0.50000 0 0

6
3.82000
2
0.66667 0.33333 0.62500 0 0
0.66667 -0.66667 0.62500 0 0

6
3.82897
2
0.66667 0.33333 0.50000 0 0
0.33333 -0.33333 0.00000 0 0

6
3.82897
2
0.33333 0.66667 0.12500 0 0
0.66667 1.33333 -0.37500 0 0

12
3.89932
2
0.66667 0.33333 0.50000 0 0
0.66667 -0.66667 0.62500 0 0

6
4.49130
2
0.66667 0.33333 0.62500 0 0
1.33333 0.66667 0.00000 0 0

6
4.99672
2
0.33333 0.66667 0.12500 0 0
-0.33333 1.33333 0.50000 0 0

6
5.40864
2
0.66667 0.33333 0.50000 0 0
1.33333 -0.33333 0.00000 0 0

6
5.40864
2
0.33333 0.66667 0.12500 0 0
-0.33333 1.33333 -0.37500 0 0

2
5.47750
2
0.66667 0.33333 0.50000 0 0
0.66667 0.33333 -0.37500 0 0

6
5.89611
2
0.33333 0.66667 0.12500 0 0
-0.33333 1.33333 -0.50000 0 0

2
6.26000
2
0.66667 0.33333 0.62500 0 0
0.66667 0.33333 -0.37500 0 0

2
6.26000
2
0.66667 0.33333 0.50000 0 0
0.66667 0.33333 -0.50000 0 0

12
6.28965
2
0.66667 0.33333 0.62500 0 0
0.33333 -1.33333 1.00000 0 0

6
3.82000
3
0.66667 0.33333 0.50000 0 0
1.33333 0.66667 0.12500 0 0
1.66667 0.33333 0.50000 0 0

2
3.82000
3
0.66667 0.33333 0.50000 0 0
0.66667 -0.66667 0.50000 0 0
1.66667 0.33333 0.50000 0 0

2
3.82000
3
0.66667 0.33333 0.50000 0 0
1.66667 1.33333 0.50000 0 0
1.66667 0.33333 0.50000 0 0

6
3.82000
3
0.66667 0.33333 0.62500 0 0
0.33333 -0.33333 1.00000 0 0
0.66667 -0.66667 0.62500 0 0

2
3.82000
3
0.66667 0.33333 0.62500 0 0
-0.33333 -0.66667 0.62500 0 0
0.66667 -0.66667 0.62500 0 0

2
3.82000
3
0.66667 0.33333 0.62500 0 0
1.66667 0.33333 0.62500 0 0
0.66667 -0.66667 0.62500 0 0

6
3.82897
3
0.66667 0.33333 0.50000 0 0
0.66667 -0.66667 0.50000 0 0
0.33333 -0.33333 0.00000 0 0

6
3.82897
3
0.33333 0.66667 0.12500 0 0
0.33333 0.66667 0.00000 0 0
0.66667 1.33333 -0.37500 0 0

6
3.82897
3
0.33333 0.66667 0.12500 0 0
0.33333 1.66667 0.12500 0 0
0.66667 1.33333 -0.37500 0 0

6
3.82897
3
0.66667 0.33333 0.62500 0 0
0.66667 -0.66667 0.62500 0 0
0.33333 -0.33333 1.12500 0 0

6
3.82897
3
0.66667 0.33333 0.50000 0 0
0.66667 0.33333 0.62500 0 0
0.33333 -0.33333 1.00000 0 0

6
3.82897
3
0.66667 0.33333 0.50000 0 0
0.66667 -0.66667 0.50000 0 0
0.33333 -0.33333 1.00000 0 0

12
3.89932
3
0.66667 0.33333 0.50000 0 0
0.66667 0.33333 0.62500 0 0
0.66667 -0.66667 0.62500 0 0

12
3.89932
3
0.66667 0.33333 0.50000 0 0
0.33333 -0.33333 0.12500 0 0
0.66667 -0.66667 0.62500 0 0

6
3.89932
3
0.66667 0.33333 0.50000 0 0
1.66667 0.33333 0.50000 0 0
0.66667 -0.66667 0.62500 0 0

6
3.89932
3
0.66667 0.33333 0.50000 0 0
-0.33333 -0.66667 0.50000 0 0
0.66667 -0.66667 0.62500 0 0

12
3.89932
3
0.66667 0.33333 0.62500 0 0
0.66667 0.33333 0.50000 0 0
0.66667 1.33333 0.50000 0 0

12
3.89932
3
0.66667 0.33333 0.62500 0 0
0.33333 0.66667 1.00000 0 0
0.66667 1.33333 0.50000 0 0

6
3.89932
3
0.66667 0.33333 0.62500 0 0
-0.33333 0.33333 0.62500 0 0
0.66667 1.33333 0.50000 0 0

6
3.89932
3
0.66667 0.33333 0.62500 0 0
1.66667 1.33333 0.62500 0 0
0.66667 1.33333 0.50000 0 0

6
4.49130
3
0.66667 0.33333 0.62500 0 0
0.66667 0.33333 0.50000 0 0
1.33333 0.66667 0.00000 0 0

6
4.49130
3
0.66667 0.33333 0.62500 0 0
1.66667 1.33333 0.62500 0 0
1.33333 0.66667 0.00000 0 0

12
4.49130
3
0.66667 0.33333 0.62500 0 0
0.33333 -0.33333 0.12500 0 0
1.33333 0.66667 0.00000 0 0

6
4.49130
3
0.33333 0.66667 1.00000 0 0
0.33333 0.66667 1.12500 0 0
-0.33333 0.33333 1.62500 0 0

6
4.49130
3
0.33333 0.66667 1.00000 0 0
-0.66667 0.66667 1.00000 0 0
-0.33333 0.33333 1.62500 0 0

12
4.49130
3
0.33333 0.66667 1.00000 0 0
0.66667 1.33333 1.50000 0 0
-0.33333 0.33333 1.62500 0 0

12
4.99672
3
0.33333 0.66667 0.12500 0 0
-0.33333 0.33333 0.50000 0 0
-0.33333 1.33333 0.50000 0 0

12
4.99672
3
0.33333 0.66667 0.12500 0 0
-0.33333 0.33333 0.62500 0 0
-0.33333 1.33333 0.50000 0 0

12
4.99672
3
0.66667 0.33333 0.50000 0 0
1.33333 0.66667 0.12500 0 0
1.33333 -0.33333 0.12500 0 0

12
4.99672
3
0.66667 0.33333 0.50000 0 0
0.33333 -0.33333 0.00000 0 0
1.33333 -0.33333 0.12500 0 0

2
3.82000
4
0.66667 0.33333 0.50000 0 0
1.33333 0.66667 0.12500 0 0
1.66667 1.33333 0.50000 0 0
1.66667 0.33333 0.50000 0 0

2
3.82000
4
0.66667 0.33333 0.62500 0 0
0.33333 -0.33333 1.00000 0 0
-0.33333 -0.66667 0.62500 0 0
0.66667 -0.66667 0.62500 0 0

2
3.82897
4
0.66667 0.33333 0.50000 0 0
-0.33333 -0.66667 0.50000 0 0
0.66667 -0.66667 0.50000 0 0
0.33333 -0.33333 0.00000 0 0

2
3.82897
4
0.33333 0.66667 0.12500 0 0
1.33333 1.66667 0.12500 0 0
0.33333 1.66667 0.12500 0 0
0.66667 1.33333 -0.37500 0 0

6
3.82897
4
0.33333 0.66667 0.12500 0 0
0.33333 0.66667 0.00000 0 0
-0.33333 0.33333 -0.37500 0 0
0.66667 1.33333 -0.37500 0 0

2
3.82897
4
0.66667 0.33333 0.62500 0 0
-0.33333 -0.66667 0.62500 0 0
0.66667 -0.66667 0.62500 0 0
0.33333 -0.33333 1.12500 0 0

2
3.82897
4
0.66667 0.33333 0.50000 0 0
-0.33333 -0.66667 0.50000 0 0
0.66667 -0.66667 0.50000 0 0
0.33333 -0.33333 1.00000 0 0

6
3.82897
4
0.66667 0.33333 0.50000 0 0
0.66667 0.33333 0.62500 0 0
1.33333 0.66667 1.00000 0 0
0.33333 -0.33333 1.00000 0 0

12
3.89932
4
0.66667 0.33333 0.50000 0 0
0.66667 0.33333 0.62500 0 0
0.33333 -0.33333 0.12500 0 0
0.66667 -0.66667 0.62500 0 0

12
3.89932
4
0.66667 0.33333 0.50000 0 0
0.66667 0.33333 0.62500 0 0
1.66667 0.33333 0.50000 0 0
0.66667 -0.66667 0.62500 0 0

6
3.89932
4
0.66667 0.33333 0.50000 0 0
0.66667 0.33333 0.62500 0 0
0.66667 -0.66667 0.50000 0 0
0.66667 -0.66667 0.62500 0 0

12
3.89932
4
0.66667 0.33333 0.50000 0 0
0.66667 0.33333 0.62500 0 0
-0.33333 -0.66667 0.50000 0 0
0.66667 -0.66667 0.62500 0 0

6
3.89932
4
0.66667 0.33333 0.50000 0 0
0.33333 -0.33333 0.12500 0 0
-0.33333 -0.66667 0.50000 0 0
0.66667 -0.66667 0.62500 0 0

12
3.89932
4
0.66667 0.33333 0.50000 0 0
0.66667 0.33333 0.62500 0 0
0.33333 -0.33333 1.00000 0 0
0.66667 -0.66667 0.62500 0 0

6
3.89932
4
0.66667 0.33333 0.50000 0 0
0.66667 0.33333 0.62500 0 0
-0.33333 -0.66667 0.62500 0 0
0.66667 -0.66667 0.62500 0 0

6
3.89932
4
0.66667 0.33333 0.50000 0 0
0.33333 -0.33333 0.12500 0 0
-0.33333 -0.66667 0.62500 0 0
0.66667 -0.66667 0.62500 0 0

6
3.89932
4
0.66667 0.33333 0.50000 0 0
0.66667 0.33333 0.62500 0 0
1.66667 0.33333 0.62500 0 0
0.66667 -0.66667 0.62500 0 0

12
3.89932
4
0.66667 0.33333 0.62500 0 0
0.66667 0.33333 0.50000 0 0
0.33333 0.66667 1.00000 0 0
0.66667 1.33333 0.50000 0 0

6
3.89932
4
0.66667 0.33333 0.62500 0 0
0.33333 0.66667 1.00000 0 0
-0.33333 0.33333 0.62500 0 0
0.66667 1.33333 0.50000 0 0

12
3.89932
4
0.66667 0.33333 0.62500 0 0
0.66667 0.33333 0.50000 0 0
0.33333 0.66667 0.12500 0 0
0.66667 1.33333 0.50000 0 0

6
3.89932
4
0.66667 0.33333 0.62500 0 0
0.66667 0.33333 0.50000 0 0
1.66667 1.33333 0.50000 0 0
0.66667 1.33333 0.50000 0 0

6
3.89932
4
0.66667 0.33333 0.62500 0 0
0.66667 0.33333 0.50000 0 0
-0.33333 0.33333 0.50000 0 0
0.66667 1.33333 0.50000 0 0

6
3.89932
4
0.66667 0.33333 0.62500 0 0
0.33333 0.66667 1.00000 0 0
-0.33333 0.33333 0.50000 0 0
0.66667 1.33333 0.50000 0 0

