3
0.57735
2
0.66667 0.33333 0.50000 0 0
0.33333 -0.33333 0.50000 0 0

6
1.00000
2
0.66667 0.33333 0.50000 0 0
0.66667 1.33333 0.50000 0 0

3
1.15470
2
0.66667 0.33333 0.50000 0 0
1.33333 -0.33333 0.50000 0 0

6
1.52752
2
0.33333 0.66667 0.50000 0 0
-1.33333 0.33333 0.50000 0 0

2
1.63300
2
0.66667 0.33333 0.50000 0 0
0.66667 0.33333 -0.50000 0 0

6
1.73205
2
0.66667 0.33333 0.50000 0 0
1.66667 -0.66667 0.50000 0 0

6
1.73206
2
0.66667 0.33333 0.50000 0 0
1.33333 0.66667 -0.50000 0 0

12
1.91486
2
0.33333 0.66667 0.50000 0 0
0.33333 1.66667 -0.50000 0 0

6
2.00000
2
0.33333 0.66667 0.50000 0 0
-1.66667 0.66667 0.50000 0 0

6
2.00000
2
0.66667 0.33333 0.50000 0 0
1.33333 -0.33333 1.50000 0 0

6
1.00000
3
0.66667 0.33333 0.50000 0 0
0.33333 0.66667 0.50000 0 0
0.66667 1.33333 0.50000 0 0

2
1.00000
3
0.66667 0.33333 0.50000 0 0
1.66667 1.33333 0.50000 0 0
0.66667 1.33333 0.50000 0 0

2
1.00000
3
0.66667 0.33333 0.50000 0 0
-0.33333 0.33333 0.50000 0 0
0.66667 1.33333 0.50000 0 0

12
1.15470
3
0.66667 0.33333 0.50000 0 0
0.33333 -0.33333 0.50000 0 0
1.33333 -0.33333 0.50000 0 0

12
1.52752
3
0.33333 0.66667 0.50000 0 0
-0.33333 0.33333 0.50000 0 0
-1.33333 0.33333 0.50000 0 0

6
1.52752
3
0.33333 0.66667 0.50000 0 0
0.33333 1.66667 0.50000 0 0
-1.33333 0.33333 0.50000 0 0

12
1.52752
3
0.33333 0.66667 0.50000 0 0
-0.66667 -0.33333 0.50000 0 0
-1.33333 0.33333 0.50000 0 0

2
1.00000
4
0.66667 0.33333 0.50000 0 0
0.33333 0.66667 0.50000 0 0
-0.33333 0.33333 0.50000 0 0
0.66667 1.33333 0.50000 0 0

6
1.15470
4
0.66667 0.33333 0.50000 0 0
1.33333 0.66667 0.50000 0 0
0.33333 -0.33333 0.50000 0 0
1.33333 -0.33333 0.50000 0 0

6
1.15470
4
0.66667 0.33333 0.50000 0 0
0.33333 -0.33333 0.50000 0 0
0.66667 -0.66667 0.50000 0 0
1.33333 -0.33333 0.50000 0 0

3
1.15470
4
0.66667 0.33333 0.50000 0 0
1.33333 0.66667 0.50000 0 0
0.66667 -0.66667 0.50000 0 0
1.33333 -0.33333 0.50000 0 0

