4
0.43301
2
1.00000 1.00000 1.00000 0 0
1.25000 1.25000 1.25000 0 0

8
0.43301
2
0.50000 0.50000 0.50000 0 0
0.25000 0.75000 0.75000 0 0

4
0.43301
2
0.50000 0.50000 0.50000 0 0
0.75000 0.25000 0.25000 0 0

12
0.50000
2
0.75000 0.75000 0.75000 0 0
0.75000 1.25000 0.75000 0 0

12
0.70711
2
0.25000 0.25000 0.25000 0 0
0.25000 0.75000 0.75000 0 0

12
0.70711
2
0.75000 0.75000 0.75000 0 0
0.25000 0.75000 1.25000 0 0

12
0.82916
2
0.25000 0.25000 0.25000 0 0
0.00000 -0.50000 0.50000 0 0

24
0.82916
2
0.25000 0.25000 0.25000 0 0
-0.00000 -0.50000 0.00000 0 0

12
0.82916
2
0.50000 0.50000 0.50000 0 0
-0.25000 0.25000 0.25000 0 0

8
0.86603
2
0.25000 0.25000 0.25000 0 0
-0.25000 -0.25000 -0.25000 0 0

8
0.86603
2
0.25000 0.25000 0.25000 0 0
-0.25000 -0.25000 0.75000 0 0

6
1.00000
2
0.25000 0.25000 0.25000 0 0
-0.75000 0.25000 0.25000 0 0

6
1.00000
2
0.75000 0.75000 0.75000 0 0
-0.25000 0.75000 0.75000 0 0

24
0.50000
3
0.75000 0.75000 0.75000 0 0
0.50000 1.00000 1.00000 0 0
0.75000 1.25000 0.75000 0 0

24
0.50000
3
0.75000 0.75000 0.75000 0 0
0.50000 1.00000 0.50000 0 0
0.75000 1.25000 0.75000 0 0

12
0.70711
3
0.25000 0.25000 0.25000 0 0
-0.00000 0.50000 0.50000 0 0
0.25000 0.75000 0.75000 0 0

12
0.70711
3
0.25000 0.25000 0.25000 0 0
0.50000 0.50000 0.50000 0 0
0.25000 0.75000 0.75000 0 0

24
0.70711
3
0.25000 0.25000 0.25000 0 0
0.25000 0.25000 0.75000 0 0
0.25000 0.75000 0.75000 0 0

8
0.70711
3
0.25000 0.25000 0.25000 0 0
0.75000 0.75000 0.25000 0 0
0.25000 0.75000 0.75000 0 0

8
0.70711
3
0.25000 0.25000 0.25000 0 0
-0.25000 0.25000 0.75000 0 0
0.25000 0.75000 0.75000 0 0

12
0.70711
3
0.75000 0.75000 0.75000 0 0
0.50000 1.00000 1.00000 0 0
0.25000 0.75000 1.25000 0 0

12
0.70711
3
0.75000 0.75000 0.75000 0 0
0.50000 0.50000 1.00000 0 0
0.25000 0.75000 1.25000 0 0

24
0.70711
3
0.75000 0.75000 0.75000 0 0
0.75000 0.75000 1.25000 0 0
0.25000 0.75000 1.25000 0 0

8
0.70711
3
0.75000 0.75000 0.75000 0 0
0.75000 0.25000 1.25000 0 0
0.25000 0.75000 1.25000 0 0

8
0.70711
3
0.75000 0.75000 0.75000 0 0
0.25000 1.25000 0.75000 0 0
0.25000 0.75000 1.25000 0 0

48
0.82916
3
0.25000 0.25000 0.25000 0 0
0.00000 0.00000 0.00000 0 0
0.00000 -0.50000 0.50000 0 0

24
0.82916
3
0.25000 0.25000 0.25000 0 0
-0.00000 -0.00000 0.50000 0 0
0.00000 -0.50000 0.50000 0 0

48
0.82916
3
0.25000 0.25000 0.25000 0 0
-0.25000 0.25000 0.25000 0 0
0.00000 -0.50000 0.50000 0 0

12
0.82916
3
0.25000 0.25000 0.25000 0 0
-0.25000 0.25000 0.75000 0 0
0.00000 -0.50000 0.50000 0 0

24
0.82916
3
0.25000 0.25000 0.25000 0 0
0.75000 -0.25000 0.25000 0 0
0.00000 -0.50000 0.50000 0 0

24
0.82916
3
0.25000 0.25000 0.25000 0 0
0.00000 0.00000 0.00000 0 0
-0.00000 -0.50000 0.00000 0 0

48
0.82916
3
0.25000 0.25000 0.25000 0 0
-0.00000 -0.00000 0.50000 0 0
-0.00000 -0.50000 0.00000 0 0

48
0.82916
3
0.25000 0.25000 0.25000 0 0
-0.25000 0.25000 0.25000 0 0
-0.00000 -0.50000 0.00000 0 0

24
0.82916
3
0.25000 0.25000 0.25000 0 0
0.25000 -0.25000 0.75000 0 0
-0.00000 -0.50000 0.00000 0 0

12
0.82916
3
0.25000 0.25000 0.25000 0 0
-0.25000 0.25000 -0.25000 0 0
-0.00000 -0.50000 0.00000 0 0

48
0.82916
3
0.50000 0.50000 0.50000 0 0
0.25000 0.75000 0.75000 0 0
0.75000 1.25000 0.75000 0 0

24
0.82916
3
0.50000 0.50000 0.50000 0 0
0.75000 0.75000 0.75000 0 0
0.75000 1.25000 0.75000 0 0

24
0.82916
3
0.50000 0.50000 0.50000 0 0
-0.00000 1.00000 0.50000 0 0
0.75000 1.25000 0.75000 0 0

12
0.82916
3
0.50000 0.50000 0.50000 0 0
1.00000 0.50000 1.00000 0 0
0.75000 1.25000 0.75000 0 0

48
0.82916
3
0.50000 0.50000 0.50000 0 0
0.25000 0.25000 0.75000 0 0
-0.25000 0.25000 0.25000 0 0

24
0.82916
3
0.50000 0.50000 0.50000 0 0
0.25000 0.25000 0.25000 0 0
-0.25000 0.25000 0.25000 0 0

24
0.82916
3
0.50000 0.50000 0.50000 0 0
-0.00000 0.50000 1.00000 0 0
-0.25000 0.25000 0.25000 0 0

12
0.82916
3
0.50000 0.50000 0.50000 0 0
0.50000 -0.00000 0.00000 0 0
-0.25000 0.25000 0.25000 0 0

24
0.50000
4
0.75000 0.75000 0.75000 0 0
0.50000 1.00000 0.50000 0 0
0.50000 1.00000 1.00000 0 0
0.75000 1.25000 0.75000 0 0

12
0.70711
4
0.25000 0.25000 0.25000 0 0
0.50000 0.50000 0.50000 0 0
-0.00000 0.50000 0.50000 0 0
0.25000 0.75000 0.75000 0 0

24
0.70711
4
0.25000 0.25000 0.25000 0 0
-0.00000 0.50000 0.50000 0 0
0.25000 0.25000 0.75000 0 0
0.25000 0.75000 0.75000 0 0

24
0.70711
4
0.25000 0.25000 0.25000 0 0
0.50000 0.50000 0.50000 0 0
0.25000 0.25000 0.75000 0 0
0.25000 0.75000 0.75000 0 0

12
0.70711
4
0.25000 0.25000 0.25000 0 0
0.25000 0.75000 0.25000 0 0
0.25000 0.25000 0.75000 0 0
0.25000 0.75000 0.75000 0 0

8
0.70711
4
0.25000 0.25000 0.25000 0 0
0.50000 0.50000 0.50000 0 0
0.75000 0.75000 0.25000 0 0
0.25000 0.75000 0.75000 0 0

8
0.70711
4
0.25000 0.25000 0.25000 0 0
0.25000 0.75000 0.25000 0 0
0.75000 0.75000 0.25000 0 0
0.25000 0.75000 0.75000 0 0

2
0.70711
4
0.25000 0.25000 0.25000 0 0
0.75000 0.25000 0.75000 0 0
0.75000 0.75000 0.25000 0 0
0.25000 0.75000 0.75000 0 0

8
0.70711
4
0.25000 0.25000 0.25000 0 0
-0.00000 0.50000 0.50000 0 0
-0.25000 0.25000 0.75000 0 0
0.25000 0.75000 0.75000 0 0

8
0.70711
4
0.25000 0.25000 0.25000 0 0
0.25000 0.25000 0.75000 0 0
-0.25000 0.25000 0.75000 0 0
0.25000 0.75000 0.75000 0 0

2
0.70711
4
0.25000 0.25000 0.25000 0 0
-0.25000 0.75000 0.25000 0 0
-0.25000 0.25000 0.75000 0 0
0.25000 0.75000 0.75000 0 0

12
0.70711
4
0.75000 0.75000 0.75000 0 0
0.50000 0.50000 1.00000 0 0
0.50000 1.00000 1.00000 0 0
0.25000 0.75000 1.25000 0 0

24
0.70711
4
0.75000 0.75000 0.75000 0 0
0.50000 1.00000 1.00000 0 0
0.75000 0.75000 1.25000 0 0
0.25000 0.75000 1.25000 0 0

24
0.70711
4
0.75000 0.75000 0.75000 0 0
0.50000 0.50000 1.00000 0 0
0.75000 0.75000 1.25000 0 0
0.25000 0.75000 1.25000 0 0

8
0.70711
4
0.75000 0.75000 0.75000 0 0
0.50000 0.50000 1.00000 0 0
0.75000 0.25000 1.25000 0 0
0.25000 0.75000 1.25000 0 0

8
0.70711
4
0.75000 0.75000 0.75000 0 0
0.75000 0.75000 1.25000 0 0
0.75000 0.25000 1.25000 0 0
0.25000 0.75000 1.25000 0 0

2
0.70711
4
0.75000 0.75000 0.75000 0 0
0.25000 0.25000 0.75000 0 0
0.75000 0.25000 1.25000 0 0
0.25000 0.75000 1.25000 0 0

8
0.70711
4
0.75000 0.75000 0.75000 0 0
0.50000 1.00000 1.00000 0 0
0.25000 1.25000 0.75000 0 0
0.25000 0.75000 1.25000 0 0

8
0.70711
4
0.75000 0.75000 0.75000 0 0
0.25000 0.75000 0.75000 0 0
0.25000 1.25000 0.75000 0 0
0.25000 0.75000 1.25000 0 0

2
0.70711
4
0.75000 0.75000 0.75000 0 0
0.75000 1.25000 1.25000 0 0
0.25000 1.25000 0.75000 0 0
0.25000 0.75000 1.25000 0 0

