6
0.70711
2
1.00000 1.00000 1.00000 1 0
0.50000 1.00000 0.50000 1 0

12
0.70711
2
1.00000 1.00000 1.00000 1 1
0.50000 1.00000 0.50000 1 0

6
0.70711
2
1.00000 1.00000 1.00000 1 1
0.50000 1.00000 0.50000 1 1

3
1.00000
2
1.00000 1.00000 1.00000 1 0
-0.00000 1.00000 1.00000 1 0

6
1.00000
2
1.00000 1.00000 1.00000 1 1
-0.00000 1.00000 1.00000 1 0

3
1.00000
2
1.00000 1.00000 1.00000 1 1
-0.00000 1.00000 1.00000 1 1

12
1.22474
2
1.00000 1.00000 1.00000 1 0
-0.00000 0.50000 1.50000 1 0

24
1.22474
2
1.00000 1.00000 1.00000 1 1
-0.00000 0.50000 1.50000 1 0

12
1.22474
2
1.00000 1.00000 1.00000 1 1
-0.00000 0.50000 1.50000 1 1

6
1.41421
2
1.00000 1.00000 1.00000 1 0
-0.00000 1.00000 2.00000 1 0

12
1.41421
2
1.00000 1.00000 1.00000 1 1
-0.00000 1.00000 2.00000 1 0

6
1.41421
2
1.00000 1.00000 1.00000 1 1
-0.00000 1.00000 2.00000 1 1

12
1.58114
2
1.00000 1.00000 1.00000 1 0
-0.50000 0.50000 1.00000 1 0

24
1.58114
2
1.00000 1.00000 1.00000 1 1
-0.50000 0.50000 1.00000 1 0

12
1.58114
2
1.00000 1.00000 1.00000 1 1
-0.50000 0.50000 1.00000 1 1

8
0.70711
3
1.00000 1.00000 1.00000 1 0
0.50000 1.00000 0.50000 1 0
0.50000 0.50000 1.00000 1 0

24
0.70711
3
1.00000 1.00000 1.00000 1 1
0.50000 1.00000 0.50000 1 0
0.50000 0.50000 1.00000 1 0

24
0.70711
3
1.00000 1.00000 1.00000 1 1
0.50000 1.00000 0.50000 1 1
0.50000 0.50000 1.00000 1 0

8
0.70711
3
1.00000 1.00000 1.00000 1 1
0.50000 1.00000 0.50000 1 1
0.50000 0.50000 1.00000 1 1

12
1.00000
3
1.00000 1.00000 1.00000 1 0
0.50000 0.50000 1.00000 1 0
-0.00000 1.00000 1.00000 1 0

24
1.00000
3
1.00000 1.00000 1.00000 1 1
0.50000 0.50000 1.00000 1 0
-0.00000 1.00000 1.00000 1 0

12
1.00000
3
1.00000 1.00000 1.00000 1 0
0.50000 0.50000 1.00000 1 1
-0.00000 1.00000 1.00000 1 0

24
1.00000
3
1.00000 1.00000 1.00000 1 1
0.50000 0.50000 1.00000 1 1
-0.00000 1.00000 1.00000 1 0

12
1.00000
3
1.00000 1.00000 1.00000 1 1
0.50000 0.50000 1.00000 1 0
-0.00000 1.00000 1.00000 1 1

12
1.00000
3
1.00000 1.00000 1.00000 1 1
0.50000 0.50000 1.00000 1 1
-0.00000 1.00000 1.00000 1 1

2
0.70711
4
1.00000 1.00000 1.00000 1 0
1.00000 0.50000 0.50000 1 0
0.50000 1.00000 0.50000 1 0
0.50000 0.50000 1.00000 1 0

8
0.70711
4
1.00000 1.00000 1.00000 1 1
1.00000 0.50000 0.50000 1 0
0.50000 1.00000 0.50000 1 0
0.50000 0.50000 1.00000 1 0

12
0.70711
4
1.00000 1.00000 1.00000 1 1
1.00000 0.50000 0.50000 1 1
0.50000 1.00000 0.50000 1 0
0.50000 0.50000 1.00000 1 0

8
0.70711
4
1.00000 1.00000 1.00000 1 1
1.00000 0.50000 0.50000 1 1
0.50000 1.00000 0.50000 1 1
0.50000 0.50000 1.00000 1 0

2
0.70711
4
1.00000 1.00000 1.00000 1 1
1.00000 0.50000 0.50000 1 1
0.50000 1.00000 0.50000 1 1
0.50000 0.50000 1.00000 1 1

12
1.00000
4
1.00000 1.00000 1.00000 1 0
0.50000 1.00000 0.50000 1 0
0.50000 0.50000 1.00000 1 0
-0.00000 1.00000 1.00000 1 0

24
1.00000
4
1.00000 1.00000 1.00000 1 1
0.50000 1.00000 0.50000 1 0
0.50000 0.50000 1.00000 1 0
-0.00000 1.00000 1.00000 1 0

24
1.00000
4
1.00000 1.00000 1.00000 1 0
0.50000 1.00000 0.50000 1 1
0.50000 0.50000 1.00000 1 0
-0.00000 1.00000 1.00000 1 0

48
1.00000
4
1.00000 1.00000 1.00000 1 1
0.50000 1.00000 0.50000 1 1
0.50000 0.50000 1.00000 1 0
-0.00000 1.00000 1.00000 1 0

12
1.00000
4
1.00000 1.00000 1.00000 1 0
0.50000 1.00000 0.50000 1 1
0.50000 0.50000 1.00000 1 1
-0.00000 1.00000 1.00000 1 0

24
1.00000
4
1.00000 1.00000 1.00000 1 1
0.50000 1.00000 0.50000 1 1
0.50000 0.50000 1.00000 1 1
-0.00000 1.00000 1.00000 1 0

12
1.00000
4
1.00000 1.00000 1.00000 1 1
0.50000 1.00000 0.50000 1 0
0.50000 0.50000 1.00000 1 0
-0.00000 1.00000 1.00000 1 1

24
1.00000
4
1.00000 1.00000 1.00000 1 1
0.50000 1.00000 0.50000 1 1
0.50000 0.50000 1.00000 1 0
-0.00000 1.00000 1.00000 1 1

12
1.00000
4
1.00000 1.00000 1.00000 1 1
0.50000 1.00000 0.50000 1 1
0.50000 0.50000 1.00000 1 1
-0.00000 1.00000 1.00000 1 1

3
1.00000
4
1.00000 1.00000 1.00000 1 0
0.50000 1.50000 1.00000 1 0
0.50000 0.50000 1.00000 1 0
-0.00000 1.00000 1.00000 1 0

12
1.00000
4
1.00000 1.00000 1.00000 1 1
0.50000 1.50000 1.00000 1 0
0.50000 0.50000 1.00000 1 0
-0.00000 1.00000 1.00000 1 0

12
1.00000
4
1.00000 1.00000 1.00000 1 1
0.50000 1.50000 1.00000 1 1
0.50000 0.50000 1.00000 1 0
-0.00000 1.00000 1.00000 1 0

6
1.00000
4
1.00000 1.00000 1.00000 1 0
0.50000 1.50000 1.00000 1 1
0.50000 0.50000 1.00000 1 1
-0.00000 1.00000 1.00000 1 0

12
1.00000
4
1.00000 1.00000 1.00000 1 1
0.50000 1.50000 1.00000 1 1
0.50000 0.50000 1.00000 1 1
-0.00000 1.00000 1.00000 1 0

3
1.00000
4
1.00000 1.00000 1.00000 1 1
0.50000 1.50000 1.00000 1 1
0.50000 0.50000 1.00000 1 1
-0.00000 1.00000 1.00000 1 1

