8
0.91287
2
1.00000 1.00000 0.50000 0 0
0.50000 1.50000 1.00000 0 0

4
1.00000
2
0.50000 0.50000 1.00000 0 0
1.50000 0.50000 1.00000 0 0

2
1.15470
2
0.50000 0.50000 1.00000 0 0
0.50000 0.50000 0.00000 0 0

4
1.41421
2
0.50000 0.50000 1.00000 0 0
1.50000 1.50000 1.00000 0 0

8
1.52752
2
0.50000 0.50000 1.00000 0 0
0.50000 -0.50000 0.00000 0 0

16
1.68325
2
1.00000 1.00000 0.50000 0 0
2.50000 1.50000 0.00000 0 0

8
1.82574
2
0.50000 0.50000 1.00000 0 0
-0.50000 1.50000 2.00000 0 0

8
1.87083
2
1.00000 1.00000 0.50000 0 0
1.50000 1.50000 -1.00000 0 0

4
2.00000
2
0.50000 0.50000 1.00000 0 0
0.50000 -1.50000 1.00000 0 0

16
1.00000
3
0.50000 0.50000 1.00000 0 0
1.00000 1.00000 1.50000 0 0
1.50000 0.50000 1.00000 0 0

8
1.15470
3
0.50000 0.50000 1.00000 0 0
1.00000 1.00000 0.50000 0 0
0.50000 0.50000 0.00000 0 0

8
1.41421
3
0.50000 0.50000 1.00000 0 0
1.00000 1.00000 1.50000 0 0
1.50000 1.50000 1.00000 0 0

8
1.41421
3
0.50000 0.50000 1.00000 0 0
1.50000 0.50000 1.00000 0 0
1.50000 1.50000 1.00000 0 0

4
1.00000
4
0.50000 0.50000 1.00000 0 0
1.00000 0.00000 1.50000 0 0
1.00000 1.00000 1.50000 0 0
1.50000 0.50000 1.00000 0 0

8
1.15470
4
0.50000 0.50000 1.00000 0 0
1.00000 -0.00000 0.50000 0 0
1.00000 1.00000 0.50000 0 0
0.50000 0.50000 0.00000 0 0

4
1.41421
4
0.50000 0.50000 1.00000 0 0
1.00000 1.00000 0.50000 0 0
1.00000 1.00000 1.50000 0 0
1.50000 1.50000 1.00000 0 0

16
1.41421
4
0.50000 0.50000 1.00000 0 0
1.00000 1.00000 1.50000 0 0
1.50000 0.50000 1.00000 0 0
1.50000 1.50000 1.00000 0 0

2
1.41421
4
0.50000 0.50000 1.00000 0 0
0.50000 1.50000 1.00000 0 0
1.50000 0.50000 1.00000 0 0
1.50000 1.50000 1.00000 0 0

