2
0.56569
2
0.70000 0.70000 1.00000 0 0
0.30000 0.30000 1.00000 0 0

16
0.60000
2
0.80000 0.20000 0.50000 0 0
0.70000 0.70000 0.00000 0 0

4
0.63246
2
0.80000 0.20000 0.50000 0 0
0.80000 0.20000 -0.50000 0 0

4
0.72111
2
0.30000 0.30000 1.00000 0 0
0.70000 -0.30000 1.00000 0 0

2
0.84853
2
0.80000 0.20000 0.50000 0 0
0.20000 0.80000 0.50000 0 0

4
0.84853
2
0.70000 0.70000 1.00000 0 0
0.30000 0.30000 2.00000 0 0

8
0.95917
2
0.30000 0.30000 1.00000 0 0
0.70000 -0.30000 0.00000 0 0

8
1.00000
2
0.80000 0.20000 0.50000 0 0
0.80000 1.20000 0.50000 0 0

8
0.60000
3
0.70000 0.70000 1.00000 0 0
0.30000 0.30000 1.00000 0 0
0.80000 0.20000 1.50000 0 0

8
0.63246
3
0.80000 0.20000 0.50000 0 0
0.70000 0.70000 0.00000 0 0
0.80000 0.20000 -0.50000 0 0

8
0.63246
3
0.80000 0.20000 0.50000 0 0
1.30000 0.30000 0.00000 0 0
0.80000 0.20000 -0.50000 0 0

16
0.72111
3
0.30000 0.30000 1.00000 0 0
0.20000 -0.20000 1.50000 0 0
0.70000 -0.30000 1.00000 0 0

8
0.84853
3
0.80000 0.20000 0.50000 0 0
0.70000 0.70000 0.00000 0 0
0.20000 0.80000 0.50000 0 0

8
0.84853
3
0.70000 0.70000 1.00000 0 0
0.30000 0.30000 1.00000 0 0
0.30000 0.30000 2.00000 0 0

8
0.84853
3
0.70000 0.70000 1.00000 0 0
0.80000 0.20000 1.50000 0 0
0.30000 0.30000 2.00000 0 0

8
0.72111
4
0.30000 0.30000 1.00000 0 0
0.20000 -0.20000 0.50000 0 0
0.20000 -0.20000 1.50000 0 0
0.70000 -0.30000 1.00000 0 0

4
0.72111
4
0.30000 0.30000 1.00000 0 0
0.80000 0.20000 1.50000 0 0
0.20000 -0.20000 1.50000 0 0
0.70000 -0.30000 1.00000 0 0

4
0.84853
4
0.80000 0.20000 0.50000 0 0
0.70000 0.70000 1.00000 0 0
0.70000 0.70000 0.00000 0 0
0.20000 0.80000 0.50000 0 0

4
0.84853
4
0.80000 0.20000 0.50000 0 0
0.30000 0.30000 1.00000 0 0
0.70000 0.70000 0.00000 0 0
0.20000 0.80000 0.50000 0 0

16
0.84853
4
0.70000 0.70000 1.00000 0 0
0.30000 0.30000 1.00000 0 0
0.80000 0.20000 1.50000 0 0
0.30000 0.30000 2.00000 0 0

2
0.84853
4
0.70000 0.70000 1.00000 0 0
0.30000 0.30000 1.00000 0 0
0.70000 0.70000 2.00000 0 0
0.30000 0.30000 2.00000 0 0

