3
0.70711
2
-0.00000 0.00000 0.50000 0 0
-1.00000 0.00000 0.50000 0 0

3
1.22474
2
-0.00000 0.00000 0.50000 0 0
0.33333 -0.33333 0.16667 0 0

3
1.22475
2
-0.00000 0.00000 0.50000 0 0
-1.00000 1.00000 0.50000 0 0

3
1.41421
2
-0.00000 0.00000 0.50000 0 0
1.33333 0.66667 0.16667 0 0

3
1.41421
2
-0.00000 0.00000 0.50000 0 0
2.00000 0.00000 0.50000 0 0

6
1.58114
2
-0.00000 0.00000 0.50000 0 0
1.33333 -0.33333 0.16667 0 0

6
1.87083
2
-0.00000 0.00000 0.50000 0 0
2.33333 0.66667 0.16667 0 0

6
1.87083
2
-0.00000 0.00000 0.50000 0 0
-1.00000 2.00000 0.50000 0 0

3
2.00000
2
-0.00000 0.00000 0.50000 0 0
1.33333 -1.33333 0.16667 0 0

2
0.70711
3
-0.00000 0.00000 0.50000 0 0
0.00000 -1.00000 0.50000 0 0
1.00000 0.00000 0.50000 0 0

6
1.22474
3
-0.00000 0.00000 0.50000 0 0
1.00000 0.00000 0.50000 0 0
0.33333 -0.33333 0.16667 0 0

6
1.22475
3
-0.00000 0.00000 0.50000 0 0
-1.00000 0.00000 0.50000 0 0
-1.00000 1.00000 0.50000 0 0

2
1.22475
3
-0.00000 0.00000 0.50000 0 0
-2.00000 -1.00000 0.50000 0 0
-1.00000 1.00000 0.50000 0 0

12
1.41421
3
-0.00000 0.00000 0.50000 0 0
1.00000 0.00000 0.50000 0 0
1.33333 0.66667 0.16667 0 0

6
1.41421
3
-0.00000 0.00000 0.50000 0 0
-0.66667 -0.33333 0.16667 0 0
1.33333 0.66667 0.16667 0 0

6
1.41421
3
-0.00000 0.00000 0.50000 0 0
-0.66667 -1.33333 0.16667 0 0
1.33333 0.66667 0.16667 0 0

3
1.41421
3
-0.00000 0.00000 0.50000 0 0
1.00000 0.00000 0.50000 0 0
2.00000 0.00000 0.50000 0 0

12
1.41421
3
-0.00000 0.00000 0.50000 0 0
0.00000 -1.00000 0.50000 0 0
2.00000 0.00000 0.50000 0 0

2
1.41421
3
-0.00000 0.00000 0.50000 0 0
0.00000 -2.00000 0.50000 0 0
2.00000 0.00000 0.50000 0 0

12
1.58114
3
-0.00000 0.00000 0.50000 0 0
1.00000 0.00000 0.50000 0 0
1.33333 -0.33333 0.16667 0 0

12
1.58114
3
-0.00000 0.00000 0.50000 0 0
0.00000 -1.00000 0.50000 0 0
1.33333 -0.33333 0.16667 0 0

6
1.58114
3
-0.00000 0.00000 0.50000 0 0
1.00000 1.00000 0.50000 0 0
1.33333 -0.33333 0.16667 0 0

12
1.58114
3
-0.00000 0.00000 0.50000 0 0
0.33333 0.66667 0.16667 0 0
1.33333 -0.33333 0.16667 0 0

12
1.58114
3
-0.00000 0.00000 0.50000 0 0
-0.66667 -0.33333 0.16667 0 0
1.33333 -0.33333 0.16667 0 0

12
1.58114
3
-0.00000 0.00000 0.50000 0 0
2.00000 1.00000 0.50000 0 0
1.33333 -0.33333 0.16667 0 0

6
1.58114
3
-0.00000 0.00000 0.50000 0 0
0.00000 -2.00000 0.50000 0 0
1.33333 -0.33333 0.16667 0 0

2
1.22474
4
-0.00000 0.00000 0.50000 0 0
0.00000 -1.00000 0.50000 0 0
1.00000 0.00000 0.50000 0 0
0.33333 -0.33333 0.16667 0 0

3
1.22475
4
-0.00000 0.00000 0.50000 0 0
0.00000 1.00000 0.50000 0 0
-1.00000 0.00000 0.50000 0 0
-1.00000 1.00000 0.50000 0 0

2
1.22475
4
-0.00000 0.00000 0.50000 0 0
-1.00000 0.00000 0.50000 0 0
-2.00000 -1.00000 0.50000 0 0
-1.00000 1.00000 0.50000 0 0

6
1.41421
4
-0.00000 0.00000 0.50000 0 0
1.00000 1.00000 0.50000 0 0
1.00000 0.00000 0.50000 0 0
1.33333 0.66667 0.16667 0 0

6
1.41421
4
-0.00000 0.00000 0.50000 0 0
1.00000 0.00000 0.50000 0 0
0.33333 -0.33333 0.16667 0 0
1.33333 0.66667 0.16667 0 0

3
1.41421
4
-0.00000 0.00000 0.50000 0 0
1.00000 1.00000 0.50000 0 0
0.33333 -0.33333 0.16667 0 0
1.33333 0.66667 0.16667 0 0

12
1.41421
4
-0.00000 0.00000 0.50000 0 0
-0.66667 -0.33333 0.16667 0 0
0.33333 -0.33333 0.16667 0 0
1.33333 0.66667 0.16667 0 0

6
1.41421
4
-0.00000 0.00000 0.50000 0 0
0.33333 -0.33333 0.16667 0 0
-0.66667 -1.33333 0.16667 0 0
1.33333 0.66667 0.16667 0 0

12
1.41421
4
-0.00000 0.00000 0.50000 0 0
0.33333 0.66667 0.16667 0 0
-0.66667 -1.33333 0.16667 0 0
1.33333 0.66667 0.16667 0 0

2
1.41421
4
-0.00000 0.00000 0.50000 0 0
-0.66667 0.66667 0.16667 0 0
-0.66667 -1.33333 0.16667 0 0
1.33333 0.66667 0.16667 0 0

12
1.41421
4
-0.00000 0.00000 0.50000 0 0
0.00000 -1.00000 0.50000 0 0
1.00000 0.00000 0.50000 0 0
2.00000 0.00000 0.50000 0 0

6
1.41421
4
-0.00000 0.00000 0.50000 0 0
1.00000 1.00000 0.50000 0 0
0.00000 -1.00000 0.50000 0 0
2.00000 0.00000 0.50000 0 0

6
1.41421
4
-0.00000 0.00000 0.50000 0 0
0.00000 -1.00000 0.50000 0 0
1.00000 -1.00000 0.50000 0 0
2.00000 0.00000 0.50000 0 0

3
1.41421
4
-0.00000 0.00000 0.50000 0 0
1.00000 1.00000 0.50000 0 0
1.00000 -1.00000 0.50000 0 0
2.00000 0.00000 0.50000 0 0

6
1.41421
4
-0.00000 0.00000 0.50000 0 0
1.00000 0.00000 0.50000 0 0
0.00000 -2.00000 0.50000 0 0
2.00000 0.00000 0.50000 0 0

