6
3.82000
2
0.66667 0.33333 0.50000 0 0
0.66667 -0.66667 0.50000 0 0

6
3.82897
2
0.66667 0.33333 0.50000 0 0
0.33333 -0.33333 0.00000 0 0

6
5.40864
2
0.66667 0.33333 0.50000 0 0
1.33333 -0.33333 0.00000 0 0

2
6.26000
2
0.66667 0.33333 0.50000 0 0
0.66667 0.33333 -0.50000 0 0

6
6.61643
2
0.66667 0.33333 0.50000 0 0
1.66667 -0.66667 0.50000 0 0

12
6.62162
2
0.33333 0.66667 1.00000 0 0
0.66667 2.33333 0.50000 0 0

12
7.33348
2
0.66667 0.33333 0.50000 0 0
0.66667 -0.66667 -0.50000 0 0

2
3.82000
3
0.66667 0.33333 0.50000 0 0
0.66667 -0.66667 0.50000 0 0
1.66667 0.33333 0.50000 0 0

2
3.82000
3
0.66667 0.33333 0.50000 0 0
1.66667 1.33333 0.50000 0 0
1.66667 0.33333 0.50000 0 0

6
3.82897
3
0.66667 0.33333 0.50000 0 0
0.66667 -0.66667 0.50000 0 0
0.33333 -0.33333 0.00000 0 0

6
3.82897
3
0.66667 0.33333 0.50000 0 0
0.66667 -0.66667 0.50000 0 0
0.33333 -0.33333 1.00000 0 0

12
5.40864
3
0.66667 0.33333 0.50000 0 0
1.66667 0.33333 0.50000 0 0
1.33333 -0.33333 0.00000 0 0

12
5.40864
3
0.66667 0.33333 0.50000 0 0
1.66667 0.33333 0.50000 0 0
1.33333 -0.33333 1.00000 0 0

2
3.82897
4
0.66667 0.33333 0.50000 0 0
-0.33333 -0.66667 0.50000 0 0
0.66667 -0.66667 0.50000 0 0
0.33333 -0.33333 0.00000 0 0

2
3.82897
4
0.66667 0.33333 0.50000 0 0
-0.33333 -0.66667 0.50000 0 0
0.66667 -0.66667 0.50000 0 0
0.33333 -0.33333 1.00000 0 0

6
5.40864
4
0.66667 0.33333 0.50000 0 0
0.66667 -0.66667 0.50000 0 0
1.66667 0.33333 0.50000 0 0
1.33333 -0.33333 0.00000 0 0

6
5.40864
4
0.66667 0.33333 0.50000 0 0
1.66667 0.33333 0.50000 0 0
0.33333 -0.33333 0.00000 0 0
1.33333 -0.33333 0.00000 0 0

12
5.40864
4
0.66667 0.33333 0.50000 0 0
0.66667 -0.66667 0.50000 0 0
0.33333 -0.33333 0.00000 0 0
1.33333 -0.33333 0.00000 0 0

6
5.40864
4
0.66667 0.33333 0.50000 0 0
0.66667 -0.66667 0.50000 0 0
1.66667 0.33333 0.50000 0 0
1.33333 -0.33333 1.00000 0 0

