4
0.86603
2
1.00000 1.00000 1.00000 0 0
0.50000 0.50000 1.50000 0 0

4
0.86603
2
0.50000 0.50000 0.50000 0 0
1.00000 0.00000 0.00000 0 0

6
1.00000
2
0.50000 0.50000 0.50000 0 0
0.50000 0.50000 -0.50000 0 0

12
1.41421
2
0.50000 0.50000 0.50000 0 0
-0.50000 1.50000 0.50000 0 0

12
1.65831
2
0.50000 0.50000 0.50000 0 0
2.00000 0.00000 0.00000 0 0

12
1.65831
2
0.50000 0.50000 0.50000 0 0
-0.00000 -1.00000 0.00000 0 0

8
1.73205
2
0.50000 0.50000 0.50000 0 0
-0.50000 -0.50000 -0.50000 0 0

6
2.00000
2
0.50000 0.50000 0.50000 0 0
0.50000 0.50000 -1.50000 0 0

24
1.00000
3
0.50000 0.50000 0.50000 0 0
1.00000 1.00000 0.00000 0 0
0.50000 0.50000 -0.50000 0 0

12
1.41421
3
0.50000 0.50000 0.50000 0 0
-0.00000 1.00000 0.00000 0 0
-0.50000 1.50000 0.50000 0 0

12
1.41421
3
0.50000 0.50000 0.50000 0 0
-0.00000 1.00000 1.00000 0 0
-0.50000 1.50000 0.50000 0 0

24
1.41421
3
0.50000 0.50000 0.50000 0 0
-0.50000 0.50000 0.50000 0 0
-0.50000 1.50000 0.50000 0 0

8
1.41421
3
0.50000 0.50000 0.50000 0 0
-0.50000 0.50000 1.50000 0 0
-0.50000 1.50000 0.50000 0 0

8
1.41421
3
0.50000 0.50000 0.50000 0 0
-0.50000 0.50000 -0.50000 0 0
-0.50000 1.50000 0.50000 0 0

12
1.00000
4
0.50000 0.50000 0.50000 0 0
1.00000 0.00000 0.00000 0 0
1.00000 1.00000 0.00000 0 0
0.50000 0.50000 -0.50000 0 0

12
1.41421
4
0.50000 0.50000 0.50000 0 0
-0.00000 1.00000 1.00000 0 0
-0.00000 1.00000 0.00000 0 0
-0.50000 1.50000 0.50000 0 0

24
1.41421
4
0.50000 0.50000 0.50000 0 0
-0.00000 1.00000 0.00000 0 0
-0.50000 0.50000 0.50000 0 0
-0.50000 1.50000 0.50000 0 0

24
1.41421
4
0.50000 0.50000 0.50000 0 0
-0.00000 1.00000 1.00000 0 0
-0.50000 0.50000 0.50000 0 0
-0.50000 1.50000 0.50000 0 0

6
1.41421
4
0.50000 0.50000 0.50000 0 0
0.50000 1.50000 0.50000 0 0
-0.50000 0.50000 0.50000 0 0
-0.50000 1.50000 0.50000 0 0

8
1.41421
4
0.50000 0.50000 0.50000 0 0
-0.00000 1.00000 1.00000 0 0
-0.50000 0.50000 1.50000 0 0
-0.50000 1.50000 0.50000 0 0

8
1.41421
4
0.50000 0.50000 0.50000 0 0
-0.50000 0.50000 0.50000 0 0
-0.50000 0.50000 1.50000 0 0
-0.50000 1.50000 0.50000 0 0

2
1.41421
4
0.50000 0.50000 0.50000 0 0
0.50000 1.50000 1.50000 0 0
-0.50000 0.50000 1.50000 0 0
-0.50000 1.50000 0.50000 0 0

8
1.41421
4
0.50000 0.50000 0.50000 0 0
-0.00000 1.00000 0.00000 0 0
-0.50000 0.50000 -0.50000 0 0
-0.50000 1.50000 0.50000 0 0

8
1.41421
4
0.50000 0.50000 0.50000 0 0
-0.50000 0.50000 0.50000 0 0
-0.50000 0.50000 -0.50000 0 0
-0.50000 1.50000 0.50000 0 0

2
1.41421
4
0.50000 0.50000 0.50000 0 0
0.50000 1.50000 -0.50000 0 0
-0.50000 0.50000 -0.50000 0 0
-0.50000 1.50000 0.50000 0 0

