4
0.41614
2
0.87987 0.37987 0.12013 0 0
1.12013 0.62013 -0.12013 0 0

24
0.56344
2
0.37987 0.37987 0.37987 0 0
0.37987 0.12013 -0.12013 0 0

24
0.61253
2
0.12013 0.87987 0.37987 0 0
0.37987 1.12013 -0.12013 0 0

12
0.83226
2
0.62013 0.87987 0.12013 0 0
1.37987 1.12013 -0.12013 0 0

24
0.89330
2
0.87987 0.12013 0.62013 0 0
1.37987 0.12013 -0.12013 0 0

24
0.92505
2
0.87987 0.37987 0.12013 0 0
1.37987 1.12013 -0.12013 0 0

24
0.94587
2
0.62013 0.87987 0.12013 0 0
1.37987 1.37987 0.37987 0 0

24
1.00000
2
0.37987 0.12013 0.87987 0 0
1.37987 0.12013 0.87987 0 0

12
1.10097
2
0.62013 0.62013 0.62013 0 0
1.37987 1.37987 0.37987 0 0

24
1.14781
2
0.37987 0.12013 0.87987 0 0
1.37987 0.37987 1.37987 0 0

24
1.14781
2
0.37987 0.12013 0.87987 0 0
-0.62013 0.37987 1.37987 0 0

24
1.17268
2
0.87987 0.37987 0.12013 0 0
1.62013 -0.37987 -0.37987 0 0

12
1.28596
2
0.62013 0.87987 0.12013 0 0
-0.62013 1.12013 -0.12013 0 0

24
0.61253
3
0.12013 0.87987 0.37987 0 0
0.37987 1.37987 0.37987 0 0
0.37987 1.12013 -0.12013 0 0

24
0.61253
3
0.12013 0.87987 0.37987 0 0
0.12013 0.62013 -0.12013 0 0
0.37987 1.12013 -0.12013 0 0

8
0.61253
3
0.12013 0.87987 0.37987 0 0
-0.12013 1.37987 0.12013 0 0
0.37987 1.12013 -0.12013 0 0

24
0.61253
3
0.12013 0.87987 0.37987 0 0
-0.12013 1.12013 0.62013 0 0
-0.12013 1.37987 0.12013 0 0

24
0.83226
3
0.62013 0.87987 0.12013 0 0
1.12013 0.87987 0.37987 0 0
1.37987 1.12013 -0.12013 0 0

24
0.83226
3
0.62013 0.87987 0.12013 0 0
0.87987 1.37987 0.12013 0 0
1.37987 1.12013 -0.12013 0 0

24
0.89330
3
0.87987 0.12013 0.62013 0 0
1.12013 -0.12013 0.37987 0 0
1.37987 0.12013 -0.12013 0 0

24
0.89330
3
0.87987 0.12013 0.62013 0 0
0.87987 0.37987 0.12013 0 0
1.37987 0.12013 -0.12013 0 0

24
0.89330
3
0.87987 0.12013 0.62013 0 0
0.62013 -0.12013 0.12013 0 0
1.37987 0.12013 -0.12013 0 0

24
0.89330
3
0.12013 0.87987 0.37987 0 0
0.37987 1.37987 0.37987 0 0
0.12013 1.62013 -0.12013 0 0

8
0.61253
4
0.12013 0.87987 0.37987 0 0
0.37987 1.37987 0.37987 0 0
-0.12013 1.37987 0.12013 0 0
0.37987 1.12013 -0.12013 0 0

24
0.61253
4
0.12013 0.87987 0.37987 0 0
-0.12013 1.12013 0.62013 0 0
0.37987 1.37987 0.37987 0 0
-0.12013 1.37987 0.12013 0 0

24
0.83226
4
0.62013 0.87987 0.12013 0 0
0.87987 1.37987 0.12013 0 0
1.12013 0.87987 0.37987 0 0
1.37987 1.12013 -0.12013 0 0

12
0.83226
4
0.62013 0.87987 0.12013 0 0
1.12013 0.87987 0.37987 0 0
0.87987 1.12013 -0.37987 0 0
1.37987 1.12013 -0.12013 0 0

24
0.83226
4
0.62013 0.87987 0.12013 0 0
0.87987 1.37987 0.12013 0 0
0.87987 1.12013 -0.37987 0 0
1.37987 1.12013 -0.12013 0 0

