6
0.70711
2
0.33333 0.66667 0.25000 0 0
0.00000 1.00000 0.00000 0 0

3
1.00000
2
0.33333 0.66667 0.25000 0 0
-0.33333 0.33333 0.75000 0 0

3
1.00000
2
0.66667 0.33333 0.75000 0 0
0.33333 -0.33333 1.25000 0 0

6
1.00000
2
0.66667 0.33333 0.75000 0 0
0.66667 1.33333 0.75000 0 0

3
1.00000
2
1.00000 1.00000 1.00000 0 0
1.00000 0.00000 1.00000 0 0

6
1.22474
2
0.33333 0.66667 0.25000 0 0
-1.00000 0.00000 0.00000 0 0

6
1.35400
2
0.66667 0.33333 0.75000 0 0
1.00000 0.00000 0.00000 0 0

3
1.41421
2
0.66667 0.33333 0.75000 0 0
1.33333 -0.33333 1.25000 0 0

3
1.41421
2
0.66667 0.33333 0.75000 0 0
1.33333 -0.33333 0.25000 0 0

6
1.00000
3
0.33333 0.66667 0.25000 0 0
0.66667 1.33333 0.75000 0 0
-0.33333 0.33333 0.75000 0 0

6
1.00000
3
0.66667 0.33333 0.75000 0 0
1.00000 0.00000 1.00000 0 0
0.33333 -0.33333 1.25000 0 0

6
1.00000
3
0.66667 0.33333 0.75000 0 0
1.33333 0.66667 1.25000 0 0
0.33333 -0.33333 1.25000 0 0

6
1.00000
3
0.66667 0.33333 0.75000 0 0
1.00000 1.00000 1.00000 0 0
0.66667 1.33333 0.75000 0 0

2
1.00000
3
0.66667 0.33333 0.75000 0 0
1.66667 1.33333 0.75000 0 0
0.66667 1.33333 0.75000 0 0

2
1.00000
3
0.66667 0.33333 0.75000 0 0
-0.33333 0.33333 0.75000 0 0
0.66667 1.33333 0.75000 0 0

6
1.00000
3
1.00000 1.00000 1.00000 0 0
1.33333 0.66667 1.25000 0 0
1.00000 0.00000 1.00000 0 0

2
1.00000
3
1.00000 1.00000 1.00000 0 0
2.00000 1.00000 1.00000 0 0
1.00000 0.00000 1.00000 0 0

12
1.22474
3
0.33333 0.66667 0.25000 0 0
0.00000 1.00000 0.00000 0 0
-1.00000 0.00000 0.00000 0 0

12
1.22474
3
1.00000 1.00000 1.00000 0 0
1.33333 0.66667 1.25000 0 0
2.33333 1.66667 1.25000 0 0

6
1.22474
3
1.00000 1.00000 1.00000 0 0
1.66667 1.33333 0.75000 0 0
2.33333 1.66667 1.25000 0 0

2
1.00000
4
0.33333 0.66667 0.25000 0 0
0.66667 0.33333 0.75000 0 0
0.66667 1.33333 0.75000 0 0
-0.33333 0.33333 0.75000 0 0

3
1.00000
4
0.66667 0.33333 0.75000 0 0
0.00000 0.00000 1.00000 0 0
1.00000 0.00000 1.00000 0 0
0.33333 -0.33333 1.25000 0 0

6
1.00000
4
0.66667 0.33333 0.75000 0 0
1.00000 0.00000 1.00000 0 0
1.33333 0.66667 1.25000 0 0
0.33333 -0.33333 1.25000 0 0

2
1.00000
4
0.66667 0.33333 0.75000 0 0
0.33333 0.66667 1.25000 0 0
1.33333 0.66667 1.25000 0 0
0.33333 -0.33333 1.25000 0 0

2
1.00000
4
0.66667 0.33333 0.75000 0 0
1.00000 1.00000 1.00000 0 0
1.66667 1.33333 0.75000 0 0
0.66667 1.33333 0.75000 0 0

2
1.00000
4
1.00000 1.00000 1.00000 0 0
1.33333 0.66667 1.25000 0 0
2.00000 1.00000 1.00000 0 0
1.00000 0.00000 1.00000 0 0

6
1.22474
4
0.33333 0.66667 0.25000 0 0
0.00000 0.00000 0.00000 0 0
0.00000 1.00000 0.00000 0 0
-1.00000 0.00000 0.00000 0 0

12
1.22474
4
0.33333 0.66667 0.25000 0 0
0.00000 1.00000 0.00000 0 0
-0.33333 0.33333 -0.25000 0 0
-1.00000 0.00000 0.00000 0 0

12
1.22474
4
0.33333 0.66667 0.25000 0 0
0.00000 1.00000 0.00000 0 0
-0.66667 0.66667 0.25000 0 0
-1.00000 0.00000 0.00000 0 0

6
1.22474
4
0.33333 0.66667 0.25000 0 0
0.00000 0.00000 0.00000 0 0
-0.66667 0.66667 0.25000 0 0
-1.00000 0.00000 0.00000 0 0

12
1.22474
4
1.00000 1.00000 1.00000 0 0
1.66667 1.33333 0.75000 0 0
1.33333 0.66667 1.25000 0 0
2.33333 1.66667 1.25000 0 0

6
1.22474
4
1.00000 1.00000 1.00000 0 0
1.33333 1.66667 1.25000 0 0
1.33333 0.66667 1.25000 0 0
2.33333 1.66667 1.25000 0 0

