4
0.86603
2
1.50000 0.50000 0.50000 1 0
1.00000 -0.00000 1.00000 1 0

8
0.86603
2
1.50000 0.50000 0.50000 1 1
1.00000 -0.00000 1.00000 1 0

4
0.86603
2
1.50000 0.50000 0.50000 1 1
1.00000 -0.00000 1.00000 1 1

3
1.00000
2
1.50000 0.50000 0.50000 1 0
0.50000 0.50000 0.50000 1 0

6
1.00000
2
1.50000 0.50000 0.50000 1 1
0.50000 0.50000 0.50000 1 0

3
1.00000
2
1.50000 0.50000 0.50000 1 1
0.50000 0.50000 0.50000 1 1

6
1.41421
2
1.50000 0.50000 0.50000 1 0
0.50000 0.50000 1.50000 1 0

12
1.41421
2
1.50000 0.50000 0.50000 1 1
0.50000 0.50000 1.50000 1 0

6
1.41421
2
1.50000 0.50000 0.50000 1 1
0.50000 0.50000 1.50000 1 1

12
1.65831
2
1.50000 0.50000 0.50000 1 0
-0.00000 1.00000 1.00000 1 0

24
1.65831
2
1.50000 0.50000 0.50000 1 1
-0.00000 1.00000 1.00000 1 0

12
1.65831
2
1.50000 0.50000 0.50000 1 1
-0.00000 1.00000 1.00000 1 1

12
1.00000
3
1.50000 0.50000 0.50000 1 0
1.00000 1.00000 1.00000 1 0
0.50000 0.50000 0.50000 1 0

24
1.00000
3
1.50000 0.50000 0.50000 1 1
1.00000 1.00000 1.00000 1 0
0.50000 0.50000 0.50000 1 0

12
1.00000
3
1.50000 0.50000 0.50000 1 0
1.00000 1.00000 1.00000 1 1
0.50000 0.50000 0.50000 1 0

24
1.00000
3
1.50000 0.50000 0.50000 1 1
1.00000 1.00000 1.00000 1 1
0.50000 0.50000 0.50000 1 0

12
1.00000
3
1.50000 0.50000 0.50000 1 1
1.00000 1.00000 1.00000 1 0
0.50000 0.50000 0.50000 1 1

12
1.00000
3
1.50000 0.50000 0.50000 1 1
1.00000 1.00000 1.00000 1 1
0.50000 0.50000 0.50000 1 1

12
1.41421
3
1.50000 0.50000 0.50000 1 0
1.00000 1.00000 1.00000 1 0
0.50000 0.50000 1.50000 1 0

24
1.41421
3
1.50000 0.50000 0.50000 1 1
1.00000 1.00000 1.00000 1 0
0.50000 0.50000 1.50000 1 0

12
1.41421
3
1.50000 0.50000 0.50000 1 0
1.00000 1.00000 1.00000 1 1
0.50000 0.50000 1.50000 1 0

24
1.41421
3
1.50000 0.50000 0.50000 1 1
1.00000 1.00000 1.00000 1 1
0.50000 0.50000 1.50000 1 0

12
1.41421
3
1.50000 0.50000 0.50000 1 1
1.00000 1.00000 1.00000 1 0
0.50000 0.50000 1.50000 1 1

12
1.41421
3
1.50000 0.50000 0.50000 1 1
1.00000 1.00000 1.00000 1 1
0.50000 0.50000 1.50000 1 1

12
1.41421
3
1.50000 0.50000 0.50000 1 0
0.50000 0.50000 0.50000 1 0
0.50000 0.50000 1.50000 1 0

24
1.41421
3
1.50000 0.50000 0.50000 1 1
0.50000 0.50000 0.50000 1 0
0.50000 0.50000 1.50000 1 0

12
1.41421
3
1.50000 0.50000 0.50000 1 0
0.50000 0.50000 0.50000 1 1
0.50000 0.50000 1.50000 1 0

24
1.41421
3
1.50000 0.50000 0.50000 1 1
0.50000 0.50000 0.50000 1 1
0.50000 0.50000 1.50000 1 0

12
1.41421
3
1.50000 0.50000 0.50000 1 1
0.50000 0.50000 0.50000 1 0
0.50000 0.50000 1.50000 1 1

12
1.41421
3
1.50000 0.50000 0.50000 1 1
0.50000 0.50000 0.50000 1 1
0.50000 0.50000 1.50000 1 1

8
1.41421
3
1.50000 0.50000 0.50000 1 0
1.50000 -0.50000 1.50000 1 0
0.50000 0.50000 1.50000 1 0

24
1.41421
3
1.50000 0.50000 0.50000 1 1
1.50000 -0.50000 1.50000 1 0
0.50000 0.50000 1.50000 1 0

24
1.41421
3
1.50000 0.50000 0.50000 1 1
1.50000 -0.50000 1.50000 1 1
0.50000 0.50000 1.50000 1 0

8
1.41421
3
1.50000 0.50000 0.50000 1 1
1.50000 -0.50000 1.50000 1 1
0.50000 0.50000 1.50000 1 1

6
1.00000
4
1.50000 0.50000 0.50000 1 0
1.00000 -0.00000 1.00000 1 0
1.00000 1.00000 1.00000 1 0
0.50000 0.50000 0.50000 1 0

24
1.00000
4
1.50000 0.50000 0.50000 1 1
1.00000 -0.00000 1.00000 1 0
1.00000 1.00000 1.00000 1 0
0.50000 0.50000 0.50000 1 0

24
1.00000
4
1.50000 0.50000 0.50000 1 1
1.00000 -0.00000 1.00000 1 1
1.00000 1.00000 1.00000 1 0
0.50000 0.50000 0.50000 1 0

12
1.00000
4
1.50000 0.50000 0.50000 1 0
1.00000 -0.00000 1.00000 1 1
1.00000 1.00000 1.00000 1 1
0.50000 0.50000 0.50000 1 0

24
1.00000
4
1.50000 0.50000 0.50000 1 1
1.00000 -0.00000 1.00000 1 1
1.00000 1.00000 1.00000 1 1
0.50000 0.50000 0.50000 1 0

6
1.00000
4
1.50000 0.50000 0.50000 1 1
1.00000 -0.00000 1.00000 1 1
1.00000 1.00000 1.00000 1 1
0.50000 0.50000 0.50000 1 1

