0.333333 0.000000 0.010583 ? u
0.666667 0.000000 -0.005158 ? u
0.250000 0.000000 0.007859 ? u
0.500000 0.000000 0.013487 ? u
0.750000 0.000000 0.008574 ? u
0.250000 0.000000 -0.002915 ? u
0.500000 0.000000 -0.008062 ? u
0.750000 0.000000 -0.002201 ? u
0.250000 0.000000 -0.001069 ? u
0.750000 0.000000 -0.000355 ? u
0.250000 0.000000 0.002148 ? u
0.500000 0.000000 0.002066 ? u
0.750000 0.000000 0.002863 ? u
0.250000 0.000000 -0.000746 ? u
0.500000 0.000000 0.006137 ? u
0.750000 0.000000 -0.000031 ? u
0.250000 0.000000 0.003861 ? u
0.750000 0.000000 0.004575 ? u
0.200000 0.000000 0.006225 ? u
0.400000 0.000000 0.008546 ? u
0.400000 0.000000 0.010727 ? u
0.600000 0.000000 0.008832 ? u
0.600000 0.000000 0.011013 ? u
0.800000 0.000000 0.007082 ? u
0.200000 0.000000 -0.004682 ? u
0.400000 0.000000 -0.008946 ? u
0.400000 0.000000 -0.004501 ? u
0.600000 0.000000 -0.008660 ? u
0.600000 0.000000 -0.004215 ? u
0.800000 0.000000 -0.003824 ? u
0.200000 0.000000 -0.000659 ? u
0.400000 0.000000 -0.009073 ? u
0.400000 0.000000 0.007694 ? u
0.600000 0.000000 -0.008787 ? u
0.600000 0.000000 0.007979 ? u
0.800000 0.000000 0.000198 ? u
0.200000 0.000000 0.002368 ? u
0.400000 0.000000 -0.000186 ? u
0.400000 0.000000 0.007888 ? u
0.600000 0.000000 0.000100 ? u
0.600000 0.000000 0.008174 ? u
0.800000 0.000000 0.003225 ? u
0.200000 0.000000 -0.001025 ? u
0.400000 0.000000 -0.001238 ? u
0.600000 0.000000 -0.000952 ? u
0.800000 0.000000 -0.000167 ? u
