4
0.51827
2
0.50000 0.00000 0.25000 1 0
0.50000 0.50000 0.00000 1 0

8
0.51827
2
0.50000 0.00000 0.25000 1 1
0.50000 0.50000 0.00000 1 0

4
0.51827
2
0.50000 0.00000 0.25000 1 1
0.50000 0.50000 0.00000 1 1

2
0.54560
2
0.50000 0.50000 0.00000 1 0
0.50000 0.50000 -1.00000 1 0

4
0.54560
2
0.50000 0.50000 0.00000 1 1
0.50000 0.50000 -1.00000 1 0

2
0.54560
2
0.50000 0.50000 0.00000 1 1
0.50000 0.50000 -1.00000 1 1

4
0.64610
2
0.50000 0.00000 0.25000 1 0
0.50000 -0.50000 1.00000 1 0

8
0.64610
2
0.50000 0.00000 0.25000 1 1
0.50000 -0.50000 1.00000 1 0

4
0.64610
2
0.50000 0.00000 0.25000 1 1
0.50000 -0.50000 1.00000 1 1

8
0.75790
2
0.50000 0.00000 0.25000 1 0
1.00000 0.50000 -0.25000 1 0

16
0.75790
2
0.50000 0.00000 0.25000 1 1
1.00000 0.50000 -0.25000 1 0

8
0.75790
2
0.50000 0.00000 0.25000 1 1
1.00000 0.50000 -0.25000 1 1

4
0.84565
2
0.50000 0.00000 0.25000 1 0
-0.00000 -0.00000 1.50000 1 0

8
0.84565
2
0.50000 0.00000 0.25000 1 1
-0.00000 -0.00000 1.50000 1 0

4
0.84565
2
0.50000 0.00000 0.25000 1 1
-0.00000 -0.00000 1.50000 1 1

8
0.64610
3
0.50000 0.00000 0.25000 1 0
0.50000 -0.50000 0.00000 1 0
0.50000 -0.50000 1.00000 1 0

8
0.64610
3
0.50000 0.00000 0.25000 1 1
0.50000 -0.50000 0.00000 1 0
0.50000 -0.50000 1.00000 1 0

8
0.64610
3
0.50000 0.00000 0.25000 1 0
0.50000 -0.50000 0.00000 1 1
0.50000 -0.50000 1.00000 1 0

8
0.64610
3
0.50000 0.00000 0.25000 1 1
0.50000 -0.50000 0.00000 1 1
0.50000 -0.50000 1.00000 1 0

8
0.64610
3
0.50000 0.00000 0.25000 1 0
0.50000 -0.50000 0.00000 1 0
0.50000 -0.50000 1.00000 1 1

8
0.64610
3
0.50000 0.00000 0.25000 1 1
0.50000 -0.50000 0.00000 1 0
0.50000 -0.50000 1.00000 1 1

8
0.64610
3
0.50000 0.00000 0.25000 1 0
0.50000 -0.50000 0.00000 1 1
0.50000 -0.50000 1.00000 1 1

8
0.64610
3
0.50000 0.00000 0.25000 1 1
0.50000 -0.50000 0.00000 1 1
0.50000 -0.50000 1.00000 1 1

8
0.75790
3
0.50000 0.00000 0.25000 1 0
0.50000 0.50000 0.00000 1 0
1.00000 0.50000 -0.25000 1 0

16
0.75790
3
0.50000 0.00000 0.25000 1 1
0.50000 0.50000 0.00000 1 0
1.00000 0.50000 -0.25000 1 0

8
0.75790
3
0.50000 0.00000 0.25000 1 0
0.50000 0.50000 0.00000 1 1
1.00000 0.50000 -0.25000 1 0

16
0.75790
3
0.50000 0.00000 0.25000 1 1
0.50000 0.50000 0.00000 1 1
1.00000 0.50000 -0.25000 1 0

8
0.75790
3
0.50000 0.00000 0.25000 1 1
0.50000 0.50000 0.00000 1 0
1.00000 0.50000 -0.25000 1 1

8
0.75790
3
0.50000 0.00000 0.25000 1 1
0.50000 0.50000 0.00000 1 1
1.00000 0.50000 -0.25000 1 1

16
0.75790
3
0.50000 0.00000 0.25000 1 0
1.00000 -0.00000 0.50000 1 0
1.00000 0.50000 -0.25000 1 0

16
0.75790
3
0.50000 0.00000 0.25000 1 1
1.00000 -0.00000 0.50000 1 0
1.00000 0.50000 -0.25000 1 0

16
0.75790
3
0.50000 0.00000 0.25000 1 0
1.00000 -0.00000 0.50000 1 1
1.00000 0.50000 -0.25000 1 0

16
0.75790
3
0.50000 0.00000 0.25000 1 1
1.00000 -0.00000 0.50000 1 1
1.00000 0.50000 -0.25000 1 0

16
0.75790
3
0.50000 0.00000 0.25000 1 0
1.00000 -0.00000 0.50000 1 0
1.00000 0.50000 -0.25000 1 1

16
0.75790
3
0.50000 0.00000 0.25000 1 1
1.00000 -0.00000 0.50000 1 0
1.00000 0.50000 -0.25000 1 1

16
0.75790
3
0.50000 0.00000 0.25000 1 0
1.00000 -0.00000 0.50000 1 1
1.00000 0.50000 -0.25000 1 1

16
0.75790
3
0.50000 0.00000 0.25000 1 1
1.00000 -0.00000 0.50000 1 1
1.00000 0.50000 -0.25000 1 1

8
0.75790
3
0.50000 0.00000 0.25000 1 0
0.50000 0.00000 -0.75000 1 0
1.00000 0.50000 -0.25000 1 0

16
0.75790
3
0.50000 0.00000 0.25000 1 1
0.50000 0.00000 -0.75000 1 0
1.00000 0.50000 -0.25000 1 0

8
0.75790
3
0.50000 0.00000 0.25000 1 1
0.50000 0.00000 -0.75000 1 1
1.00000 0.50000 -0.25000 1 0

8
0.75790
3
0.50000 0.00000 0.25000 1 0
0.50000 0.00000 -0.75000 1 0
1.00000 0.50000 -0.25000 1 1

16
0.75790
3
0.50000 0.00000 0.25000 1 1
0.50000 0.00000 -0.75000 1 0
1.00000 0.50000 -0.25000 1 1

8
0.75790
3
0.50000 0.00000 0.25000 1 1
0.50000 0.00000 -0.75000 1 1
1.00000 0.50000 -0.25000 1 1

