6
0.77505
2
0.41100 0.58900 0.22200 0 0
0.58900 0.41100 0.22200 0 0

12
0.82295
2
0.08900 0.27800 0.08900 0 0
0.27800 0.08900 0.08900 0 0

24
1.38412
2
0.41100 -0.22200 0.41100 0 0
0.77800 -0.41100 0.58900 0 0

24
1.43786
2
0.08900 0.27800 0.08900 0 0
0.41100 0.58900 0.22200 0 0

12
1.47280
2
0.58900 0.41100 0.22200 0 0
0.41100 0.41100 -0.22200 0 0

12
1.59800
2
0.27800 0.08900 0.08900 0 0
-0.08900 0.08900 -0.27800 0 0

24
1.64477
2
0.58900 0.22200 0.41100 0 0
0.08900 0.08900 0.27800 0 0

12
1.79746
2
0.22200 0.58900 0.41100 0 0
0.77800 0.58900 0.58900 0 0

24
1.83916
2
0.41100 0.22200 0.58900 0 0
0.08900 0.27800 1.08900 0 0

4
0.82295
3
0.08900 0.27800 0.08900 0 0
0.08900 0.08900 0.27800 0 0
0.27800 0.08900 0.08900 0 0

24
1.38412
3
0.41100 -0.22200 0.41100 0 0
0.58900 -0.22200 0.58900 0 0
0.77800 -0.41100 0.58900 0 0

8
1.38412
3
0.41100 -0.22200 0.41100 0 0
0.58900 -0.58900 0.22200 0 0
0.77800 -0.41100 0.58900 0 0

12
1.38412
3
0.58900 0.22200 0.41100 0 0
0.77800 0.41100 0.41100 0 0
0.41100 0.58900 0.22200 0 0

12
1.43786
3
0.41100 0.58900 0.22200 0 0
0.22200 0.58900 0.41100 0 0
0.08900 0.27800 0.08900 0 0

12
1.47280
3
0.58900 0.41100 0.22200 0 0
0.41100 0.58900 0.22200 0 0
0.41100 0.41100 -0.22200 0 0

24
1.47280
3
0.58900 0.41100 0.22200 0 0
0.27800 0.08900 0.08900 0 0
0.41100 0.41100 -0.22200 0 0

24
1.59800
3
0.27800 0.08900 0.08900 0 0
0.27800 -0.08900 -0.08900 0 0
-0.08900 0.08900 -0.27800 0 0

24
1.59800
3
0.27800 0.08900 0.08900 0 0
0.08900 0.27800 0.08900 0 0
-0.08900 0.08900 -0.27800 0 0

12
1.59800
3
0.27800 0.08900 0.08900 0 0
0.08900 -0.27800 -0.08900 0 0
-0.08900 0.08900 -0.27800 0 0

4
1.59800
3
0.27800 0.08900 0.08900 0 0
-0.08900 -0.27800 0.08900 0 0
-0.08900 0.08900 -0.27800 0 0

24
1.64477
3
0.58900 0.22200 0.41100 0 0
0.41100 0.22200 0.58900 0 0
0.08900 0.08900 0.27800 0 0

24
1.64477
3
0.58900 0.22200 0.41100 0 0
0.22200 0.41100 0.58900 0 0
0.08900 0.08900 0.27800 0 0

12
1.64477
3
0.58900 0.22200 0.41100 0 0
0.22200 0.58900 0.41100 0 0
0.08900 0.08900 0.27800 0 0

24
1.64477
3
0.08900 0.27800 0.08900 0 0
0.27800 0.08900 0.08900 0 0
0.58900 0.41100 0.22200 0 0

24
1.64477
3
0.08900 0.27800 0.08900 0 0
0.41100 0.41100 -0.22200 0 0
0.58900 0.41100 0.22200 0 0

12
1.38412
4
0.41100 -0.22200 0.41100 0 0
0.58900 -0.22200 0.58900 0 0
0.58900 -0.41100 0.77800 0 0
0.77800 -0.41100 0.58900 0 0

6
1.47280
4
0.58900 0.41100 0.22200 0 0
0.72200 0.08900 -0.08900 0 0
0.27800 0.08900 0.08900 0 0
0.41100 0.41100 -0.22200 0 0

3
1.47280
4
0.58900 0.41100 0.22200 0 0
0.41100 0.58900 0.22200 0 0
0.58900 0.58900 -0.22200 0 0
0.41100 0.41100 -0.22200 0 0

24
1.59800
4
0.27800 0.08900 0.08900 0 0
0.27800 -0.08900 -0.08900 0 0
0.08900 0.27800 0.08900 0 0
-0.08900 0.08900 -0.27800 0 0

12
1.59800
4
0.27800 0.08900 0.08900 0 0
0.27800 -0.08900 -0.08900 0 0
-0.08900 0.27800 -0.08900 0 0
-0.08900 0.08900 -0.27800 0 0

24
1.59800
4
0.27800 0.08900 0.08900 0 0
0.27800 -0.08900 -0.08900 0 0
0.08900 -0.27800 -0.08900 0 0
-0.08900 0.08900 -0.27800 0 0

12
1.59800
4
0.27800 0.08900 0.08900 0 0
0.27800 -0.08900 -0.08900 0 0
0.08900 -0.08900 -0.27800 0 0
-0.08900 0.08900 -0.27800 0 0

12
1.59800
4
0.27800 0.08900 0.08900 0 0
0.27800 -0.08900 -0.08900 0 0
-0.08900 -0.27800 0.08900 0 0
-0.08900 0.08900 -0.27800 0 0

24
1.64477
4
0.58900 0.22200 0.41100 0 0
0.41100 0.22200 0.58900 0 0
0.22200 0.41100 0.58900 0 0
0.08900 0.08900 0.27800 0 0

12
1.64477
4
0.58900 0.22200 0.41100 0 0
0.41100 0.22200 0.58900 0 0
0.27800 0.08900 0.08900 0 0
0.08900 0.08900 0.27800 0 0

24
1.64477
4
0.58900 0.22200 0.41100 0 0
0.41100 0.22200 0.58900 0 0
0.41100 -0.22200 0.41100 0 0
0.08900 0.08900 0.27800 0 0

24
1.64477
4
0.58900 0.22200 0.41100 0 0
0.41100 0.22200 0.58900 0 0
0.22200 0.58900 0.41100 0 0
0.08900 0.08900 0.27800 0 0

24
1.64477
4
0.08900 0.27800 0.08900 0 0
0.27800 0.08900 0.08900 0 0
0.41100 0.41100 -0.22200 0 0
0.58900 0.41100 0.22200 0 0

