24
0.92338
2
0.35600 0.04200 0.35600 0 0
0.14400 0.14400 0.54200 0 0

12
0.92367
2
0.14400 0.54200 0.14400 0 0
0.14400 0.45800 -0.14400 0 0

6
1.25402
2
0.35600 0.64400 -0.04200 0 0
0.64400 0.35600 -0.04200 0 0

12
1.36723
2
-0.04200 0.35600 0.64400 0 0
-0.35600 0.35600 0.95800 0 0

24
1.60224
2
-0.04200 0.35600 0.64400 0 0
-0.14400 0.85600 0.54200 0 0

12
1.73298
2
0.14400 0.54200 0.14400 0 0
0.54200 0.14400 0.14400 0 0

24
1.73949
2
0.14400 0.54200 0.14400 0 0
-0.04200 0.35600 -0.35600 0 0

12
1.79500
2
0.14400 0.54200 0.14400 0 0
0.35600 0.04200 0.35600 0 0

24
1.79514
2
0.54200 0.14400 0.14400 0 0
0.14400 0.45800 -0.14400 0 0

24
0.92338
3
0.14400 0.54200 0.14400 0 0
0.35600 0.64400 -0.04200 0 0
0.35600 0.35600 0.04200 0 0

12
1.25402
3
0.35600 0.64400 -0.04200 0 0
0.35600 0.35600 0.04200 0 0
0.64400 0.35600 -0.04200 0 0

12
1.36723
3
-0.04200 0.35600 0.64400 0 0
-0.14400 0.54200 0.85600 0 0
-0.35600 0.35600 0.95800 0 0

4
1.36723
3
-0.04200 0.35600 0.64400 0 0
-0.35600 0.04200 0.64400 0 0
-0.35600 0.35600 0.95800 0 0

24
1.60224
3
-0.04200 0.35600 0.64400 0 0
-0.14400 0.54200 0.85600 0 0
-0.14400 0.85600 0.54200 0 0

24
1.60224
3
-0.04200 0.35600 0.64400 0 0
0.04200 0.64400 0.64400 0 0
-0.14400 0.85600 0.54200 0 0

24
1.60224
3
0.35600 -0.04200 0.64400 0 0
0.14400 0.14400 0.54200 0 0
-0.14400 -0.14400 0.54200 0 0

6
0.92338
4
0.14400 0.54200 0.14400 0 0
0.14400 0.45800 -0.14400 0 0
0.35600 0.64400 -0.04200 0 0
0.35600 0.35600 0.04200 0 0

3
1.25402
4
0.35600 0.64400 -0.04200 0 0
0.64400 0.64400 0.04200 0 0
0.35600 0.35600 0.04200 0 0
0.64400 0.35600 -0.04200 0 0

24
1.60224
4
-0.04200 0.35600 0.64400 0 0
0.04200 0.64400 0.64400 0 0
-0.14400 0.54200 0.85600 0 0
-0.14400 0.85600 0.54200 0 0

12
1.60224
4
-0.04200 0.35600 0.64400 0 0
-0.14400 0.54200 0.85600 0 0
-0.04200 0.64400 0.35600 0 0
-0.14400 0.85600 0.54200 0 0

24
1.60224
4
-0.04200 0.35600 0.64400 0 0
0.04200 0.64400 0.64400 0 0
-0.04200 0.64400 0.35600 0 0
-0.14400 0.85600 0.54200 0 0

