3.078900 0.000000 0.000000
0.000000 3.078900 0.000000
0.000000 0.000000 3.078900
-0.500000 0.500000 0.500000
0.500000 -0.500000 0.500000
0.500000 0.500000 -0.500000

0.356000 0.356000 0.042000 g2_A=0.500000,g2_B=0.500000
-0.356000 -0.356000 0.042000 g2_A=0.500000,g2_B=0.500000
-0.356000 0.356000 -0.042000 g2_A=0.500000,g2_B=0.500000
0.356000 -0.356000 -0.042000 g2_A=0.500000,g2_B=0.500000
0.042000 0.356000 0.356000 g2_A=0.500000,g2_B=0.500000
0.042000 -0.356000 -0.356000 g2_A=0.500000,g2_B=0.500000
-0.042000 -0.356000 0.356000 g2_A=0.500000,g2_B=0.500000
-0.042000 0.356000 -0.356000 g2_A=0.500000,g2_B=0.500000
0.356000 0.042000 0.356000 g2_A=0.500000,g2_B=0.500000
-0.356000 0.042000 -0.356000 g2_A=0.500000,g2_B=0.500000
0.356000 -0.042000 -0.356000 g2_A=0.500000,g2_B=0.500000
-0.356000 -0.042000 0.356000 g2_A=0.500000,g2_B=0.500000

0.000000 0.000000 0.000000 ac_A=1.000000

0.317000 0.317000 0.317000 ac_A=1.000000
-0.317000 -0.317000 0.317000 ac_A=1.000000
-0.317000 0.317000 -0.317000 ac_A=1.000000
0.317000 -0.317000 -0.317000 ac_A=1.000000

0.089000 0.089000 0.278000 g1_A=1.000000
-0.089000 -0.089000 0.278000 g1_A=1.000000
-0.089000 0.089000 -0.278000 g1_A=1.000000
0.089000 -0.089000 -0.278000 g1_A=1.000000
0.278000 0.089000 0.089000 g1_A=1.000000
0.278000 -0.089000 -0.089000 g1_A=1.000000
-0.278000 -0.089000 0.089000 g1_A=1.000000
-0.278000 0.089000 -0.089000 g1_A=1.000000
0.089000 0.278000 0.089000 g1_A=1.000000
-0.089000 0.278000 -0.089000 g1_A=1.000000
0.089000 -0.278000 -0.089000 g1_A=1.000000
-0.089000 -0.278000 0.089000 g1_A=1.000000
