6
0.63828
2
0.00000 -0.00000 1.00000 0 0
0.66667 0.33333 0.83333 0 0

3
0.79349
2
-0.00000 -0.00000 0.50000 0 0
-0.33333 0.33333 0.83333 0 0

3
0.79349
2
0.00000 -0.00000 1.00000 0 0
0.33333 -0.33333 0.66667 0 0

2
0.81650
2
0.00000 -0.00000 1.00000 0 0
-0.00000 -0.00000 0.50000 0 0

3
1.00000
2
0.00000 -0.00000 1.00000 0 0
0.00000 1.00000 1.00000 0 0

3
1.00000
2
-0.00000 -0.00000 0.50000 0 0
-0.00000 1.00000 0.50000 0 0

6
1.18634
2
-0.00000 -0.00000 0.50000 0 0
-0.66667 0.66667 0.66667 0 0

3
1.23228
2
0.00000 -0.00000 1.00000 0 0
0.66667 0.33333 0.33333 0 0

3
1.23228
2
-0.00000 -0.00000 0.50000 0 0
0.66667 0.33333 -0.16667 0 0

3
1.27657
2
0.00000 -0.00000 1.00000 0 0
1.33333 0.66667 0.66667 0 0

3
1.27657
2
-0.00000 -0.00000 0.50000 0 0
0.66667 1.33333 0.83333 0 0

12
1.29099
2
0.00000 -0.00000 1.00000 0 0
1.00000 -0.00000 0.50000 0 0

6
1.47824
2
0.00000 -0.00000 1.00000 0 0
0.33333 -0.33333 0.16667 0 0

6
0.79349
3
-0.00000 -0.00000 0.50000 0 0
-0.66667 -0.33333 0.66667 0 0
-0.33333 0.33333 0.83333 0 0

6
0.79349
3
0.00000 -0.00000 1.00000 0 0
0.66667 0.33333 0.83333 0 0
0.33333 -0.33333 0.66667 0 0

6
0.81650
3
0.00000 -0.00000 1.00000 0 0
0.66667 0.33333 0.83333 0 0
-0.00000 -0.00000 0.50000 0 0

6
0.81650
3
-0.00000 -0.00000 0.50000 0 0
-0.66667 -0.33333 0.66667 0 0
0.00000 -0.00000 1.00000 0 0

6
1.00000
3
0.00000 -0.00000 1.00000 0 0
0.33333 0.66667 1.16667 0 0
0.00000 1.00000 1.00000 0 0

6
1.00000
3
0.00000 -0.00000 1.00000 0 0
-0.33333 0.33333 1.33333 0 0
0.00000 1.00000 1.00000 0 0

2
1.00000
3
0.00000 -0.00000 1.00000 0 0
1.00000 1.00000 1.00000 0 0
0.00000 1.00000 1.00000 0 0

6
1.00000
3
-0.00000 -0.00000 0.50000 0 0
0.33333 0.66667 0.66667 0 0
-0.00000 1.00000 0.50000 0 0

6
1.00000
3
-0.00000 -0.00000 0.50000 0 0
-0.33333 0.33333 0.83333 0 0
-0.00000 1.00000 0.50000 0 0

2
1.00000
3
-0.00000 -0.00000 0.50000 0 0
1.00000 1.00000 0.50000 0 0
-0.00000 1.00000 0.50000 0 0

12
1.18634
3
-0.00000 -0.00000 0.50000 0 0
-0.66667 -0.33333 0.66667 0 0
-0.66667 0.66667 0.66667 0 0

6
1.18634
3
-0.00000 -0.00000 0.50000 0 0
-0.33333 0.33333 0.33333 0 0
-0.66667 0.66667 0.66667 0 0

12
1.18634
3
0.00000 -0.00000 1.00000 0 0
0.66667 0.33333 0.83333 0 0
0.66667 -0.66667 0.83333 0 0

6
1.18634
3
0.00000 -0.00000 1.00000 0 0
0.33333 -0.33333 1.16667 0 0
0.66667 -0.66667 0.83333 0 0

12
0.81650
4
0.00000 -0.00000 1.00000 0 0
0.66667 0.33333 0.83333 0 0
0.33333 -0.33333 0.66667 0 0
-0.00000 -0.00000 0.50000 0 0

3
1.00000
4
0.00000 -0.00000 1.00000 0 0
-0.33333 0.33333 0.83333 0 0
0.33333 0.66667 1.16667 0 0
0.00000 1.00000 1.00000 0 0

6
1.00000
4
0.00000 -0.00000 1.00000 0 0
0.33333 0.66667 1.16667 0 0
-0.33333 0.33333 1.33333 0 0
0.00000 1.00000 1.00000 0 0

6
1.00000
4
0.00000 -0.00000 1.00000 0 0
-0.33333 0.33333 0.83333 0 0
-0.33333 0.33333 1.33333 0 0
0.00000 1.00000 1.00000 0 0

2
1.00000
4
0.00000 -0.00000 1.00000 0 0
0.33333 0.66667 1.16667 0 0
1.00000 1.00000 1.00000 0 0
0.00000 1.00000 1.00000 0 0

2
1.00000
4
0.00000 -0.00000 1.00000 0 0
0.33333 0.66667 0.66667 0 0
1.00000 1.00000 1.00000 0 0
0.00000 1.00000 1.00000 0 0

3
1.00000
4
-0.00000 -0.00000 0.50000 0 0
-0.33333 0.33333 0.33333 0 0
0.33333 0.66667 0.66667 0 0
-0.00000 1.00000 0.50000 0 0

6
1.00000
4
-0.00000 -0.00000 0.50000 0 0
0.33333 0.66667 0.66667 0 0
-0.33333 0.33333 0.83333 0 0
-0.00000 1.00000 0.50000 0 0

6
1.00000
4
-0.00000 -0.00000 0.50000 0 0
-0.33333 0.33333 0.33333 0 0
-0.33333 0.33333 0.83333 0 0
-0.00000 1.00000 0.50000 0 0

2
1.00000
4
-0.00000 -0.00000 0.50000 0 0
0.33333 0.66667 0.66667 0 0
1.00000 1.00000 0.50000 0 0
-0.00000 1.00000 0.50000 0 0

2
1.00000
4
-0.00000 -0.00000 0.50000 0 0
0.33333 0.66667 0.16667 0 0
1.00000 1.00000 0.50000 0 0
-0.00000 1.00000 0.50000 0 0

