6
1.00000
2
0.66667 0.33333 0.50000 1 0
0.00000 0.00000 1.00000 1 0

12
1.00000
2
0.66667 0.33333 0.50000 1 1
0.00000 0.00000 1.00000 1 0

6
1.00000
2
0.66667 0.33333 0.50000 1 1
0.00000 0.00000 1.00000 1 1

6
1.00000
2
0.66667 0.33333 0.50000 1 0
0.66667 1.33333 0.50000 1 0

12
1.00000
2
0.66667 0.33333 0.50000 1 1
0.66667 1.33333 0.50000 1 0

6
1.00000
2
0.66667 0.33333 0.50000 1 1
0.66667 1.33333 0.50000 1 1

6
1.41421
2
0.66667 0.33333 0.50000 1 0
0.00000 1.00000 0.00000 1 0

12
1.41421
2
0.66667 0.33333 0.50000 1 1
0.00000 1.00000 0.00000 1 0

6
1.41421
2
0.66667 0.33333 0.50000 1 1
0.00000 1.00000 0.00000 1 1

2
1.63299
2
0.66667 0.33333 0.50000 1 0
0.66667 0.33333 -0.50000 1 0

4
1.63299
2
0.66667 0.33333 0.50000 1 1
0.66667 0.33333 -0.50000 1 0

2
1.63299
2
0.66667 0.33333 0.50000 1 1
0.66667 0.33333 -0.50000 1 1

12
1.73205
2
1.00000 1.00000 1.00000 1 0
2.66667 1.33333 0.50000 1 0

24
1.73205
2
1.00000 1.00000 1.00000 1 1
2.66667 1.33333 0.50000 1 0

12
1.73205
2
1.00000 1.00000 1.00000 1 1
2.66667 1.33333 0.50000 1 1

6
1.73205
2
1.00000 1.00000 1.00000 1 0
2.00000 0.00000 1.00000 1 0

6
1.73205
2
1.00000 1.00000 1.00000 1 1
2.00000 0.00000 1.00000 1 0

6
1.73205
2
1.00000 1.00000 1.00000 1 0
2.00000 0.00000 1.00000 1 1

6
1.73205
2
1.00000 1.00000 1.00000 1 1
2.00000 0.00000 1.00000 1 1

12
1.00000
3
1.00000 1.00000 1.00000 1 0
0.66667 1.33333 0.50000 1 0
1.66667 1.33333 0.50000 1 0

12
1.00000
3
1.00000 1.00000 1.00000 1 1
0.66667 1.33333 0.50000 1 0
1.66667 1.33333 0.50000 1 0

24
1.00000
3
1.00000 1.00000 1.00000 1 0
0.66667 1.33333 0.50000 1 1
1.66667 1.33333 0.50000 1 0

24
1.00000
3
1.00000 1.00000 1.00000 1 1
0.66667 1.33333 0.50000 1 1
1.66667 1.33333 0.50000 1 0

12
1.00000
3
1.00000 1.00000 1.00000 1 0
0.66667 1.33333 0.50000 1 1
1.66667 1.33333 0.50000 1 1

12
1.00000
3
1.00000 1.00000 1.00000 1 1
0.66667 1.33333 0.50000 1 1
1.66667 1.33333 0.50000 1 1

2
1.00000
3
0.66667 0.33333 0.50000 1 0
1.66667 1.33333 0.50000 1 0
0.66667 1.33333 0.50000 1 0

6
1.00000
3
0.66667 0.33333 0.50000 1 1
1.66667 1.33333 0.50000 1 0
0.66667 1.33333 0.50000 1 0

6
1.00000
3
0.66667 0.33333 0.50000 1 1
1.66667 1.33333 0.50000 1 1
0.66667 1.33333 0.50000 1 0

2
1.00000
3
0.66667 0.33333 0.50000 1 1
1.66667 1.33333 0.50000 1 1
0.66667 1.33333 0.50000 1 1

2
1.00000
3
0.66667 0.33333 0.50000 1 0
-0.33333 0.33333 0.50000 1 0
0.66667 1.33333 0.50000 1 0

6
1.00000
3
0.66667 0.33333 0.50000 1 1
-0.33333 0.33333 0.50000 1 0
0.66667 1.33333 0.50000 1 0

6
1.00000
3
0.66667 0.33333 0.50000 1 1
-0.33333 0.33333 0.50000 1 1
0.66667 1.33333 0.50000 1 0

2
1.00000
3
0.66667 0.33333 0.50000 1 1
-0.33333 0.33333 0.50000 1 1
0.66667 1.33333 0.50000 1 1

24
1.41421
3
0.66667 0.33333 0.50000 1 0
0.00000 0.00000 0.00000 1 0
0.00000 1.00000 0.00000 1 0

24
1.41421
3
0.66667 0.33333 0.50000 1 1
0.00000 0.00000 0.00000 1 0
0.00000 1.00000 0.00000 1 0

24
1.41421
3
0.66667 0.33333 0.50000 1 0
0.00000 0.00000 0.00000 1 1
0.00000 1.00000 0.00000 1 0

24
1.41421
3
0.66667 0.33333 0.50000 1 1
0.00000 0.00000 0.00000 1 1
0.00000 1.00000 0.00000 1 0

24
1.41421
3
0.66667 0.33333 0.50000 1 0
0.00000 0.00000 0.00000 1 0
0.00000 1.00000 0.00000 1 1

24
1.41421
3
0.66667 0.33333 0.50000 1 1
0.00000 0.00000 0.00000 1 0
0.00000 1.00000 0.00000 1 1

24
1.41421
3
0.66667 0.33333 0.50000 1 0
0.00000 0.00000 0.00000 1 1
0.00000 1.00000 0.00000 1 1

24
1.41421
3
0.66667 0.33333 0.50000 1 1
0.00000 0.00000 0.00000 1 1
0.00000 1.00000 0.00000 1 1

4
1.00000
4
1.00000 1.00000 1.00000 1 0
0.66667 0.33333 0.50000 1 0
0.66667 1.33333 0.50000 1 0
1.66667 1.33333 0.50000 1 0

4
1.00000
4
1.00000 1.00000 1.00000 1 1
0.66667 0.33333 0.50000 1 0
0.66667 1.33333 0.50000 1 0
1.66667 1.33333 0.50000 1 0

12
1.00000
4
1.00000 1.00000 1.00000 1 0
0.66667 0.33333 0.50000 1 1
0.66667 1.33333 0.50000 1 0
1.66667 1.33333 0.50000 1 0

12
1.00000
4
1.00000 1.00000 1.00000 1 1
0.66667 0.33333 0.50000 1 1
0.66667 1.33333 0.50000 1 0
1.66667 1.33333 0.50000 1 0

12
1.00000
4
1.00000 1.00000 1.00000 1 0
0.66667 0.33333 0.50000 1 1
0.66667 1.33333 0.50000 1 1
1.66667 1.33333 0.50000 1 0

12
1.00000
4
1.00000 1.00000 1.00000 1 1
0.66667 0.33333 0.50000 1 1
0.66667 1.33333 0.50000 1 1
1.66667 1.33333 0.50000 1 0

4
1.00000
4
1.00000 1.00000 1.00000 1 0
0.66667 0.33333 0.50000 1 1
0.66667 1.33333 0.50000 1 1
1.66667 1.33333 0.50000 1 1

4
1.00000
4
1.00000 1.00000 1.00000 1 1
0.66667 0.33333 0.50000 1 1
0.66667 1.33333 0.50000 1 1
1.66667 1.33333 0.50000 1 1

