4
0.46000
2
0.31800 0.31800 0.27000 0 0
0.31800 0.31800 0.73000 0 0

8
0.51658
2
0.63300 0.96200 1.00000 0 0
0.89700 0.89700 1.00000 0 0

8
0.51667
2
1.00000 1.00000 0.50000 0 0
1.06100 1.26500 0.50000 0 0

8
0.52533
2
0.53800 0.13300 0.50000 0 0
0.73500 -0.06100 0.50000 0 0

4
0.52562
2
0.53800 0.13300 0.50000 0 0
0.46200 -0.13300 0.50000 0 0

8
0.53644
2
0.46200 0.86700 0.50000 0 0
0.73500 0.93900 0.50000 0 0

16
0.53802
2
0.73500 0.93900 0.50000 0 0
0.63300 0.96200 0.00000 0 0

4
0.54000
2
0.18200 0.81800 0.77000 0 0
0.18200 0.81800 0.23000 0 0

4
0.54815
2
0.76500 0.43900 1.00000 0 0
0.56100 0.23500 1.00000 0 0

16
0.54907
2
0.18200 0.81800 0.23000 0 0
0.23500 0.56100 0.00000 0 0

2
0.55352
2
0.39700 0.60300 0.50000 0 0
0.60300 0.39700 0.50000 0 0

16
0.55762
2
0.43900 0.76500 1.00000 0 0
0.68200 0.68200 1.27000 0 0

8
0.55862
2
1.00000 1.00000 0.50000 0 0
1.18200 0.81800 0.77000 0 0

8
0.57149
2
0.50000 0.50000 1.00000 0 0
0.60300 0.39700 1.50000 0 0

16
0.59254
2
0.39700 0.60300 0.50000 0 0
0.23500 0.56100 0.00000 0 0

16
0.59260
2
0.81800 0.18200 0.23000 0 0
0.63300 -0.03800 0.00000 0 0

16
0.60381
2
0.68200 0.68200 0.27000 0 0
0.63300 0.96200 0.00000 0 0

16
0.60717
2
0.81800 0.18200 0.23000 0 0
0.89700 -0.10300 0.00000 0 0

16
0.62301
2
0.86700 0.46200 0.50000 0 0
0.96200 0.63300 0.00000 0 0

8
0.63769
2
0.18200 0.81800 0.77000 0 0
0.39700 0.60300 0.50000 0 0

16
0.82194
2
0.43900 0.76500 1.00000 0 0
0.73500 0.93900 1.50000 0 0

16
0.86107
2
1.00000 1.00000 0.50000 0 0
1.03800 1.36700 0.00000 0 0

4
0.87596
2
0.43900 0.76500 1.00000 0 0
0.76500 0.43900 1.00000 0 0

16
0.87803
2
0.68200 0.68200 0.73000 0 0
0.43900 0.76500 0.00000 0 0

8
0.87867
2
0.18200 0.81800 0.23000 0 0
0.00000 1.00000 -0.50000 0 0

16
0.87980
2
0.93900 0.73500 0.50000 0 0
0.63300 0.96200 0.00000 0 0

16
0.87992
2
0.36700 0.03800 1.00000 0 0
0.73500 -0.06100 0.50000 0 0

4
0.88402
2
0.03800 0.36700 1.00000 0 0
0.36700 0.03800 1.00000 0 0

8
0.88488
2
0.50000 0.50000 1.00000 0 0
0.81800 0.18200 1.23000 0 0

8
0.90552
2
0.56100 0.23500 1.00000 0 0
0.89700 -0.10300 1.00000 0 0

8
0.90562
2
0.26500 0.06100 0.50000 0 0
0.39700 -0.39700 0.50000 0 0

16
0.90807
2
0.18200 0.81800 0.23000 0 0
0.13300 0.53800 -0.50000 0 0

8
0.91345
2
0.46200 0.86700 0.50000 0 0
0.00000 1.00000 0.50000 0 0

16
0.91432
2
0.89700 0.89700 1.00000 0 0
1.06100 1.26500 1.50000 0 0

16
0.91732
2
0.18200 0.81800 0.77000 0 0
0.23500 0.56100 0.00000 0 0

16
0.92036
2
0.76500 0.43900 1.00000 0 0
0.31800 0.31800 1.27000 0 0

4
0.92259
2
0.26500 0.06100 0.50000 0 0
0.73500 -0.06100 0.50000 0 0

16
0.92846
2
0.03800 0.36700 1.00000 0 0
0.18200 0.81800 1.23000 0 0

8
0.93094
2
0.18200 0.81800 0.23000 0 0
0.39700 0.60300 -0.50000 0 0

8
0.93232
2
0.89700 0.89700 1.00000 0 0
1.03800 1.36700 1.00000 0 0

8
0.94036
2
0.36700 0.03800 1.00000 0 0
0.23500 -0.43900 1.00000 0 0

16
0.94267
2
0.81800 0.18200 0.77000 0 0
0.46200 -0.13300 0.50000 0 0

16
0.94402
2
0.81800 0.18200 0.77000 0 0
0.63300 -0.03800 0.00000 0 0

16
0.95323
2
0.81800 0.18200 0.77000 0 0
0.89700 -0.10300 0.00000 0 0

16
0.95725
2
0.36700 0.03800 1.00000 0 0
0.60300 0.39700 0.50000 0 0

16
0.96765
2
0.63300 0.96200 1.00000 0 0
0.60300 1.39700 1.50000 0 0

4
0.97807
2
0.68200 0.68200 0.27000 0 0
0.31800 0.31800 0.27000 0 0

16
0.98533
2
0.18200 0.81800 0.77000 0 0
0.31800 0.31800 0.73000 0 0

8
1.00000
2
0.13300 0.53800 0.50000 0 0
0.13300 0.53800 -0.50000 0 0

8
1.00000
2
0.18200 0.81800 0.77000 0 0
0.18200 0.81800 -0.23000 0 0

4
1.00000
2
0.39700 0.60300 0.50000 0 0
0.39700 0.60300 -0.50000 0 0

8
1.00000
2
0.93900 0.73500 0.50000 0 0
0.93900 0.73500 -0.50000 0 0

2
1.00000
2
0.50000 0.50000 1.00000 0 0
0.50000 0.50000 0.00000 0 0

8
0.53644
3
0.46200 0.86700 0.50000 0 0
0.53800 1.13300 0.50000 0 0
0.73500 0.93900 0.50000 0 0

4
0.54815
3
0.76500 0.43900 1.00000 0 0
0.50000 0.50000 1.00000 0 0
0.56100 0.23500 1.00000 0 0

8
0.54815
3
0.76500 0.43900 1.00000 0 0
0.81800 0.18200 1.23000 0 0
0.56100 0.23500 1.00000 0 0

8
0.54907
3
0.18200 0.81800 0.23000 0 0
0.18200 0.81800 -0.23000 0 0
0.23500 0.56100 0.00000 0 0

8
0.55762
3
0.68200 0.68200 0.73000 0 0
0.68200 0.68200 1.27000 0 0
0.43900 0.76500 1.00000 0 0

16
0.55862
3
1.00000 1.00000 0.50000 0 0
1.26500 1.06100 0.50000 0 0
1.18200 0.81800 0.77000 0 0

4
0.55862
3
0.31800 0.31800 0.27000 0 0
0.31800 0.31800 -0.27000 0 0
0.50000 0.50000 0.00000 0 0

4
0.57149
3
0.10300 0.10300 1.00000 0 0
-0.10300 -0.10300 1.00000 0 0
-0.00000 -0.00000 1.50000 0 0

16
0.59254
3
0.39700 0.60300 0.50000 0 0
0.13300 0.53800 0.50000 0 0
0.23500 0.56100 0.00000 0 0

16
0.59254
3
0.56100 0.23500 1.00000 0 0
0.50000 0.50000 1.00000 0 0
0.60300 0.39700 1.50000 0 0

8
0.59254
3
0.56100 0.23500 1.00000 0 0
0.76500 0.43900 1.00000 0 0
0.60300 0.39700 1.50000 0 0

8
0.59260
3
0.81800 0.18200 0.23000 0 0
0.81800 0.18200 -0.23000 0 0
0.63300 -0.03800 0.00000 0 0

16
0.59260
3
0.13300 0.53800 0.50000 0 0
0.06100 0.26500 0.50000 0 0
0.31800 0.31800 0.27000 0 0

16
0.59260
3
0.13300 0.53800 0.50000 0 0
0.23500 0.56100 0.00000 0 0
0.31800 0.31800 0.27000 0 0

8
0.60381
3
0.68200 0.68200 0.27000 0 0
0.68200 0.68200 -0.27000 0 0
0.63300 0.96200 0.00000 0 0

16
0.60381
3
0.63300 0.96200 1.00000 0 0
0.43900 0.76500 1.00000 0 0
0.68200 0.68200 1.27000 0 0

16
0.60381
3
0.63300 0.96200 1.00000 0 0
0.73500 0.93900 1.50000 0 0
0.68200 0.68200 1.27000 0 0

8
0.60717
3
0.81800 0.18200 0.23000 0 0
0.81800 0.18200 -0.23000 0 0
0.89700 -0.10300 0.00000 0 0

16
0.60717
3
0.81800 0.18200 0.23000 0 0
0.73500 -0.06100 0.50000 0 0
0.89700 -0.10300 0.00000 0 0

16
0.60717
3
0.81800 0.18200 0.23000 0 0
1.00000 -0.00000 0.50000 0 0
0.89700 -0.10300 0.00000 0 0

16
0.60717
3
0.89700 0.89700 1.00000 0 0
0.63300 0.96200 1.00000 0 0
0.81800 1.18200 1.23000 0 0

8
0.60717
3
0.89700 0.89700 1.00000 0 0
1.10300 1.10300 1.00000 0 0
0.81800 1.18200 1.23000 0 0

16
0.62301
3
0.86700 0.46200 0.50000 0 0
1.13300 0.53800 0.50000 0 0
0.96200 0.63300 0.00000 0 0

16
0.62301
3
0.86700 0.46200 0.50000 0 0
0.93900 0.73500 0.50000 0 0
0.96200 0.63300 0.00000 0 0

16
0.62301
3
0.86700 0.46200 0.50000 0 0
0.68200 0.68200 0.27000 0 0
0.96200 0.63300 0.00000 0 0

16
0.62301
3
0.63300 0.96200 1.00000 0 0
0.43900 0.76500 1.00000 0 0
0.46200 0.86700 1.50000 0 0

4
0.63769
3
0.18200 0.81800 0.77000 0 0
0.18200 0.81800 0.23000 0 0
0.39700 0.60300 0.50000 0 0

16
0.63769
3
0.18200 0.81800 0.77000 0 0
0.23500 0.56100 1.00000 0 0
0.39700 0.60300 0.50000 0 0

16
0.63769
3
0.39700 0.60300 0.50000 0 0
0.13300 0.53800 0.50000 0 0
0.18200 0.81800 0.77000 0 0

