4
0.70711
2
0.50000 -0.25000 0.50000 0 0
0.50000 -0.50000 0.00000 0 0

8
0.70711
2
0.50000 -0.25000 0.50000 0 0
0.25000 -0.25000 1.00000 0 0

4
0.70711
2
0.75000 -0.25000 1.00000 0 0
0.50000 -0.50000 1.00000 0 0

2
1.00000
2
0.75000 0.25000 1.00000 0 0
0.75000 0.75000 1.00000 0 0

2
1.00000
2
0.50000 -0.25000 0.50000 0 0
0.00000 -0.25000 0.50000 0 0

2
1.00000
2
0.75000 0.25000 1.00000 0 0
0.25000 0.25000 1.00000 0 0

1
1.00000
2
0.50000 -0.25000 0.50000 0 0
0.50000 -0.75000 0.50000 0 0

2
1.00000
2
0.50000 0.25000 0.50000 0 0
0.50000 0.25000 -0.50000 0 0

2
1.00000
2
0.75000 0.25000 1.00000 0 0
0.75000 0.25000 0.00000 0 0

1
1.00000
2
1.00000 0.00000 1.00000 0 0
1.00000 0.00000 0.00000 0 0

1
1.00000
2
0.50000 0.25000 0.50000 0 0
0.50000 -0.25000 0.50000 0 0

8
1.22474
2
0.50000 0.25000 0.50000 0 0
0.00000 0.00000 0.00000 0 0

8
1.22474
2
0.50000 -0.25000 0.50000 0 0
0.75000 -0.75000 0.00000 0 0

8
1.22474
2
0.50000 0.25000 0.50000 0 0
0.25000 -0.25000 0.00000 0 0

8
1.22474
2
0.75000 -0.25000 1.00000 0 0
0.50000 -0.50000 0.00000 0 0

4
1.41421
2
0.75000 0.25000 1.00000 0 0
0.75000 0.75000 0.00000 0 0

4
1.41421
2
0.50000 -0.25000 0.50000 0 0
0.00000 -0.25000 -0.50000 0 0

4
1.41421
2
0.75000 -0.25000 1.00000 0 0
0.25000 -0.25000 2.00000 0 0

2
1.41421
2
0.75000 0.25000 1.00000 0 0
1.25000 0.75000 1.00000 0 0

2
1.41421
2
1.00000 0.00000 1.00000 0 0
1.50000 0.50000 1.00000 0 0

4
1.41421
2
0.50000 0.25000 0.50000 0 0
-0.00000 0.75000 0.50000 0 0

2
1.41421
2
0.75000 0.25000 1.00000 0 0
0.25000 0.75000 1.00000 0 0

2
1.41421
2
0.50000 -0.25000 0.50000 0 0
0.50000 0.25000 -0.50000 0 0

2
1.41421
2
0.50000 -0.25000 0.50000 0 0
0.50000 -0.75000 -0.50000 0 0

8
0.70711
3
0.50000 -0.25000 0.50000 0 0
0.50000 -0.50000 0.00000 0 0
0.25000 -0.25000 0.00000 0 0

2
1.00000
3
0.75000 0.25000 1.00000 0 0
0.50000 0.50000 1.00000 0 0
0.75000 0.75000 1.00000 0 0

4
1.00000
3
0.50000 -0.25000 0.50000 0 0
0.25000 -0.25000 0.00000 0 0
0.00000 -0.25000 0.50000 0 0

2
1.00000
3
0.75000 0.25000 1.00000 0 0
0.50000 0.50000 1.00000 0 0
0.25000 0.25000 1.00000 0 0

4
1.00000
3
0.75000 0.25000 1.00000 0 0
0.50000 0.25000 1.50000 0 0
0.25000 0.25000 1.00000 0 0

2
1.00000
3
0.50000 -0.25000 0.50000 0 0
0.50000 -0.50000 0.00000 0 0
0.50000 -0.75000 0.50000 0 0

4
1.00000
3
0.50000 0.25000 0.50000 0 0
0.25000 0.25000 0.00000 0 0
0.50000 0.25000 -0.50000 0 0

2
1.00000
3
0.50000 0.25000 0.50000 0 0
0.50000 0.50000 0.00000 0 0
0.50000 0.25000 -0.50000 0 0

4
1.00000
3
0.75000 0.25000 1.00000 0 0
1.00000 0.25000 0.50000 0 0
0.75000 0.25000 0.00000 0 0

2
1.00000
3
1.00000 0.00000 1.00000 0 0
1.00000 0.25000 0.50000 0 0
1.00000 0.00000 0.00000 0 0

8
1.22474
3
0.50000 0.25000 0.50000 0 0
0.25000 0.25000 1.00000 0 0
0.00000 0.00000 0.00000 0 0

8
1.22474
3
0.50000 0.25000 0.50000 0 0
0.25000 0.25000 0.00000 0 0
0.00000 0.00000 0.00000 0 0

8
1.22474
3
0.50000 0.25000 0.50000 0 0
-0.00000 0.25000 0.50000 0 0
0.00000 0.00000 0.00000 0 0

4
1.22474
3
0.50000 0.25000 0.50000 0 0
0.50000 0.25000 -0.50000 0 0
0.00000 0.00000 0.00000 0 0

4
1.22474
3
0.50000 0.25000 0.50000 0 0
0.50000 -0.25000 0.50000 0 0
0.00000 0.00000 0.00000 0 0

4
1.22474
3
0.50000 0.25000 0.50000 0 0
-0.00000 0.00000 1.00000 0 0
0.00000 0.00000 0.00000 0 0

8
1.22474
3
0.50000 0.25000 0.50000 0 0
0.25000 -0.25000 0.00000 0 0
0.00000 0.00000 0.00000 0 0

8
1.22474
3
0.50000 0.25000 0.50000 0 0
0.25000 -0.25000 1.00000 0 0
0.00000 0.00000 0.00000 0 0

8
1.22474
3
0.50000 -0.25000 0.50000 0 0
0.50000 -0.50000 0.00000 0 0
0.75000 -0.75000 0.00000 0 0

8
1.22474
3
0.50000 -0.25000 0.50000 0 0
0.50000 -0.50000 1.00000 0 0
0.75000 -0.75000 0.00000 0 0

8
1.22474
3
0.50000 -0.25000 0.50000 0 0
0.75000 -0.25000 0.00000 0 0
0.75000 -0.75000 0.00000 0 0

8
1.22474
3
0.50000 -0.25000 0.50000 0 0
0.50000 -0.75000 0.50000 0 0
0.75000 -0.75000 0.00000 0 0

8
1.22474
3
0.50000 -0.25000 0.50000 0 0
1.00000 -0.25000 0.50000 0 0
0.75000 -0.75000 0.00000 0 0

4
1.22474
3
0.50000 -0.25000 0.50000 0 0
0.50000 -0.25000 -0.50000 0 0
0.75000 -0.75000 0.00000 0 0

4
1.22474
3
0.50000 -0.25000 0.50000 0 0
0.75000 -0.75000 1.00000 0 0
0.75000 -0.75000 0.00000 0 0

4
1.22474
3
0.50000 -0.25000 0.50000 0 0
0.25000 -0.75000 0.00000 0 0
0.75000 -0.75000 0.00000 0 0

8
1.22474
3
0.50000 0.25000 0.50000 0 0
0.25000 0.25000 0.00000 0 0
0.25000 -0.25000 0.00000 0 0

4
1.22474
3
0.50000 0.25000 0.50000 0 0
0.50000 0.25000 -0.50000 0 0
0.25000 -0.25000 0.00000 0 0

8
1.22474
3
0.50000 0.25000 0.50000 0 0
0.50000 -0.25000 0.50000 0 0
0.25000 -0.25000 0.00000 0 0

4
1.22474
3
0.50000 0.25000 0.50000 0 0
0.25000 -0.25000 1.00000 0 0
0.25000 -0.25000 0.00000 0 0

4
1.22474
3
0.50000 0.25000 0.50000 0 0
0.75000 -0.25000 0.00000 0 0
0.25000 -0.25000 0.00000 0 0

8
1.22474
3
0.75000 -0.25000 1.00000 0 0
0.50000 -0.50000 1.00000 0 0
0.50000 -0.50000 0.00000 0 0

8
1.22474
3
0.75000 -0.25000 1.00000 0 0
0.50000 -0.25000 0.50000 0 0
0.50000 -0.50000 0.00000 0 0

4
1.22474
3
0.75000 -0.25000 1.00000 0 0
0.75000 -0.75000 1.00000 0 0
0.50000 -0.50000 0.00000 0 0

4
1.22474
3
0.75000 -0.25000 1.00000 0 0
0.25000 -0.25000 1.00000 0 0
0.50000 -0.50000 0.00000 0 0

8
1.22474
3
0.75000 -0.25000 1.00000 0 0
0.75000 -0.25000 0.00000 0 0
0.50000 -0.50000 0.00000 0 0

2
1.00000
4
0.50000 -0.25000 0.50000 0 0
0.25000 -0.25000 1.00000 0 0
0.25000 -0.25000 0.00000 0 0
0.00000 -0.25000 0.50000 0 0

4
1.00000
4
0.75000 0.25000 1.00000 0 0
0.50000 0.25000 1.50000 0 0
0.50000 0.50000 1.00000 0 0
0.25000 0.25000 1.00000 0 0

2
1.00000
4
0.75000 0.25000 1.00000 0 0
0.50000 0.25000 0.50000 0 0
0.50000 0.25000 1.50000 0 0
0.25000 0.25000 1.00000 0 0

1
1.00000
4
0.50000 -0.25000 0.50000 0 0
0.50000 -0.50000 1.00000 0 0
0.50000 -0.50000 0.00000 0 0
0.50000 -0.75000 0.50000 0 0

4
1.00000
4
0.50000 0.25000 0.50000 0 0
0.50000 0.50000 0.00000 0 0
0.25000 0.25000 0.00000 0 0
0.50000 0.25000 -0.50000 0 0

