4
1.54456
2
1.00000 1.00000 1.00000 1 0
0.75000 1.25000 0.75000 1 0

8
1.54456
2
1.00000 1.00000 1.00000 1 1
0.75000 1.25000 0.75000 1 0

4
1.54456
2
1.00000 1.00000 1.00000 1 1
0.75000 1.25000 0.75000 1 1

12
2.52225
2
0.25000 0.25000 0.25000 1 0
0.25000 0.75000 0.75000 1 0

24
2.52225
2
0.25000 0.25000 0.25000 1 1
0.25000 0.75000 0.75000 1 0

12
2.52225
2
0.25000 0.25000 0.25000 1 1
0.25000 0.75000 0.75000 1 1

12
2.95760
2
1.00000 1.00000 1.00000 1 0
0.25000 1.25000 1.25000 1 0

24
2.95760
2
1.00000 1.00000 1.00000 1 1
0.25000 1.25000 1.25000 1 0

12
2.95760
2
1.00000 1.00000 1.00000 1 1
0.25000 1.25000 1.25000 1 1

6
3.56700
2
0.25000 0.25000 0.25000 1 0
0.25000 0.25000 1.25000 1 0

12
3.56700
2
0.25000 0.25000 0.25000 1 1
0.25000 0.25000 1.25000 1 0

6
3.56700
2
0.25000 0.25000 0.25000 1 1
0.25000 0.25000 1.25000 1 1

12
3.88705
2
1.00000 1.00000 1.00000 1 0
0.25000 0.75000 1.75000 1 0

24
3.88705
2
1.00000 1.00000 1.00000 1 1
0.25000 0.75000 1.75000 1 0

12
3.88705
2
1.00000 1.00000 1.00000 1 1
0.25000 0.75000 1.75000 1 1

24
4.36866
2
0.25000 0.25000 0.25000 1 0
-0.25000 -0.25000 1.25000 1 0

24
4.36866
2
0.25000 0.25000 0.25000 1 1
-0.25000 -0.25000 1.25000 1 0

24
4.36866
2
0.25000 0.25000 0.25000 1 0
-0.25000 -0.25000 1.25000 1 1

24
4.36866
2
0.25000 0.25000 0.25000 1 1
-0.25000 -0.25000 1.25000 1 1

12
4.63367
2
1.00000 1.00000 1.00000 1 0
-0.25000 0.75000 1.25000 1 0

24
4.63367
2
1.00000 1.00000 1.00000 1 1
-0.25000 0.75000 1.25000 1 0

12
4.63367
2
1.00000 1.00000 1.00000 1 1
-0.25000 0.75000 1.25000 1 1

4
4.63367
2
0.25000 0.25000 0.25000 1 0
1.00000 -0.50000 -0.50000 1 0

8
4.63367
2
0.25000 0.25000 0.25000 1 1
1.00000 -0.50000 -0.50000 1 0

4
4.63367
2
0.25000 0.25000 0.25000 1 1
1.00000 -0.50000 -0.50000 1 1

12
5.04450
2
0.25000 0.25000 0.25000 1 0
0.25000 -0.75000 1.25000 1 0

24
5.04450
2
0.25000 0.25000 0.25000 1 1
0.25000 -0.75000 1.25000 1 0

12
5.04450
2
0.25000 0.25000 0.25000 1 1
0.25000 -0.75000 1.25000 1 1

24
5.27566
2
1.00000 1.00000 1.00000 1 0
-0.25000 1.25000 1.75000 1 0

48
5.27566
2
1.00000 1.00000 1.00000 1 1
-0.25000 1.25000 1.75000 1 0

24
5.27566
2
1.00000 1.00000 1.00000 1 1
-0.25000 1.25000 1.75000 1 1

24
5.63992
2
0.25000 0.25000 0.25000 1 0
-1.25000 -0.25000 0.25000 1 0

48
5.63992
2
0.25000 0.25000 0.25000 1 1
-1.25000 -0.25000 0.25000 1 0

24
5.63992
2
0.25000 0.25000 0.25000 1 1
-1.25000 -0.25000 0.25000 1 1

12
5.84760
2
1.00000 1.00000 1.00000 1 0
-0.25000 0.25000 1.75000 1 0

24
5.84760
2
1.00000 1.00000 1.00000 1 1
-0.25000 0.25000 1.75000 1 0

12
5.84760
2
1.00000 1.00000 1.00000 1 1
-0.25000 0.25000 1.75000 1 1

