2
0.55352
2
0.60300 0.39700 0.50000 0 0
0.39700 0.60300 0.50000 0 0

4
1.00000
2
0.39700 0.60300 0.50000 0 0
0.39700 0.60300 -0.50000 0 0

4
1.14297
2
0.10300 0.10300 1.00000 0 0
-0.10300 -0.10300 0.00000 0 0

16
1.21018
2
0.60300 0.39700 0.50000 0 0
0.89700 -0.10300 0.00000 0 0

8
1.14297
3
0.10300 0.10300 1.00000 0 0
-0.10300 -0.10300 1.00000 0 0
-0.10300 -0.10300 0.00000 0 0

8
1.21018
3
0.60300 0.39700 0.50000 0 0
0.60300 0.39700 -0.50000 0 0
0.89700 -0.10300 0.00000 0 0

8
1.21018
3
0.89700 0.89700 1.00000 0 0
1.10300 1.10300 1.00000 0 0
0.60300 1.39700 1.50000 0 0

8
1.21018
3
0.89700 0.89700 1.00000 0 0
0.89700 0.89700 2.00000 0 0
0.60300 1.39700 1.50000 0 0

8
1.21018
3
0.89700 0.89700 1.00000 0 0
1.10300 1.10300 2.00000 0 0
0.60300 1.39700 1.50000 0 0

2
1.14297
4
0.10300 0.10300 1.00000 0 0
-0.10300 -0.10300 1.00000 0 0
0.10300 0.10300 0.00000 0 0
-0.10300 -0.10300 0.00000 0 0

16
1.21018
4
0.89700 0.89700 1.00000 0 0
1.10300 1.10300 1.00000 0 0
0.89700 0.89700 2.00000 0 0
0.60300 1.39700 1.50000 0 0

4
1.21018
4
0.89700 0.89700 1.00000 0 0
1.10300 1.10300 1.00000 0 0
0.60300 1.39700 0.50000 0 0
0.60300 1.39700 1.50000 0 0

