1.900000 0.000000 0.000000
0.000000 1.900000 0.000000
0.000000 0.000000 1.000000
1.000000 0.000000 0.000000
0.000000 1.000000 0.000000
0.000000 0.000000 1.000000

0.103000 0.103000 0.000000 g_A=0.500000,g_B=0.500000
-0.103000 -0.103000 0.000000 g_A=0.500000,g_B=0.500000
0.603000 0.397000 -0.500000 g_A=0.500000,g_B=0.500000
0.397000 0.603000 -0.500000 g_A=0.500000,g_B=0.500000

0.000000 0.000000 0.500000 aj_A=1.000000
0.500000 0.500000 0.000000 aj_A=1.000000

0.235000 0.561000 0.000000 aj_A=1.000000
0.561000 0.235000 0.000000 aj_A=1.000000
-0.561000 -0.235000 0.000000 aj_A=1.000000
-0.235000 -0.561000 0.000000 aj_A=1.000000
0.735000 -0.061000 -0.500000 aj_A=1.000000
1.061000 0.265000 -0.500000 aj_A=1.000000
-0.061000 0.735000 -0.500000 aj_A=1.000000
0.265000 1.061000 -0.500000 aj_A=1.000000

0.318000 0.318000 0.730000 ii_A=1.000000
-0.318000 -0.318000 0.730000 ii_A=1.000000
0.318000 0.318000 0.270000 ii_A=1.000000
-0.318000 -0.318000 0.270000 ii_A=1.000000
0.818000 0.182000 0.230000 ii_A=1.000000
0.182000 0.818000 0.230000 ii_A=1.000000
0.818000 0.182000 -0.230000 ii_A=1.000000
0.182000 0.818000 -0.230000 ii_A=1.000000

0.038000 0.367000 0.000000 ii_A=1.000000
0.367000 0.038000 0.000000 ii_A=1.000000
-0.367000 -0.038000 0.000000 ii_A=1.000000
-0.038000 -0.367000 0.000000 ii_A=1.000000
0.538000 0.133000 -0.500000 ii_A=1.000000
0.867000 0.462000 -0.500000 ii_A=1.000000
0.133000 0.538000 -0.500000 ii_A=1.000000
0.462000 0.867000 -0.500000 ii_A=1.000000
