6
0.50000
2
0.50000 0.75000 1.00000 0 0
0.50000 1.25000 1.00000 0 0

24
0.61237
2
1.00000 0.50000 0.25000 0 0
1.50000 0.75000 0.00000 0 0

48
0.93541
2
0.50000 0.75000 1.00000 0 0
0.00000 1.50000 1.25000 0 0

12
1.00000
2
0.50000 0.75000 1.00000 0 0
1.50000 0.75000 1.00000 0 0

6
1.00000
2
0.75000 1.00000 0.50000 0 0
1.75000 1.00000 0.50000 0 0

12
1.11803
2
0.50000 0.75000 1.00000 0 0
1.50000 1.25000 1.00000 0 0

12
1.11803
2
0.50000 0.25000 1.00000 0 0
0.50000 -0.25000 2.00000 0 0

24
1.17260
2
0.50000 0.75000 1.00000 0 0
0.00000 1.50000 1.75000 0 0

48
1.36931
2
1.00000 0.50000 0.25000 0 0
1.50000 0.75000 -1.00000 0 0

24
0.61237
3
1.00000 0.50000 0.25000 0 0
1.00000 0.50000 -0.25000 0 0
1.50000 0.75000 0.00000 0 0

8
0.61237
3
1.00000 0.50000 0.25000 0 0
1.25000 1.00000 0.50000 0 0
1.50000 0.75000 0.00000 0 0

48
0.93541
3
0.50000 0.75000 1.00000 0 0
0.50000 1.25000 1.00000 0 0
0.00000 1.50000 1.25000 0 0

24
0.93541
3
0.50000 0.75000 1.00000 0 0
0.75000 1.00000 1.50000 0 0
0.00000 1.50000 1.25000 0 0

48
0.93541
3
0.50000 0.75000 1.00000 0 0
0.25000 1.00000 1.50000 0 0
0.00000 1.50000 1.25000 0 0

48
0.93541
3
0.50000 0.75000 1.00000 0 0
0.25000 1.00000 0.50000 0 0
0.00000 1.50000 1.25000 0 0

16
0.93541
3
0.50000 0.75000 1.00000 0 0
-0.25000 1.00000 0.50000 0 0
0.00000 1.50000 1.25000 0 0

24
0.93541
3
0.50000 0.75000 1.00000 0 0
0.50000 1.25000 1.00000 0 0
1.25000 1.00000 1.50000 0 0

6
0.61237
4
1.00000 0.50000 0.25000 0 0
1.00000 0.50000 -0.25000 0 0
1.50000 0.25000 0.00000 0 0
1.50000 0.75000 0.00000 0 0

48
0.93541
4
0.50000 0.75000 1.00000 0 0
0.50000 1.25000 1.00000 0 0
0.75000 1.00000 1.50000 0 0
0.00000 1.50000 1.25000 0 0

48
0.93541
4
0.50000 0.75000 1.00000 0 0
0.50000 1.25000 1.00000 0 0
0.25000 1.00000 1.50000 0 0
0.00000 1.50000 1.25000 0 0

48
0.93541
4
0.50000 0.75000 1.00000 0 0
0.50000 1.25000 1.00000 0 0
0.25000 1.00000 0.50000 0 0
0.00000 1.50000 1.25000 0 0

48
0.93541
4
0.50000 0.75000 1.00000 0 0
0.50000 1.25000 1.00000 0 0
-0.25000 1.00000 1.50000 0 0
0.00000 1.50000 1.25000 0 0

24
0.93541
4
0.50000 0.75000 1.00000 0 0
0.50000 1.25000 1.00000 0 0
-0.00000 1.50000 0.75000 0 0
0.00000 1.50000 1.25000 0 0

48
0.93541
4
0.50000 0.75000 1.00000 0 0
0.50000 1.25000 1.00000 0 0
-0.25000 1.00000 0.50000 0 0
0.00000 1.50000 1.25000 0 0

