2
0.81649
2
1.00000 1.00000 0.50000 0 0
1.00000 1.00000 1.00000 0 0

6
1.00000
2
1.00000 1.00000 0.50000 0 0
1.00000 0.00000 0.50000 0 0

12
1.29099
2
1.00000 1.00000 0.50000 0 0
1.00000 0.00000 0.00000 0 0

2
1.63299
2
1.00000 1.00000 0.50000 0 0
1.00000 1.00000 -0.50000 0 0

6
1.73205
2
1.00000 1.00000 1.00000 0 0
2.00000 0.00000 1.00000 0 0

12
1.91485
2
1.00000 1.00000 0.50000 0 0
1.00000 -0.00000 -0.50000 0 0

12
1.91485
2
1.00000 1.00000 0.50000 0 0
0.00000 2.00000 0.00000 0 0

6
2.00000
2
1.00000 1.00000 0.50000 0 0
1.00000 3.00000 0.50000 0 0

4
1.00000
3
1.00000 1.00000 0.50000 0 0
2.00000 1.00000 0.50000 0 0
1.00000 0.00000 0.50000 0 0

24
1.29099
3
1.00000 1.00000 0.50000 0 0
1.00000 1.00000 0.00000 0 0
1.00000 0.00000 0.00000 0 0

12
1.29099
3
1.00000 1.00000 0.50000 0 0
2.00000 1.00000 0.50000 0 0
1.00000 0.00000 0.00000 0 0

12
1.29099
3
1.00000 1.00000 0.50000 0 0
-0.00000 0.00000 0.50000 0 0
1.00000 0.00000 0.00000 0 0

2
1.63299
3
1.00000 1.00000 0.50000 0 0
1.00000 1.00000 0.00000 0 0
1.00000 1.00000 -0.50000 0 0

12
1.63299
3
1.00000 1.00000 0.50000 0 0
1.00000 0.00000 0.00000 0 0
1.00000 1.00000 -0.50000 0 0

6
1.29099
4
1.00000 1.00000 0.50000 0 0
1.00000 1.00000 0.00000 0 0
1.00000 0.00000 0.50000 0 0
1.00000 0.00000 0.00000 0 0

12
1.29099
4
1.00000 1.00000 0.50000 0 0
1.00000 1.00000 0.00000 0 0
2.00000 1.00000 0.50000 0 0
1.00000 0.00000 0.00000 0 0

12
1.29099
4
1.00000 1.00000 0.50000 0 0
1.00000 1.00000 0.00000 0 0
-0.00000 0.00000 0.50000 0 0
1.00000 0.00000 0.00000 0 0

12
1.29099
4
1.00000 1.00000 0.50000 0 0
1.00000 1.00000 0.00000 0 0
2.00000 1.00000 0.00000 0 0
1.00000 0.00000 0.00000 0 0

12
1.29099
4
1.00000 1.00000 0.50000 0 0
1.00000 1.00000 0.00000 0 0
0.00000 0.00000 0.00000 0 0
1.00000 0.00000 0.00000 0 0

12
1.63299
4
1.00000 1.00000 0.50000 0 0
1.00000 1.00000 0.00000 0 0
1.00000 0.00000 0.00000 0 0
1.00000 1.00000 -0.50000 0 0

