12
0.35355
2
0.37500 0.12500 0.37500 0 0
0.62500 -0.12500 0.37500 0 0

24
0.41458
2
0.75000 0.75000 0.75000 0 0
0.87500 1.12500 0.87500 0 0

4
0.43301
2
0.50000 0.50000 0.50000 0 0
0.75000 0.25000 0.25000 0 0

24
0.61237
2
0.37500 0.12500 0.37500 0 0
0.12500 -0.37500 0.62500 0 0

24
0.64952
2
0.50000 0.50000 0.50000 0 0
0.37500 1.12500 0.37500 0 0

8
0.64952
2
0.75000 0.75000 0.75000 0 0
0.37500 1.12500 0.37500 0 0

12
0.70711
2
0.75000 0.75000 0.75000 0 0
0.25000 0.75000 1.25000 0 0

12
0.70711
2
0.12500 0.37500 0.37500 0 0
-0.37500 0.37500 0.87500 0 0

12
0.70711
2
0.37500 0.12500 0.37500 0 0
-0.12500 0.12500 0.87500 0 0

24
0.79057
2
0.12500 0.37500 0.37500 0 0
0.37500 1.12500 0.37500 0 0

24
0.81968
2
0.75000 0.75000 0.75000 0 0
0.37500 1.12500 1.37500 0 0

12
0.82916
2
0.50000 0.50000 0.50000 0 0
-0.25000 0.25000 0.25000 0 0

8
0.35355
3
0.12500 0.37500 0.37500 0 0
0.12500 0.62500 0.62500 0 0
-0.12500 0.62500 0.37500 0 0

12
0.41458
3
0.37500 0.37500 0.12500 0 0
0.37500 0.62500 -0.12500 0 0
-0.00000 0.50000 0.00000 0 0

24
0.41458
3
0.37500 0.37500 0.12500 0 0
0.12500 0.12500 0.12500 0 0
-0.00000 0.50000 0.00000 0 0

24
0.43301
3
0.50000 0.50000 0.50000 0 0
0.87500 0.37500 0.62500 0 0
0.75000 0.25000 0.25000 0 0

24
0.61237
3
0.37500 0.12500 0.37500 0 0
0.62500 -0.12500 0.37500 0 0
0.12500 -0.37500 0.62500 0 0

24
0.61237
3
0.37500 0.12500 0.37500 0 0
0.37500 -0.12500 0.62500 0 0
0.12500 -0.37500 0.62500 0 0

48
0.61237
3
0.37500 0.12500 0.37500 0 0
0.25000 -0.25000 0.25000 0 0
0.12500 -0.37500 0.62500 0 0

8
0.61237
3
0.37500 0.12500 0.37500 0 0
-0.12500 -0.12500 0.12500 0 0
0.12500 -0.37500 0.62500 0 0

2
0.35355
4
0.12500 0.37500 0.37500 0 0
-0.12500 0.37500 0.62500 0 0
0.12500 0.62500 0.62500 0 0
-0.12500 0.62500 0.37500 0 0

8
0.41458
4
0.37500 0.37500 0.12500 0 0
0.12500 0.37500 0.37500 0 0
0.12500 0.12500 0.12500 0 0
-0.00000 0.50000 0.00000 0 0

24
0.61237
4
0.37500 0.12500 0.37500 0 0
0.37500 -0.12500 0.62500 0 0
0.62500 -0.12500 0.37500 0 0
0.12500 -0.37500 0.62500 0 0

24
0.61237
4
0.37500 0.12500 0.37500 0 0
0.62500 -0.12500 0.37500 0 0
0.25000 -0.25000 0.25000 0 0
0.12500 -0.37500 0.62500 0 0

48
0.61237
4
0.37500 0.12500 0.37500 0 0
0.37500 -0.12500 0.62500 0 0
0.25000 -0.25000 0.25000 0 0
0.12500 -0.37500 0.62500 0 0

24
0.61237
4
0.37500 0.12500 0.37500 0 0
-0.00000 -0.00000 0.50000 0 0
0.25000 -0.25000 0.25000 0 0
0.12500 -0.37500 0.62500 0 0

16
0.61237
4
0.37500 0.12500 0.37500 0 0
0.25000 -0.25000 0.25000 0 0
-0.12500 -0.12500 0.12500 0 0
0.12500 -0.37500 0.62500 0 0

