6
1.00000
2
0.33333 0.66667 0.25000 0 0
0.66667 1.33333 -0.25000 0 0

6
1.00000
2
0.66667 0.33333 0.75000 0 0
0.66667 1.33333 0.75000 0 0

6
1.41421
2
0.66667 0.33333 0.75000 0 0
1.33333 -0.33333 1.25000 0 0

2
1.63299
2
0.66667 0.33333 0.75000 0 0
0.66667 0.33333 -0.25000 0 0

12
1.73205
2
0.33333 0.66667 0.25000 0 0
0.66667 2.33333 -0.25000 0 0

6
1.73205
2
0.33333 0.66667 0.25000 0 0
1.33333 -0.33333 0.25000 0 0

12
1.91485
2
0.33333 0.66667 0.25000 0 0
0.33333 -0.33333 -0.75000 0 0

6
2.00000
2
0.33333 0.66667 0.25000 0 0
-1.66667 0.66667 0.25000 0 0

12
1.00000
3
0.66667 0.33333 0.75000 0 0
1.33333 0.66667 1.25000 0 0
0.33333 -0.33333 1.25000 0 0

2
1.00000
3
0.66667 0.33333 0.75000 0 0
1.66667 1.33333 0.75000 0 0
0.66667 1.33333 0.75000 0 0

2
1.00000
3
0.66667 0.33333 0.75000 0 0
-0.33333 0.33333 0.75000 0 0
0.66667 1.33333 0.75000 0 0

24
1.41421
3
0.66667 0.33333 0.75000 0 0
0.33333 -0.33333 1.25000 0 0
1.33333 -0.33333 1.25000 0 0

6
1.63299
3
0.66667 0.33333 0.75000 0 0
1.33333 0.66667 0.25000 0 0
0.66667 0.33333 -0.25000 0 0

6
1.63299
3
0.66667 0.33333 0.75000 0 0
1.33333 -0.33333 0.25000 0 0
0.66667 0.33333 -0.25000 0 0

4
1.00000
4
0.66667 0.33333 0.75000 0 0
0.33333 0.66667 1.25000 0 0
1.33333 0.66667 1.25000 0 0
0.33333 -0.33333 1.25000 0 0

12
1.41421
4
0.66667 0.33333 0.75000 0 0
1.33333 0.66667 1.25000 0 0
0.33333 -0.33333 1.25000 0 0
1.33333 -0.33333 1.25000 0 0

6
1.41421
4
0.66667 0.33333 0.75000 0 0
1.66667 0.33333 0.75000 0 0
0.33333 -0.33333 1.25000 0 0
1.33333 -0.33333 1.25000 0 0

12
1.41421
4
0.66667 0.33333 0.75000 0 0
0.66667 -0.66667 0.75000 0 0
0.33333 -0.33333 1.25000 0 0
1.33333 -0.33333 1.25000 0 0

6
1.63299
4
0.66667 0.33333 0.75000 0 0
0.33333 -0.33333 0.25000 0 0
1.33333 0.66667 0.25000 0 0
0.66667 0.33333 -0.25000 0 0

12
1.63299
4
0.66667 0.33333 0.75000 0 0
1.33333 0.66667 0.25000 0 0
1.33333 -0.33333 0.25000 0 0
0.66667 0.33333 -0.25000 0 0

