3
4.12300
2
1.00000 1.00000 1.00000 0 0
1.00000 -0.00000 1.00000 0 0

6
5.83080
2
1.00000 1.00000 1.00000 0 0
1.00000 0.00000 0.00000 0 0

4
7.14125
2
1.00000 1.00000 1.00000 0 0
0.00000 0.00000 0.00000 0 0

3
8.24600
2
1.00000 1.00000 1.00000 0 0
3.00000 1.00000 1.00000 0 0

12
9.21931
2
1.00000 1.00000 1.00000 0 0
3.00000 1.00000 0.00000 0 0

12
5.83080
3
1.00000 1.00000 1.00000 0 0
1.00000 1.00000 0.00000 0 0
1.00000 0.00000 0.00000 0 0

8
5.83080
3
1.00000 1.00000 1.00000 0 0
-0.00000 1.00000 0.00000 0 0
1.00000 0.00000 0.00000 0 0

3
5.83080
4
1.00000 1.00000 1.00000 0 0
1.00000 -0.00000 1.00000 0 0
1.00000 1.00000 0.00000 0 0
1.00000 0.00000 0.00000 0 0

8
5.83080
4
1.00000 1.00000 1.00000 0 0
1.00000 1.00000 0.00000 0 0
-0.00000 1.00000 0.00000 0 0
1.00000 0.00000 0.00000 0 0

2
5.83080
4
1.00000 1.00000 1.00000 0 0
-0.00000 -0.00000 1.00000 0 0
-0.00000 1.00000 0.00000 0 0
1.00000 0.00000 0.00000 0 0

