4
0.97590
2
0.50000 0.50000 0.50000 0 0
0.31700 0.31700 0.31700 0 0

6
1.59365
2
0.18300 0.81700 0.18300 0 0
-0.18300 0.81700 -0.18300 0 0

12
1.64631
2
0.81700 0.18300 0.18300 0 0
0.31700 0.31700 0.31700 0 0

4
1.69050
2
0.81700 0.18300 0.18300 0 0
0.50000 0.50000 0.50000 0 0

12
2.25394
2
0.18300 0.18300 0.81700 0 0
0.81700 0.18300 1.18300 0 0

12
2.51542
2
0.18300 0.81700 0.18300 0 0
-0.50000 0.50000 0.50000 0 0

12
2.63865
2
0.50000 0.50000 0.50000 0 0
1.31700 0.68300 0.68300 0 0

12
2.66641
2
0.81700 0.18300 0.18300 0 0
0.31700 -0.31700 -0.31700 0 0

4
2.66641
2
0.31700 0.31700 0.31700 0 0
-0.18300 -0.18300 -0.18300 0 0

4
2.66641
2
0.50000 0.50000 0.50000 0 0
0.00000 0.00000 0.00000 0 0

6
2.76058
2
0.81700 0.18300 0.18300 0 0
0.18300 0.81700 0.18300 0 0

6
1.59365
3
0.18300 0.81700 0.18300 0 0
-0.00000 1.00000 0.00000 0 0
-0.18300 0.81700 -0.18300 0 0

4
1.59365
3
0.18300 0.81700 0.18300 0 0
-0.18300 1.18300 0.18300 0 0
-0.18300 0.81700 -0.18300 0 0

12
1.64631
3
0.31700 0.31700 0.31700 0 0
0.68300 0.31700 0.68300 0 0
0.81700 0.18300 0.18300 0 0

12
1.69050
3
0.50000 0.50000 0.50000 0 0
0.31700 0.31700 0.31700 0 0
0.81700 0.18300 0.18300 0 0

12
2.25394
3
0.18300 0.18300 0.81700 0 0
0.18300 -0.18300 1.18300 0 0
0.81700 0.18300 1.18300 0 0

24
2.25394
3
0.18300 0.18300 0.81700 0 0
0.68300 0.31700 0.68300 0 0
0.81700 0.18300 1.18300 0 0

12
2.51542
3
0.18300 0.81700 0.18300 0 0
-0.18300 0.81700 -0.18300 0 0
-0.50000 0.50000 0.50000 0 0

12
2.51542
3
0.50000 0.50000 0.50000 0 0
0.31700 0.31700 0.31700 0 0
0.18300 0.18300 -0.18300 0 0

24
2.51542
3
0.50000 0.50000 0.50000 0 0
0.81700 0.18300 0.18300 0 0
0.18300 0.18300 -0.18300 0 0

4
1.59365
4
0.18300 0.81700 0.18300 0 0
-0.00000 1.00000 0.00000 0 0
-0.18300 1.18300 0.18300 0 0
-0.18300 0.81700 -0.18300 0 0

1
1.59365
4
0.18300 0.81700 0.18300 0 0
0.18300 1.18300 -0.18300 0 0
-0.18300 1.18300 0.18300 0 0
-0.18300 0.81700 -0.18300 0 0

4
1.64631
4
0.31700 0.31700 0.31700 0 0
0.68300 0.68300 0.31700 0 0
0.68300 0.31700 0.68300 0 0
0.81700 0.18300 0.18300 0 0

12
1.69050
4
0.50000 0.50000 0.50000 0 0
0.68300 0.68300 0.31700 0 0
0.31700 0.31700 0.31700 0 0
0.81700 0.18300 0.18300 0 0

6
2.25394
4
0.18300 0.18300 0.81700 0 0
0.31700 0.31700 1.31700 0 0
0.68300 0.31700 0.68300 0 0
0.81700 0.18300 1.18300 0 0

12
2.25394
4
0.18300 0.18300 0.81700 0 0
0.18300 -0.18300 1.18300 0 0
0.31700 0.31700 1.31700 0 0
0.81700 0.18300 1.18300 0 0

3
2.25394
4
0.18300 0.18300 0.81700 0 0
0.18300 -0.18300 1.18300 0 0
0.81700 -0.18300 0.81700 0 0
0.81700 0.18300 1.18300 0 0

4
2.51542
4
0.18300 0.81700 0.18300 0 0
-0.18300 1.18300 0.18300 0 0
-0.18300 0.81700 -0.18300 0 0
-0.50000 0.50000 0.50000 0 0

12
2.51542
4
0.18300 0.81700 0.18300 0 0
-0.18300 0.81700 -0.18300 0 0
-0.18300 0.18300 0.18300 0 0
-0.50000 0.50000 0.50000 0 0

24
2.51542
4
0.50000 0.50000 0.50000 0 0
0.31700 0.31700 0.31700 0 0
0.81700 0.18300 0.18300 0 0
0.18300 0.18300 -0.18300 0 0

12
2.51542
4
0.50000 0.50000 0.50000 0 0
0.31700 0.31700 0.31700 0 0
-0.18300 0.18300 0.18300 0 0
0.18300 0.18300 -0.18300 0 0

