3
1.00000
2
0.50000 0.50000 0.50000 0 0
0.50000 -0.50000 0.50000 0 0

6
1.41421
2
0.50000 0.50000 0.50000 0 0
-0.50000 1.50000 0.50000 0 0

4
1.73205
2
0.50000 0.50000 0.50000 0 0
-0.50000 -0.50000 -0.50000 0 0

3
2.00000
2
0.50000 0.50000 0.50000 0 0
0.50000 0.50000 -1.50000 0 0

12
1.41421
3
0.50000 0.50000 0.50000 0 0
-0.50000 0.50000 0.50000 0 0
-0.50000 1.50000 0.50000 0 0

8
1.41421
3
0.50000 0.50000 0.50000 0 0
-0.50000 0.50000 1.50000 0 0
-0.50000 1.50000 0.50000 0 0

24
1.73205
3
0.50000 0.50000 0.50000 0 0
0.50000 0.50000 -0.50000 0 0
-0.50000 -0.50000 -0.50000 0 0

3
1.41421
4
0.50000 0.50000 0.50000 0 0
0.50000 1.50000 0.50000 0 0
-0.50000 0.50000 0.50000 0 0
-0.50000 1.50000 0.50000 0 0

8
1.41421
4
0.50000 0.50000 0.50000 0 0
-0.50000 0.50000 0.50000 0 0
-0.50000 0.50000 1.50000 0 0
-0.50000 1.50000 0.50000 0 0

2
1.41421
4
0.50000 0.50000 0.50000 0 0
0.50000 1.50000 1.50000 0 0
-0.50000 0.50000 1.50000 0 0
-0.50000 1.50000 0.50000 0 0

