6
0.70710
2
0.00000 -0.00000 1.00000 0 0
-0.33333 -0.66667 0.83333 0 0

3
0.70711
2
0.00000 -0.00000 1.00000 0 0
0.00000 1.00000 1.00000 0 0

3
0.70711
2
-0.00000 0.00000 0.50000 0 0
1.00000 0.00000 0.50000 0 0

6
1.00000
2
0.00000 -0.00000 1.00000 0 0
0.66667 -0.66667 0.83333 0 0

3
1.22474
2
0.00000 -0.00000 1.00000 0 0
0.33333 -0.33333 0.66667 0 0

3
1.22474
2
-0.00000 0.00000 0.50000 0 0
0.33333 -0.33333 0.16667 0 0

12
1.22474
2
0.00000 -0.00000 1.00000 0 0
1.66667 0.33333 0.83333 0 0

3
1.22475
2
0.00000 -0.00000 1.00000 0 0
-1.00000 1.00000 1.00000 0 0

3
1.22475
2
-0.00000 0.00000 0.50000 0 0
-1.00000 1.00000 0.50000 0 0

3
1.41421
2
0.00000 -0.00000 1.00000 0 0
1.33333 0.66667 0.66667 0 0

3
1.41421
2
-0.00000 0.00000 0.50000 0 0
1.33333 0.66667 0.16667 0 0

3
1.41421
2
0.00000 -0.00000 1.00000 0 0
2.00000 -0.00000 1.00000 0 0

3
1.41421
2
-0.00000 0.00000 0.50000 0 0
2.00000 0.00000 0.50000 0 0

6
1.58114
2
0.00000 -0.00000 1.00000 0 0
1.33333 -0.33333 0.66667 0 0

6
1.58114
2
-0.00000 0.00000 0.50000 0 0
1.33333 -0.33333 0.16667 0 0

12
1.58114
2
0.00000 -0.00000 1.00000 0 0
1.66667 -0.66667 0.83333 0 0

6
0.70710
3
0.00000 -0.00000 1.00000 0 0
-0.33333 -0.66667 0.83333 0 0
0.66667 0.33333 0.83333 0 0

6
0.70710
3
0.00000 -0.00000 1.00000 0 0
1.00000 -0.00000 1.00000 0 0
0.66667 0.33333 0.83333 0 0

2
0.70711
3
0.00000 -0.00000 1.00000 0 0
-1.00000 -0.00000 1.00000 0 0
0.00000 1.00000 1.00000 0 0

2
0.70711
3
-0.00000 0.00000 0.50000 0 0
0.00000 -1.00000 0.50000 0 0
1.00000 0.00000 0.50000 0 0

12
1.00000
3
0.00000 -0.00000 1.00000 0 0
0.66667 0.33333 0.83333 0 0
0.66667 -0.66667 0.83333 0 0

12
1.00000
3
0.00000 -0.00000 1.00000 0 0
1.00000 -0.00000 1.00000 0 0
0.66667 -0.66667 0.83333 0 0

2
0.70710
4
0.00000 -0.00000 1.00000 0 0
-0.33333 0.33333 0.83333 0 0
-0.33333 -0.66667 0.83333 0 0
0.66667 0.33333 0.83333 0 0

2
0.70710
4
0.00000 -0.00000 1.00000 0 0
1.00000 1.00000 1.00000 0 0
1.00000 -0.00000 1.00000 0 0
0.66667 0.33333 0.83333 0 0

6
1.00000
4
0.00000 -0.00000 1.00000 0 0
-0.33333 -0.66667 0.83333 0 0
0.66667 0.33333 0.83333 0 0
0.66667 -0.66667 0.83333 0 0

12
1.00000
4
0.00000 -0.00000 1.00000 0 0
1.00000 -0.00000 1.00000 0 0
0.66667 0.33333 0.83333 0 0
0.66667 -0.66667 0.83333 0 0

6
1.00000
4
0.00000 -0.00000 1.00000 0 0
0.00000 -1.00000 1.00000 0 0
0.66667 0.33333 0.83333 0 0
0.66667 -0.66667 0.83333 0 0

6
1.00000
4
0.00000 -0.00000 1.00000 0 0
0.00000 -1.00000 1.00000 0 0
1.00000 -0.00000 1.00000 0 0
0.66667 -0.66667 0.83333 0 0

