6
0.50000
2
0.75000 0.75000 0.75000 0 0
0.25000 0.75000 0.75000 0 0

12
0.70711
2
0.75000 0.75000 0.75000 0 0
0.25000 0.75000 1.25000 0 0

4
0.86603
2
0.25000 0.25000 0.25000 0 0
-0.25000 -0.25000 -0.25000 0 0

4
0.86603
2
0.25000 0.25000 0.25000 0 0
-0.25000 -0.25000 0.75000 0 0

6
1.00000
2
0.75000 0.75000 0.75000 0 0
-0.25000 0.75000 0.75000 0 0

24
1.11803
2
0.75000 0.75000 0.75000 0 0
-0.25000 0.75000 1.25000 0 0

24
1.22474
2
0.75000 0.75000 0.75000 0 0
-0.25000 0.25000 1.25000 0 0

24
0.70711
3
0.75000 0.75000 0.75000 0 0
0.25000 0.75000 0.75000 0 0
0.25000 0.75000 1.25000 0 0

8
0.70711
3
0.75000 0.75000 0.75000 0 0
0.75000 0.25000 1.25000 0 0
0.25000 0.75000 1.25000 0 0

8
0.70711
3
0.75000 0.75000 0.75000 0 0
0.25000 1.25000 0.75000 0 0
0.25000 0.75000 1.25000 0 0

24
0.86603
3
0.25000 0.25000 0.25000 0 0
-0.25000 0.25000 0.25000 0 0
-0.25000 -0.25000 -0.25000 0 0

24
0.86603
3
0.25000 0.25000 0.25000 0 0
-0.25000 0.25000 0.25000 0 0
-0.25000 -0.25000 0.75000 0 0

6
1.00000
3
0.75000 0.75000 0.75000 0 0
0.25000 0.75000 0.75000 0 0
-0.25000 0.75000 0.75000 0 0

24
1.00000
3
0.75000 0.75000 0.75000 0 0
0.25000 0.75000 1.25000 0 0
-0.25000 0.75000 0.75000 0 0

24
1.00000
3
0.75000 0.75000 0.75000 0 0
0.25000 1.25000 1.25000 0 0
-0.25000 0.75000 0.75000 0 0

6
0.70711
4
0.75000 0.75000 0.75000 0 0
0.75000 0.75000 1.25000 0 0
0.25000 0.75000 0.75000 0 0
0.25000 0.75000 1.25000 0 0

8
0.70711
4
0.75000 0.75000 0.75000 0 0
0.75000 0.75000 1.25000 0 0
0.75000 0.25000 1.25000 0 0
0.25000 0.75000 1.25000 0 0

2
0.70711
4
0.75000 0.75000 0.75000 0 0
0.25000 0.25000 0.75000 0 0
0.75000 0.25000 1.25000 0 0
0.25000 0.75000 1.25000 0 0

8
0.70711
4
0.75000 0.75000 0.75000 0 0
0.25000 0.75000 0.75000 0 0
0.25000 1.25000 0.75000 0 0
0.25000 0.75000 1.25000 0 0

2
0.70711
4
0.75000 0.75000 0.75000 0 0
0.75000 1.25000 1.25000 0 0
0.25000 1.25000 0.75000 0 0
0.25000 0.75000 1.25000 0 0

24
0.86603
4
0.25000 0.25000 0.25000 0 0
0.25000 -0.25000 0.25000 0 0
-0.25000 0.25000 0.25000 0 0
-0.25000 -0.25000 -0.25000 0 0

24
0.86603
4
0.25000 0.25000 0.25000 0 0
-0.25000 0.25000 0.25000 0 0
-0.25000 -0.25000 0.25000 0 0
-0.25000 -0.25000 -0.25000 0 0

6
0.86603
4
0.25000 0.25000 0.25000 0 0
0.25000 0.25000 -0.25000 0 0
-0.25000 -0.25000 0.25000 0 0
-0.25000 -0.25000 -0.25000 0 0

24
0.86603
4
0.25000 0.25000 0.25000 0 0
0.25000 -0.25000 0.25000 0 0
-0.25000 0.25000 0.25000 0 0
-0.25000 -0.25000 0.75000 0 0

24
0.86603
4
0.25000 0.25000 0.25000 0 0
-0.25000 0.25000 0.25000 0 0
-0.25000 0.25000 0.75000 0 0
-0.25000 -0.25000 0.75000 0 0

6
0.86603
4
0.25000 0.25000 0.25000 0 0
0.25000 -0.25000 0.25000 0 0
-0.25000 0.25000 0.75000 0 0
-0.25000 -0.25000 0.75000 0 0

