4
0.57735
2
0.50000 1.00000 0.25000 0 0
0.50000 1.00000 0.75000 0 0

16
0.57735
2
0.50000 0.50000 1.00000 0 0
0.50000 1.00000 1.25000 0 0

8
0.70711
2
0.50000 1.00000 0.75000 0 0
1.00000 1.50000 0.75000 0 0

16
0.91287
2
1.00000 0.50000 0.75000 0 0
0.50000 0.00000 1.25000 0 0

8
0.91287
2
0.50000 0.50000 1.00000 0 0
1.00000 1.00000 1.50000 0 0

16
1.00000
2
0.50000 1.00000 0.75000 0 0
0.50000 1.50000 0.00000 0 0

4
1.00000
2
0.50000 0.50000 1.00000 0 0
1.50000 0.50000 1.00000 0 0

8
1.00000
2
0.50000 1.00000 0.75000 0 0
1.50000 1.00000 0.75000 0 0

2
1.15470
2
0.50000 0.50000 1.00000 0 0
0.50000 0.50000 0.00000 0 0

4
1.15470
2
0.50000 1.00000 0.75000 0 0
0.50000 1.00000 -0.25000 0 0

8
1.15470
2
1.00000 0.50000 0.25000 0 0
1.00000 -0.50000 -0.25000 0 0

8
1.15470
2
1.00000 0.50000 0.25000 0 0
-0.00000 0.50000 -0.25000 0 0

32
1.15470
2
0.50000 0.50000 1.00000 0 0
0.00000 1.50000 1.25000 0 0

16
1.35401
2
1.00000 0.50000 0.75000 0 0
1.50000 0.00000 -0.25000 0 0

8
0.57735
3
0.50000 1.00000 0.75000 0 0
1.00000 1.00000 0.50000 0 0
0.50000 1.00000 0.25000 0 0

16
0.70711
3
0.50000 1.00000 0.75000 0 0
1.00000 1.00000 0.50000 0 0
1.00000 1.50000 0.75000 0 0

32
0.91287
3
1.00000 0.50000 0.75000 0 0
1.00000 0.50000 1.25000 0 0
0.50000 0.00000 1.25000 0 0

16
0.91287
3
1.00000 0.50000 0.75000 0 0
0.50000 0.50000 1.00000 0 0
0.50000 0.00000 1.25000 0 0

16
0.91287
3
0.50000 0.50000 1.00000 0 0
0.50000 1.00000 1.25000 0 0
1.00000 1.00000 1.50000 0 0

32
0.91287
4
1.00000 0.50000 0.75000 0 0
0.50000 0.50000 1.00000 0 0
1.00000 0.50000 1.25000 0 0
0.50000 0.00000 1.25000 0 0

8
0.91287
4
1.00000 0.50000 0.75000 0 0
1.00000 0.50000 1.25000 0 0
0.50000 -0.00000 0.75000 0 0
0.50000 0.00000 1.25000 0 0

8
0.91287
4
0.50000 0.50000 1.00000 0 0
1.00000 0.50000 1.25000 0 0
0.50000 1.00000 1.25000 0 0
1.00000 1.00000 1.50000 0 0

