4
0.51827
2
0.50000 0.00000 0.25000 0 0
0.50000 0.50000 0.00000 0 0

2
0.54560
2
0.50000 0.50000 0.00000 0 0
0.50000 0.50000 -1.00000 0 0

4
0.64610
2
0.50000 0.00000 0.25000 0 0
0.50000 -0.50000 1.00000 0 0

8
0.75790
2
0.50000 0.00000 0.25000 0 0
1.00000 0.50000 -0.25000 0 0

4
0.84565
2
0.50000 0.00000 0.25000 0 0
-0.00000 -0.00000 1.50000 0 0

4
1.00000
2
0.50000 0.00000 0.25000 0 0
-0.50000 0.00000 0.25000 0 0

4
1.07780
2
0.50000 0.00000 0.25000 0 0
0.50000 -0.50000 2.00000 0 0

8
1.08156
2
0.50000 0.00000 0.25000 0 0
0.00000 -0.50000 -1.25000 0 0

2
1.09120
2
0.50000 0.00000 0.25000 0 0
0.50000 0.00000 -1.75000 0 0

8
1.12632
2
0.50000 0.00000 0.25000 0 0
0.00000 -1.00000 0.50000 0 0

8
1.13916
2
0.50000 0.50000 0.00000 0 0
0.50000 1.50000 -1.00000 0 0

8
1.19056
2
0.50000 0.00000 0.25000 0 0
0.00000 -1.00000 -0.50000 0 0

8
0.64610
3
0.50000 0.00000 0.25000 0 0
0.50000 -0.50000 0.00000 0 0
0.50000 -0.50000 1.00000 0 0

8
0.75790
3
0.50000 0.00000 0.25000 0 0
0.50000 0.50000 0.00000 0 0
1.00000 0.50000 -0.25000 0 0

16
0.75790
3
0.50000 0.00000 0.25000 0 0
1.00000 -0.00000 0.50000 0 0
1.00000 0.50000 -0.25000 0 0

8
0.75790
3
0.50000 0.00000 0.25000 0 0
0.50000 0.00000 -0.75000 0 0
1.00000 0.50000 -0.25000 0 0

8
0.84565
3
0.50000 0.00000 0.25000 0 0
-0.00000 -0.00000 0.50000 0 0
-0.00000 -0.00000 1.50000 0 0

16
0.84565
3
0.50000 0.00000 0.25000 0 0
0.50000 -0.50000 1.00000 0 0
-0.00000 -0.00000 1.50000 0 0

8
0.75790
4
0.50000 0.00000 0.25000 0 0
1.00000 -0.00000 0.50000 0 0
0.50000 0.50000 0.00000 0 0
1.00000 0.50000 -0.25000 0 0

16
0.75790
4
0.50000 0.00000 0.25000 0 0
0.50000 0.50000 0.00000 0 0
0.50000 0.00000 -0.75000 0 0
1.00000 0.50000 -0.25000 0 0

8
0.75790
4
0.50000 0.00000 0.25000 0 0
1.00000 -0.00000 0.50000 0 0
1.00000 0.00000 -0.50000 0 0
1.00000 0.50000 -0.25000 0 0

4
0.84565
4
0.50000 0.00000 0.25000 0 0
-0.00000 -0.00000 0.50000 0 0
0.50000 0.00000 1.25000 0 0
-0.00000 -0.00000 1.50000 0 0

16
0.84565
4
0.50000 0.00000 0.25000 0 0
-0.00000 -0.00000 0.50000 0 0
0.50000 -0.50000 1.00000 0 0
-0.00000 -0.00000 1.50000 0 0

16
0.84565
4
0.50000 0.00000 0.25000 0 0
-0.00000 -0.00000 0.50000 0 0
-0.00000 0.50000 0.75000 0 0
-0.00000 -0.00000 1.50000 0 0

