8
0.51667
2
0.26500 0.06100 0.50000 0 0
-0.00000 -0.00000 0.50000 0 0

4
0.54815
2
0.76500 0.43900 1.00000 0 0
0.56100 0.23500 1.00000 0 0

16
0.82194
2
0.43900 0.76500 1.00000 0 0
0.73500 0.93900 1.50000 0 0

4
0.87596
2
0.43900 0.76500 1.00000 0 0
0.76500 0.43900 1.00000 0 0

4
0.92259
2
0.26500 0.06100 0.50000 0 0
0.73500 -0.06100 0.50000 0 0

8
1.00000
2
0.93900 0.73500 0.50000 0 0
0.93900 0.73500 -0.50000 0 0

2
1.00000
2
0.50000 0.50000 1.00000 0 0
0.50000 0.50000 0.00000 0 0

4
1.03333
2
0.43900 0.76500 1.00000 0 0
0.56100 0.23500 1.00000 0 0

16
1.07009
2
1.00000 1.00000 0.50000 0 0
1.23500 0.56100 0.00000 0 0

16
1.07506
2
0.26500 0.06100 0.50000 0 0
0.23500 -0.43900 0.00000 0 0

16
1.12559
2
0.26500 0.06100 0.50000 0 0
0.00000 0.00000 -0.50000 0 0

8
1.14038
2
0.93900 0.73500 0.50000 0 0
0.73500 0.93900 -0.50000 0 0

16
1.25917
2
0.26500 0.06100 0.50000 0 0
0.50000 -0.50000 0.00000 0 0

16
1.29163
2
0.93900 0.73500 0.50000 0 0
0.56100 0.23500 0.00000 0 0

8
1.32940
2
0.43900 0.76500 1.00000 0 0
0.76500 0.43900 0.00000 0 0

8
1.36058
2
0.26500 0.06100 0.50000 0 0
0.73500 -0.06100 -0.50000 0 0

8
1.40130
2
0.73500 0.93900 0.50000 0 0
0.00000 1.00000 0.50000 0 0

8
1.42253
2
0.06100 0.26500 0.50000 0 0
0.73500 -0.06100 0.50000 0 0

8
1.43353
2
1.00000 1.00000 0.50000 0 0
1.50000 1.50000 0.00000 0 0

8
1.43798
2
0.76500 0.43900 1.00000 0 0
0.23500 0.56100 2.00000 0 0

16
1.46577
2
0.06100 0.26500 0.50000 0 0
0.23500 -0.43900 0.00000 0 0

4
0.54815
3
0.76500 0.43900 1.00000 0 0
0.50000 0.50000 1.00000 0 0
0.56100 0.23500 1.00000 0 0

4
0.87596
3
0.43900 0.76500 1.00000 0 0
0.50000 0.50000 1.00000 0 0
0.76500 0.43900 1.00000 0 0

