4
0.46000
2
0.31800 0.31800 0.27000 0 0
0.31800 0.31800 0.73000 0 0

8
0.51667
2
1.00000 1.00000 0.50000 0 0
1.06100 1.26500 0.50000 0 0

8
0.52533
2
0.53800 0.13300 0.50000 0 0
0.73500 -0.06100 0.50000 0 0

4
0.52562
2
0.53800 0.13300 0.50000 0 0
0.46200 -0.13300 0.50000 0 0

8
0.53644
2
0.46200 0.86700 0.50000 0 0
0.73500 0.93900 0.50000 0 0

16
0.53802
2
0.73500 0.93900 0.50000 0 0
0.63300 0.96200 0.00000 0 0

4
0.54000
2
0.18200 0.81800 0.77000 0 0
0.18200 0.81800 0.23000 0 0

4
0.54815
2
0.76500 0.43900 1.00000 0 0
0.56100 0.23500 1.00000 0 0

16
0.54907
2
0.18200 0.81800 0.23000 0 0
0.23500 0.56100 0.00000 0 0

16
0.55762
2
0.43900 0.76500 1.00000 0 0
0.68200 0.68200 1.27000 0 0

8
0.55862
2
1.00000 1.00000 0.50000 0 0
1.18200 0.81800 0.77000 0 0

16
0.59260
2
0.81800 0.18200 0.23000 0 0
0.63300 -0.03800 0.00000 0 0

16
0.60381
2
0.68200 0.68200 0.27000 0 0
0.63300 0.96200 0.00000 0 0

16
0.62301
2
0.86700 0.46200 0.50000 0 0
0.96200 0.63300 0.00000 0 0

16
0.82194
2
0.43900 0.76500 1.00000 0 0
0.73500 0.93900 1.50000 0 0

16
0.86107
2
1.00000 1.00000 0.50000 0 0
1.03800 1.36700 0.00000 0 0

4
0.87596
2
0.43900 0.76500 1.00000 0 0
0.76500 0.43900 1.00000 0 0

16
0.87803
2
0.68200 0.68200 0.73000 0 0
0.43900 0.76500 0.00000 0 0

8
0.87867
2
0.18200 0.81800 0.23000 0 0
0.00000 1.00000 -0.50000 0 0

16
0.87980
2
0.93900 0.73500 0.50000 0 0
0.63300 0.96200 0.00000 0 0

16
0.87992
2
0.36700 0.03800 1.00000 0 0
0.73500 -0.06100 0.50000 0 0

4
0.88402
2
0.03800 0.36700 1.00000 0 0
0.36700 0.03800 1.00000 0 0

8
0.88488
2
0.50000 0.50000 1.00000 0 0
0.81800 0.18200 1.23000 0 0

16
0.90807
2
0.18200 0.81800 0.23000 0 0
0.13300 0.53800 -0.50000 0 0

8
0.91345
2
0.46200 0.86700 0.50000 0 0
0.00000 1.00000 0.50000 0 0

16
0.91732
2
0.18200 0.81800 0.77000 0 0
0.23500 0.56100 0.00000 0 0

16
0.92036
2
0.76500 0.43900 1.00000 0 0
0.31800 0.31800 1.27000 0 0

4
0.92259
2
0.26500 0.06100 0.50000 0 0
0.73500 -0.06100 0.50000 0 0

16
0.92846
2
0.03800 0.36700 1.00000 0 0
0.18200 0.81800 1.23000 0 0

8
0.94036
2
0.36700 0.03800 1.00000 0 0
0.23500 -0.43900 1.00000 0 0

16
0.94267
2
0.81800 0.18200 0.77000 0 0
0.46200 -0.13300 0.50000 0 0

16
0.94402
2
0.81800 0.18200 0.77000 0 0
0.63300 -0.03800 0.00000 0 0

4
0.97807
2
0.68200 0.68200 0.27000 0 0
0.31800 0.31800 0.27000 0 0

16
0.98533
2
0.18200 0.81800 0.77000 0 0
0.31800 0.31800 0.73000 0 0

8
1.00000
2
0.13300 0.53800 0.50000 0 0
0.13300 0.53800 -0.50000 0 0

8
1.00000
2
0.18200 0.81800 0.77000 0 0
0.18200 0.81800 -0.23000 0 0

8
1.00000
2
0.93900 0.73500 0.50000 0 0
0.93900 0.73500 -0.50000 0 0

2
1.00000
2
0.50000 0.50000 1.00000 0 0
0.50000 0.50000 0.00000 0 0

8
1.02486
2
0.63300 0.96200 1.00000 0 0
0.76500 0.43900 1.00000 0 0

4
1.03333
2
0.43900 0.76500 1.00000 0 0
0.56100 0.23500 1.00000 0 0

8
1.05297
2
0.13300 0.53800 0.50000 0 0
-0.00000 -0.00000 0.50000 0 0

16
1.07009
2
1.00000 1.00000 0.50000 0 0
1.23500 0.56100 0.00000 0 0

8
1.07347
2
0.53800 0.13300 0.50000 0 0
0.93900 -0.26500 0.50000 0 0

16
1.07506
2
0.26500 0.06100 0.50000 0 0
0.23500 -0.43900 0.00000 0 0

4
1.08084
2
0.68200 0.68200 0.27000 0 0
0.31800 0.31800 0.73000 0 0

4
1.08824
2
0.13300 0.53800 0.50000 0 0
0.53800 0.13300 0.50000 0 0

16
1.09507
2
0.31800 0.31800 0.27000 0 0
0.73500 -0.06100 0.50000 0 0

16
1.10264
2
0.81800 0.18200 0.23000 0 0
0.96200 -0.36700 0.00000 0 0

16
1.10421
2
0.18200 0.81800 0.77000 0 0
0.31800 0.31800 1.27000 0 0

16
1.10421
2
0.18200 0.81800 0.77000 0 0
0.31800 0.31800 0.27000 0 0

16
1.10893
2
0.68200 0.68200 0.27000 0 0
1.23500 0.56100 0.00000 0 0

16
1.11478
2
0.06100 0.26500 0.50000 0 0
-0.36700 -0.03800 0.00000 0 0

4
1.11724
2
0.68200 0.68200 0.73000 0 0
0.31800 0.31800 1.27000 0 0

16
1.12559
2
0.26500 0.06100 0.50000 0 0
0.00000 0.00000 -0.50000 0 0

16
1.12959
2
0.53800 0.13300 0.50000 0 0
0.73500 -0.06100 -0.50000 0 0

8
1.12973
2
0.53800 0.13300 0.50000 0 0
0.46200 -0.13300 -0.50000 0 0

16
1.13480
2
0.46200 0.86700 0.50000 0 0
0.73500 0.93900 -0.50000 0 0

8
1.14038
2
0.93900 0.73500 0.50000 0 0
0.73500 0.93900 -0.50000 0 0

16
1.14327
2
0.68200 0.68200 0.73000 0 0
0.23500 0.56100 0.00000 0 0

8
1.15022
2
0.81800 0.18200 0.77000 0 0
0.50000 0.50000 0.00000 0 0

16
1.16130
2
0.81800 0.18200 0.23000 0 0
0.46200 -0.13300 -0.50000 0 0

16
1.16197
2
0.13300 0.53800 0.50000 0 0
0.36700 0.03800 0.00000 0 0

16
1.18408
2
0.53800 0.13300 0.50000 0 0
0.68200 -0.31800 -0.27000 0 0

16
1.25917
2
0.26500 0.06100 0.50000 0 0
0.50000 -0.50000 0.00000 0 0

16
1.29163
2
0.93900 0.73500 0.50000 0 0
0.56100 0.23500 0.00000 0 0

16
1.29989
2
0.68200 0.68200 0.73000 0 0
1.23500 0.56100 0.00000 0 0

16
1.30449
2
0.46200 0.86700 0.50000 0 0
0.50000 1.50000 0.00000 0 0

16
1.31427
2
0.96200 0.63300 1.00000 0 0
1.06100 1.26500 1.50000 0 0

16
1.31878
2
0.81800 0.18200 0.77000 0 0
0.43900 -0.23500 0.00000 0 0

16
1.32507
2
0.81800 0.18200 0.77000 0 0
0.96200 -0.36700 0.00000 0 0

16
1.32721
2
0.18200 0.81800 0.23000 0 0
0.23500 0.56100 -1.00000 0 0

16
1.32762
2
0.53800 0.13300 0.50000 0 0
0.23500 -0.43900 0.00000 0 0

8
1.32940
2
0.43900 0.76500 1.00000 0 0
0.76500 0.43900 0.00000 0 0

8
1.33473
2
0.53800 0.13300 0.50000 0 0
0.86700 0.46200 -0.50000 0 0

16
1.34106
2
0.68200 0.68200 0.27000 0 0
1.06100 1.26500 0.50000 0 0

16
1.34220
2
0.86700 0.46200 0.50000 0 0
1.36700 0.03800 0.00000 0 0

16
1.34580
2
0.81800 0.18200 0.23000 0 0
0.63300 -0.03800 -1.00000 0 0

16
1.35440
2
0.96200 0.63300 1.00000 0 0
0.50000 0.50000 2.00000 0 0

16
1.36049
2
0.81800 0.18200 0.77000 0 0
0.73500 -0.06100 -0.50000 0 0

8
1.36058
2
0.26500 0.06100 0.50000 0 0
0.73500 -0.06100 -0.50000 0 0

8
1.36090
2
0.18200 0.81800 0.77000 0 0
0.00000 1.00000 -0.50000 0 0

8
1.36642
2
0.46200 0.86700 0.50000 0 0
1.06100 1.26500 0.50000 0 0

8
1.36754
2
0.86700 0.46200 0.50000 0 0
0.46200 -0.13300 0.50000 0 0

16
1.37269
2
0.36700 0.03800 1.00000 0 0
0.23500 -0.43900 0.00000 0 0

8
1.37433
2
0.03800 0.36700 1.00000 0 0
0.43900 -0.23500 1.00000 0 0

16
1.37509
2
0.81800 0.18200 0.23000 0 0
0.68200 -0.31800 -0.73000 0 0

16
1.38007
2
0.68200 0.68200 0.27000 0 0
0.63300 0.96200 -1.00000 0 0

8
1.38806
2
0.06100 0.26500 0.50000 0 0
0.13300 -0.46200 0.50000 0 0

16
1.38863
2
0.63300 0.96200 1.00000 0 0
0.31800 0.31800 1.27000 0 0

8
1.39232
2
0.81800 0.18200 0.77000 0 0
0.18200 -0.18200 0.77000 0 0

16
1.39749
2
0.81800 0.18200 0.23000 0 0
0.86700 -0.53800 0.50000 0 0

8
1.39879
2
0.31800 0.31800 0.27000 0 0
0.68200 0.68200 -0.73000 0 0

8
1.40130
2
0.73500 0.93900 0.50000 0 0
0.00000 1.00000 0.50000 0 0

4
1.40206
2
0.96200 0.63300 1.00000 0 0
1.03800 1.36700 1.00000 0 0

8
1.41990
2
0.13300 0.53800 0.50000 0 0
0.46200 -0.13300 0.50000 0 0

8
1.42253
2
0.06100 0.26500 0.50000 0 0
0.73500 -0.06100 0.50000 0 0

16
1.43190
2
0.63300 0.96200 1.00000 0 0
0.76500 0.43900 2.00000 0 0

16
1.43209
2
0.31800 0.31800 0.27000 0 0
0.18200 0.81800 -0.77000 0 0

8
1.43353
2
1.00000 1.00000 0.50000 0 0
1.50000 1.50000 0.00000 0 0

16
1.43385
2
0.18200 0.81800 0.23000 0 0
-0.56100 0.76500 0.00000 0 0

8
1.43798
2
0.76500 0.43900 1.00000 0 0
0.23500 0.56100 2.00000 0 0

16
1.43972
2
0.31800 0.31800 0.27000 0 0
0.93900 0.73500 0.50000 0 0

16
1.44812
2
0.81800 0.18200 0.23000 0 0
0.50000 -0.50000 0.00000 0 0

16
1.45215
2
0.50000 0.50000 1.00000 0 0
1.03800 0.36700 2.00000 0 0

4
1.46000
2
0.18200 0.81800 0.23000 0 0
0.18200 0.81800 -1.23000 0 0

16
1.46577
2
0.06100 0.26500 0.50000 0 0
0.23500 -0.43900 0.00000 0 0

8
1.46634
2
0.31800 0.31800 0.27000 0 0
0.68200 -0.31800 0.73000 0 0

16
1.46708
2
0.53800 0.13300 0.50000 0 0
0.93900 -0.26500 -0.50000 0 0

16
1.47190
2
0.18200 0.81800 0.77000 0 0
0.93900 0.73500 0.50000 0 0

16
1.47470
2
0.53800 0.13300 0.50000 0 0
0.76500 -0.56100 0.00000 0 0

8
1.47792
2
0.13300 0.53800 0.50000 0 0
0.53800 0.13300 -0.50000 0 0

16
1.49142
2
0.13300 0.53800 0.50000 0 0
0.81800 0.18200 0.77000 0 0

8
1.49337
2
0.31800 0.31800 0.27000 0 0
0.68200 -0.31800 -0.27000 0 0

8
1.49767
2
0.31800 0.31800 0.73000 0 0
0.00000 0.00000 -0.50000 0 0

8
0.53644
3
0.46200 0.86700 0.50000 0 0
0.53800 1.13300 0.50000 0 0
0.73500 0.93900 0.50000 0 0

4
0.54815
3
0.76500 0.43900 1.00000 0 0
0.50000 0.50000 1.00000 0 0
0.56100 0.23500 1.00000 0 0

8
0.54815
3
0.76500 0.43900 1.00000 0 0
0.81800 0.18200 1.23000 0 0
0.56100 0.23500 1.00000 0 0

8
0.54907
3
0.18200 0.81800 0.23000 0 0
0.18200 0.81800 -0.23000 0 0
0.23500 0.56100 0.00000 0 0

8
0.55762
3
0.68200 0.68200 0.73000 0 0
0.68200 0.68200 1.27000 0 0
0.43900 0.76500 1.00000 0 0

16
0.55862
3
1.00000 1.00000 0.50000 0 0
1.26500 1.06100 0.50000 0 0
1.18200 0.81800 0.77000 0 0

4
0.55862
3
0.31800 0.31800 0.27000 0 0
0.31800 0.31800 -0.27000 0 0
0.50000 0.50000 0.00000 0 0

8
0.59260
3
0.81800 0.18200 0.23000 0 0
0.81800 0.18200 -0.23000 0 0
0.63300 -0.03800 0.00000 0 0

16
0.59260
3
0.13300 0.53800 0.50000 0 0
0.06100 0.26500 0.50000 0 0
0.31800 0.31800 0.27000 0 0

16
0.59260
3
0.13300 0.53800 0.50000 0 0
0.23500 0.56100 0.00000 0 0
0.31800 0.31800 0.27000 0 0

8
0.60381
3
0.68200 0.68200 0.27000 0 0
0.68200 0.68200 -0.27000 0 0
0.63300 0.96200 0.00000 0 0

16
0.60381
3
0.63300 0.96200 1.00000 0 0
0.43900 0.76500 1.00000 0 0
0.68200 0.68200 1.27000 0 0

16
0.60381
3
0.63300 0.96200 1.00000 0 0
0.73500 0.93900 1.50000 0 0
0.68200 0.68200 1.27000 0 0

16
0.62301
3
0.86700 0.46200 0.50000 0 0
1.13300 0.53800 0.50000 0 0
0.96200 0.63300 0.00000 0 0

16
0.62301
3
0.86700 0.46200 0.50000 0 0
0.93900 0.73500 0.50000 0 0
0.96200 0.63300 0.00000 0 0

16
0.62301
3
0.86700 0.46200 0.50000 0 0
0.68200 0.68200 0.27000 0 0
0.96200 0.63300 0.00000 0 0

16
0.62301
3
0.63300 0.96200 1.00000 0 0
0.43900 0.76500 1.00000 0 0
0.46200 0.86700 1.50000 0 0

16
0.82194
3
0.43900 0.76500 1.00000 0 0
0.63300 0.96200 1.00000 0 0
0.73500 0.93900 1.50000 0 0

16
0.82194
3
0.73500 0.93900 0.50000 0 0
0.46200 0.86700 0.50000 0 0
0.43900 0.76500 1.00000 0 0

16
0.82194
3
0.73500 0.93900 0.50000 0 0
0.68200 0.68200 0.73000 0 0
0.43900 0.76500 1.00000 0 0

16
0.86107
3
1.00000 1.00000 0.50000 0 0
1.06100 1.26500 0.50000 0 0
1.03800 1.36700 0.00000 0 0

16
0.86107
3
1.00000 1.00000 0.50000 0 0
0.81800 1.18200 0.23000 0 0
1.03800 1.36700 0.00000 0 0

4
0.87596
3
0.43900 0.76500 1.00000 0 0
0.50000 0.50000 1.00000 0 0
0.76500 0.43900 1.00000 0 0

8
0.87596
3
0.43900 0.76500 1.00000 0 0
0.68200 0.68200 1.27000 0 0
0.76500 0.43900 1.00000 0 0

16
0.87803
3
0.68200 0.68200 0.73000 0 0
0.68200 0.68200 0.27000 0 0
0.43900 0.76500 0.00000 0 0

16
0.87803
3
0.68200 0.68200 0.73000 0 0
0.73500 0.93900 0.50000 0 0
0.43900 0.76500 0.00000 0 0

16
0.87803
3
0.43900 0.76500 1.00000 0 0
0.50000 0.50000 1.00000 0 0
0.68200 0.68200 1.73000 0 0

16
0.87803
3
0.43900 0.76500 1.00000 0 0
0.46200 0.86700 1.50000 0 0
0.68200 0.68200 1.73000 0 0

8
0.87803
3
0.43900 0.76500 1.00000 0 0
0.76500 0.43900 1.00000 0 0
0.68200 0.68200 1.73000 0 0

8
0.87867
3
0.18200 0.81800 0.23000 0 0
0.18200 0.81800 -0.23000 0 0
0.00000 1.00000 -0.50000 0 0

16
0.87867
3
0.18200 0.81800 0.23000 0 0
-0.03800 0.63300 0.00000 0 0
0.00000 1.00000 -0.50000 0 0

16
0.87980
3
0.93900 0.73500 0.50000 0 0
1.00000 1.00000 0.50000 0 0
0.63300 0.96200 0.00000 0 0

16
0.87980
3
0.93900 0.73500 0.50000 0 0
0.68200 0.68200 0.27000 0 0
0.63300 0.96200 0.00000 0 0

16
0.87980
3
0.63300 0.96200 1.00000 0 0
0.73500 0.93900 1.50000 0 0
0.93900 0.73500 1.50000 0 0

16
0.87992
3
0.36700 0.03800 1.00000 0 0
0.56100 0.23500 1.00000 0 0
0.73500 -0.06100 0.50000 0 0

16
0.87992
3
0.36700 0.03800 1.00000 0 0
0.63300 -0.03800 1.00000 0 0
0.73500 -0.06100 0.50000 0 0

16
0.87992
3
0.36700 0.03800 1.00000 0 0
0.43900 -0.23500 1.00000 0 0
0.73500 -0.06100 0.50000 0 0

16
0.87992
3
0.73500 0.93900 0.50000 0 0
0.53800 1.13300 0.50000 0 0
0.36700 1.03800 0.00000 0 0

16
0.87992
3
0.73500 0.93900 0.50000 0 0
0.46200 0.86700 0.50000 0 0
0.36700 1.03800 0.00000 0 0

16
0.88402
3
0.03800 0.36700 1.00000 0 0
0.06100 0.26500 1.50000 0 0
0.36700 0.03800 1.00000 0 0

8
0.88402
3
0.03800 0.36700 1.00000 0 0
0.31800 0.31800 1.27000 0 0
0.36700 0.03800 1.00000 0 0

8
0.88402
3
0.03800 0.36700 1.00000 0 0
-0.00000 -0.00000 1.50000 0 0
0.36700 0.03800 1.00000 0 0

16
0.88488
3
0.50000 0.50000 1.00000 0 0
0.76500 0.43900 1.00000 0 0
0.81800 0.18200 1.23000 0 0

4
0.88488
3
0.81800 0.18200 0.77000 0 0
0.81800 0.18200 1.23000 0 0
0.50000 0.50000 1.00000 0 0

16
0.88488
3
0.81800 0.18200 0.77000 0 0
0.53800 0.13300 0.50000 0 0
0.50000 0.50000 1.00000 0 0

4
0.54907
4
0.18200 0.81800 0.23000 0 0
0.18200 0.81800 -0.23000 0 0
0.43900 0.76500 0.00000 0 0
0.23500 0.56100 0.00000 0 0

8
0.55862
4
1.00000 1.00000 0.50000 0 0
1.26500 1.06100 0.50000 0 0
1.18200 0.81800 0.23000 0 0
1.18200 0.81800 0.77000 0 0

8
0.59260
4
0.81800 0.18200 0.23000 0 0
0.81800 0.18200 -0.23000 0 0
0.56100 0.23500 0.00000 0 0
0.63300 -0.03800 0.00000 0 0

8
0.60381
4
0.63300 0.96200 1.00000 0 0
0.43900 0.76500 1.00000 0 0
0.68200 0.68200 0.73000 0 0
0.68200 0.68200 1.27000 0 0

16
0.62301
4
0.86700 0.46200 0.50000 0 0
1.13300 0.53800 0.50000 0 0
0.93900 0.73500 0.50000 0 0
0.96200 0.63300 0.00000 0 0

16
0.62301
4
0.86700 0.46200 0.50000 0 0
0.93900 0.73500 0.50000 0 0
0.68200 0.68200 0.27000 0 0
0.96200 0.63300 0.00000 0 0

4
0.62301
4
0.86700 0.46200 0.50000 0 0
1.13300 0.53800 0.50000 0 0
1.03800 0.36700 0.00000 0 0
0.96200 0.63300 0.00000 0 0

16
0.62301
4
0.63300 0.96200 1.00000 0 0
0.43900 0.76500 1.00000 0 0
0.68200 0.68200 1.27000 0 0
0.46200 0.86700 1.50000 0 0

16
0.82194
4
0.43900 0.76500 1.00000 0 0
0.63300 0.96200 1.00000 0 0
0.46200 0.86700 1.50000 0 0
0.73500 0.93900 1.50000 0 0

16
0.82194
4
0.43900 0.76500 1.00000 0 0
0.63300 0.96200 1.00000 0 0
0.68200 0.68200 1.27000 0 0
0.73500 0.93900 1.50000 0 0

16
0.82194
4
0.73500 0.93900 0.50000 0 0
0.46200 0.86700 0.50000 0 0
0.68200 0.68200 0.73000 0 0
0.43900 0.76500 1.00000 0 0

16
0.86107
4
1.00000 1.00000 0.50000 0 0
1.06100 1.26500 0.50000 0 0
0.81800 1.18200 0.23000 0 0
1.03800 1.36700 0.00000 0 0

8
0.87596
4
0.43900 0.76500 1.00000 0 0
0.50000 0.50000 1.00000 0 0
0.68200 0.68200 1.27000 0 0
0.76500 0.43900 1.00000 0 0

16
0.87803
4
0.68200 0.68200 0.73000 0 0
0.68200 0.68200 0.27000 0 0
0.73500 0.93900 0.50000 0 0
0.43900 0.76500 0.00000 0 0

16
0.87803
4
0.68200 0.68200 0.73000 0 0
0.68200 0.68200 0.27000 0 0
0.46200 0.86700 0.50000 0 0
0.43900 0.76500 0.00000 0 0

8
0.87803
4
0.68200 0.68200 0.73000 0 0
0.68200 0.68200 0.27000 0 0
0.76500 0.43900 0.00000 0 0
0.43900 0.76500 0.00000 0 0

16
0.87803
4
0.68200 0.68200 0.73000 0 0
0.68200 0.68200 0.27000 0 0
0.50000 0.50000 0.00000 0 0
0.43900 0.76500 0.00000 0 0

16
0.87803
4
0.43900 0.76500 1.00000 0 0
0.50000 0.50000 1.00000 0 0
0.46200 0.86700 1.50000 0 0
0.68200 0.68200 1.73000 0 0

8
0.87803
4
0.43900 0.76500 1.00000 0 0
0.50000 0.50000 1.00000 0 0
0.76500 0.43900 1.00000 0 0
0.68200 0.68200 1.73000 0 0

16
0.87867
4
0.18200 0.81800 0.23000 0 0
0.18200 0.81800 -0.23000 0 0
-0.03800 0.63300 0.00000 0 0
0.00000 1.00000 -0.50000 0 0

16
0.87980
4
0.93900 0.73500 0.50000 0 0
1.00000 1.00000 0.50000 0 0
0.73500 0.93900 0.50000 0 0
0.63300 0.96200 0.00000 0 0

16
0.87980
4
0.63300 0.96200 1.00000 0 0
0.73500 0.93900 1.50000 0 0
0.68200 0.68200 1.27000 0 0
0.93900 0.73500 1.50000 0 0

16
0.87992
4
0.36700 0.03800 1.00000 0 0
0.63300 -0.03800 1.00000 0 0
0.56100 0.23500 1.00000 0 0
0.73500 -0.06100 0.50000 0 0

16
0.87992
4
0.36700 0.03800 1.00000 0 0
0.63300 -0.03800 1.00000 0 0
0.43900 -0.23500 1.00000 0 0
0.73500 -0.06100 0.50000 0 0

16
0.87992
4
0.36700 0.03800 1.00000 0 0
0.56100 0.23500 1.00000 0 0
0.53800 0.13300 0.50000 0 0
0.73500 -0.06100 0.50000 0 0

16
0.87992
4
0.36700 0.03800 1.00000 0 0
0.63300 -0.03800 1.00000 0 0
0.53800 0.13300 0.50000 0 0
0.73500 -0.06100 0.50000 0 0

16
0.87992
4
0.36700 0.03800 1.00000 0 0
0.56100 0.23500 1.00000 0 0
0.46200 -0.13300 0.50000 0 0
0.73500 -0.06100 0.50000 0 0

16
0.87992
4
0.36700 0.03800 1.00000 0 0
0.63300 -0.03800 1.00000 0 0
0.46200 -0.13300 0.50000 0 0
0.73500 -0.06100 0.50000 0 0

16
0.87992
4
0.36700 0.03800 1.00000 0 0
0.43900 -0.23500 1.00000 0 0
0.46200 -0.13300 0.50000 0 0
0.73500 -0.06100 0.50000 0 0

16
0.87992
4
0.73500 0.93900 0.50000 0 0
0.53800 1.13300 0.50000 0 0
0.46200 0.86700 0.50000 0 0
0.36700 1.03800 0.00000 0 0

16
0.88402
4
0.03800 0.36700 1.00000 0 0
0.06100 0.26500 1.50000 0 0
0.31800 0.31800 1.27000 0 0
0.36700 0.03800 1.00000 0 0

8
0.88402
4
0.03800 0.36700 1.00000 0 0
0.31800 0.31800 1.27000 0 0
-0.00000 -0.00000 1.50000 0 0
0.36700 0.03800 1.00000 0 0

8
0.88402
4
0.03800 0.36700 1.00000 0 0
0.06100 0.26500 0.50000 0 0
0.26500 0.06100 0.50000 0 0
0.36700 0.03800 1.00000 0 0

8
0.88488
4
0.50000 0.50000 1.00000 0 0
0.56100 0.23500 1.00000 0 0
0.76500 0.43900 1.00000 0 0
0.81800 0.18200 1.23000 0 0

16
0.88488
4
0.50000 0.50000 1.00000 0 0
0.76500 0.43900 1.00000 0 0
0.53800 0.13300 1.50000 0 0
0.81800 0.18200 1.23000 0 0

16
0.88488
4
0.50000 0.50000 1.00000 0 0
0.56100 0.23500 1.00000 0 0
0.53800 0.13300 1.50000 0 0
0.81800 0.18200 1.23000 0 0

8
0.88488
4
0.81800 0.18200 0.77000 0 0
0.81800 0.18200 1.23000 0 0
0.56100 0.23500 1.00000 0 0
0.50000 0.50000 1.00000 0 0

