2
0.70711
2
-1.00000 0.00000 1.00000 0 0
-0.50000 0.50000 1.00000 0 0

1
1.00000
2
-1.00000 0.00000 1.00000 0 0
-1.00000 0.00000 0.00000 0 0

2
1.00000
2
-1.00000 0.00000 1.00000 0 0
0.00000 0.00000 1.00000 0 0

4
1.22474
2
-1.00000 0.00000 1.00000 0 0
-0.50000 0.50000 0.00000 0 0

4
1.41421
2
-1.00000 0.00000 1.00000 0 0
0.00000 0.00000 0.00000 0 0

2
1.41421
2
-1.00000 0.00000 1.00000 0 0
0.00000 -1.00000 1.00000 0 0

4
1.58114
2
-1.00000 0.00000 1.00000 0 0
0.50000 0.50000 1.00000 0 0

4
1.00000
3
-1.00000 0.00000 1.00000 0 0
-0.50000 -0.50000 1.00000 0 0
0.00000 0.00000 1.00000 0 0

8
1.22474
3
-1.00000 0.00000 1.00000 0 0
-0.50000 0.50000 1.00000 0 0
-0.50000 0.50000 0.00000 0 0

8
1.22474
3
-1.00000 0.00000 1.00000 0 0
0.00000 0.00000 1.00000 0 0
-0.50000 0.50000 0.00000 0 0

16
1.41421
3
-1.00000 0.00000 1.00000 0 0
-0.50000 -0.50000 1.00000 0 0
0.00000 0.00000 0.00000 0 0

8
1.41421
3
-1.00000 0.00000 1.00000 0 0
-1.00000 0.00000 0.00000 0 0
0.00000 0.00000 0.00000 0 0

8
1.41421
3
-1.00000 0.00000 1.00000 0 0
-1.00000 1.00000 0.00000 0 0
0.00000 0.00000 0.00000 0 0

2
1.41421
3
-1.00000 0.00000 1.00000 0 0
-0.50000 -0.50000 1.00000 0 0
0.00000 -1.00000 1.00000 0 0

4
1.41421
3
-1.00000 0.00000 1.00000 0 0
0.00000 0.00000 1.00000 0 0
0.00000 -1.00000 1.00000 0 0

4
1.41421
3
-1.00000 0.00000 1.00000 0 0
-0.50000 -0.50000 0.00000 0 0
0.00000 -1.00000 1.00000 0 0

1
1.00000
4
-1.00000 0.00000 1.00000 0 0
-0.50000 0.50000 1.00000 0 0
-0.50000 -0.50000 1.00000 0 0
0.00000 0.00000 1.00000 0 0

2
1.22474
4
-1.00000 0.00000 1.00000 0 0
-0.50000 0.50000 1.00000 0 0
-1.00000 0.00000 0.00000 0 0
-0.50000 0.50000 0.00000 0 0

8
1.22474
4
-1.00000 0.00000 1.00000 0 0
-0.50000 0.50000 1.00000 0 0
0.00000 0.00000 1.00000 0 0
-0.50000 0.50000 0.00000 0 0

2
1.22474
4
-1.00000 0.00000 1.00000 0 0
0.00000 0.00000 1.00000 0 0
-0.50000 -0.50000 0.00000 0 0
-0.50000 0.50000 0.00000 0 0

