4
0.46000
2
0.31800 0.31800 0.27000 0 0
0.31800 0.31800 0.73000 0 0

4
0.52562
2
0.53800 0.13300 0.50000 0 0
0.46200 -0.13300 0.50000 0 0

4
0.54000
2
0.18200 0.81800 0.77000 0 0
0.18200 0.81800 0.23000 0 0

16
0.59260
2
0.81800 0.18200 0.23000 0 0
0.63300 -0.03800 0.00000 0 0

16
0.60381
2
0.68200 0.68200 0.27000 0 0
0.63300 0.96200 0.00000 0 0

16
0.62301
2
0.86700 0.46200 0.50000 0 0
0.96200 0.63300 0.00000 0 0

4
0.88402
2
0.03800 0.36700 1.00000 0 0
0.36700 0.03800 1.00000 0 0

16
0.90807
2
0.18200 0.81800 0.23000 0 0
0.13300 0.53800 -0.50000 0 0

16
0.92846
2
0.03800 0.36700 1.00000 0 0
0.18200 0.81800 1.23000 0 0

16
0.94267
2
0.81800 0.18200 0.77000 0 0
0.46200 -0.13300 0.50000 0 0

16
0.94402
2
0.81800 0.18200 0.77000 0 0
0.63300 -0.03800 0.00000 0 0

4
0.97807
2
0.68200 0.68200 0.27000 0 0
0.31800 0.31800 0.27000 0 0

16
0.98533
2
0.18200 0.81800 0.77000 0 0
0.31800 0.31800 0.73000 0 0

8
1.00000
2
0.13300 0.53800 0.50000 0 0
0.13300 0.53800 -0.50000 0 0

8
1.00000
2
0.18200 0.81800 0.77000 0 0
0.18200 0.81800 -0.23000 0 0

4
1.08084
2
0.68200 0.68200 0.27000 0 0
0.31800 0.31800 0.73000 0 0

4
1.08824
2
0.13300 0.53800 0.50000 0 0
0.53800 0.13300 0.50000 0 0

16
1.10264
2
0.81800 0.18200 0.23000 0 0
0.96200 -0.36700 0.00000 0 0

16
1.10421
2
0.18200 0.81800 0.77000 0 0
0.31800 0.31800 1.27000 0 0

16
1.10421
2
0.18200 0.81800 0.77000 0 0
0.31800 0.31800 0.27000 0 0

4
1.11724
2
0.68200 0.68200 0.73000 0 0
0.31800 0.31800 1.27000 0 0

8
1.12973
2
0.53800 0.13300 0.50000 0 0
0.46200 -0.13300 -0.50000 0 0

16
1.16130
2
0.81800 0.18200 0.23000 0 0
0.46200 -0.13300 -0.50000 0 0

16
1.16197
2
0.13300 0.53800 0.50000 0 0
0.36700 0.03800 0.00000 0 0

16
1.18408
2
0.53800 0.13300 0.50000 0 0
0.68200 -0.31800 -0.27000 0 0

16
1.32507
2
0.81800 0.18200 0.77000 0 0
0.96200 -0.36700 0.00000 0 0

8
1.33473
2
0.53800 0.13300 0.50000 0 0
0.86700 0.46200 -0.50000 0 0

16
1.34220
2
0.86700 0.46200 0.50000 0 0
1.36700 0.03800 0.00000 0 0

16
1.34580
2
0.81800 0.18200 0.23000 0 0
0.63300 -0.03800 -1.00000 0 0

8
1.36754
2
0.86700 0.46200 0.50000 0 0
0.46200 -0.13300 0.50000 0 0

16
1.37509
2
0.81800 0.18200 0.23000 0 0
0.68200 -0.31800 -0.73000 0 0

16
1.38007
2
0.68200 0.68200 0.27000 0 0
0.63300 0.96200 -1.00000 0 0

16
1.38863
2
0.63300 0.96200 1.00000 0 0
0.31800 0.31800 1.27000 0 0

8
1.39232
2
0.81800 0.18200 0.77000 0 0
0.18200 -0.18200 0.77000 0 0

16
1.39749
2
0.81800 0.18200 0.23000 0 0
0.86700 -0.53800 0.50000 0 0

8
1.39879
2
0.31800 0.31800 0.27000 0 0
0.68200 0.68200 -0.73000 0 0

4
1.40206
2
0.96200 0.63300 1.00000 0 0
1.03800 1.36700 1.00000 0 0

8
1.41990
2
0.13300 0.53800 0.50000 0 0
0.46200 -0.13300 0.50000 0 0

16
1.43209
2
0.31800 0.31800 0.27000 0 0
0.18200 0.81800 -0.77000 0 0

4
1.46000
2
0.18200 0.81800 0.23000 0 0
0.18200 0.81800 -1.23000 0 0

8
1.46634
2
0.31800 0.31800 0.27000 0 0
0.68200 -0.31800 0.73000 0 0

8
1.47792
2
0.13300 0.53800 0.50000 0 0
0.53800 0.13300 -0.50000 0 0

16
1.49142
2
0.13300 0.53800 0.50000 0 0
0.81800 0.18200 0.77000 0 0

8
1.49337
2
0.31800 0.31800 0.27000 0 0
0.68200 -0.31800 -0.27000 0 0

8
0.59260
3
0.81800 0.18200 0.23000 0 0
0.81800 0.18200 -0.23000 0 0
0.63300 -0.03800 0.00000 0 0

8
0.60381
3
0.68200 0.68200 0.27000 0 0
0.68200 0.68200 -0.27000 0 0
0.63300 0.96200 0.00000 0 0

16
0.62301
3
0.86700 0.46200 0.50000 0 0
1.13300 0.53800 0.50000 0 0
0.96200 0.63300 0.00000 0 0

16
0.62301
3
0.86700 0.46200 0.50000 0 0
0.68200 0.68200 0.27000 0 0
0.96200 0.63300 0.00000 0 0

8
0.88402
3
0.03800 0.36700 1.00000 0 0
0.31800 0.31800 1.27000 0 0
0.36700 0.03800 1.00000 0 0

4
0.62301
4
0.86700 0.46200 0.50000 0 0
1.13300 0.53800 0.50000 0 0
1.03800 0.36700 0.00000 0 0
0.96200 0.63300 0.00000 0 0

