6
0.50000
2
1.00000 1.00000 1.00000 0 0
0.50000 1.00000 1.00000 0 0

6
0.70711
2
0.50000 0.50000 0.50000 0 0
-0.00000 0.50000 1.00000 0 0

6
0.70711
2
1.00000 1.00000 1.00000 0 0
0.50000 0.50000 1.00000 0 0

8
0.86603
2
0.50000 0.50000 0.50000 0 0
1.00000 0.00000 0.00000 0 0

3
1.00000
2
1.00000 1.00000 1.00000 0 0
-0.00000 1.00000 1.00000 0 0

3
1.00000
2
0.50000 0.50000 0.50000 0 0
-0.50000 0.50000 0.50000 0 0

24
1.11803
2
1.00000 1.00000 1.00000 0 0
-0.00000 1.00000 1.50000 0 0

12
1.22474
2
1.00000 1.00000 1.00000 0 0
-0.00000 0.50000 1.50000 0 0

12
1.22474
2
0.50000 0.50000 0.50000 0 0
-0.50000 -0.00000 1.00000 0 0

12
0.70711
3
0.50000 0.50000 0.50000 0 0
-0.00000 0.50000 0.50000 0 0
-0.00000 0.50000 1.00000 0 0

8
0.70711
3
0.50000 0.50000 0.50000 0 0
0.50000 -0.00000 1.00000 0 0
-0.00000 0.50000 1.00000 0 0

12
0.70711
3
1.00000 1.00000 1.00000 0 0
0.50000 1.00000 1.00000 0 0
0.50000 0.50000 1.00000 0 0

8
0.70711
3
1.00000 1.00000 1.00000 0 0
0.50000 1.00000 0.50000 0 0
0.50000 0.50000 1.00000 0 0

24
0.86603
3
0.50000 0.50000 0.50000 0 0
1.00000 0.50000 0.50000 0 0
1.00000 0.00000 0.00000 0 0

24
0.86603
3
1.00000 1.00000 1.00000 0 0
1.00000 1.00000 1.50000 0 0
1.50000 1.50000 1.50000 0 0

6
0.70711
4
0.50000 0.50000 0.50000 0 0
0.50000 0.50000 1.00000 0 0
-0.00000 0.50000 0.50000 0 0
-0.00000 0.50000 1.00000 0 0

8
0.70711
4
0.50000 0.50000 0.50000 0 0
0.50000 0.50000 1.00000 0 0
0.50000 -0.00000 1.00000 0 0
-0.00000 0.50000 1.00000 0 0

2
0.70711
4
0.50000 0.50000 0.50000 0 0
-0.00000 -0.00000 0.50000 0 0
0.50000 -0.00000 1.00000 0 0
-0.00000 0.50000 1.00000 0 0

8
0.70711
4
1.00000 1.00000 1.00000 0 0
0.50000 1.00000 1.00000 0 0
0.50000 1.00000 0.50000 0 0
0.50000 0.50000 1.00000 0 0

2
0.70711
4
1.00000 1.00000 1.00000 0 0
1.00000 0.50000 0.50000 0 0
0.50000 1.00000 0.50000 0 0
0.50000 0.50000 1.00000 0 0

24
0.86603
4
0.50000 0.50000 0.50000 0 0
0.50000 -0.00000 0.50000 0 0
1.00000 0.50000 0.50000 0 0
1.00000 0.00000 0.00000 0 0

48
0.86603
4
0.50000 0.50000 0.50000 0 0
1.00000 0.50000 0.50000 0 0
1.00000 -0.00000 0.50000 0 0
1.00000 0.00000 0.00000 0 0

12
0.86603
4
0.50000 0.50000 0.50000 0 0
0.50000 0.50000 0.00000 0 0
1.00000 -0.00000 0.50000 0 0
1.00000 0.00000 0.00000 0 0

24
0.86603
4
1.00000 1.00000 1.00000 0 0
1.00000 1.50000 1.00000 0 0
1.00000 1.00000 1.50000 0 0
1.50000 1.50000 1.50000 0 0

