4
0.43301
2
0.25000 0.25000 0.25000 0 0
0.50000 0.50000 0.00000 0 0

6
0.70711
2
0.25000 0.25000 0.25000 0 0
-0.25000 0.25000 0.75000 0 0

6
0.70711
2
1.00000 1.00000 1.00000 0 0
0.50000 0.50000 1.00000 0 0

12
0.82916
2
0.25000 0.25000 0.25000 0 0
0.50000 0.00000 -0.50000 0 0

3
1.00000
2
1.00000 1.00000 1.00000 0 0
-0.00000 1.00000 1.00000 0 0

3
1.00000
2
0.25000 0.25000 0.25000 0 0
-0.75000 0.25000 0.25000 0 0

12
1.08972
2
0.25000 0.25000 0.25000 0 0
-0.50000 -0.50000 0.00000 0 0

12
1.22474
2
1.00000 1.00000 1.00000 0 0
-0.00000 0.50000 1.50000 0 0

12
1.22474
2
0.25000 0.25000 0.25000 0 0
-0.75000 -0.25000 0.75000 0 0

4
1.29904
2
0.25000 0.25000 0.25000 0 0
1.00000 -0.50000 -0.50000 0 0

12
1.29904
2
0.25000 0.25000 0.25000 0 0
-1.00000 0.00000 0.00000 0 0

6
1.41421
2
1.00000 1.00000 1.00000 0 0
-0.00000 1.00000 2.00000 0 0

6
1.41421
2
0.25000 0.25000 0.25000 0 0
-0.75000 0.25000 1.25000 0 0

24
1.47902
2
0.25000 0.25000 0.25000 0 0
1.00000 -1.00000 0.00000 0 0

12
1.58114
2
1.00000 1.00000 1.00000 0 0
-0.50000 0.50000 1.00000 0 0

12
1.58114
2
0.25000 0.25000 0.25000 0 0
-1.25000 -0.25000 0.25000 0 0

12
1.63936
2
0.25000 0.25000 0.25000 0 0
-1.00000 -0.50000 -0.50000 0 0

4
1.73205
2
1.00000 1.00000 1.00000 0 0
-0.00000 -0.00000 2.00000 0 0

4
1.73205
2
0.25000 0.25000 0.25000 0 0
-0.75000 -0.75000 1.25000 0 0

12
1.78536
2
1.00000 1.00000 1.00000 0 0
-0.75000 1.25000 1.25000 0 0

12
1.78536
2
1.00000 1.00000 1.00000 0 0
-0.25000 0.75000 2.25000 0 0

6
0.70711
3
0.25000 0.25000 0.25000 0 0
-0.00000 0.50000 0.50000 0 0
-0.25000 0.25000 0.75000 0 0

4
0.70711
3
0.25000 0.25000 0.25000 0 0
0.25000 -0.25000 0.75000 0 0
-0.25000 0.25000 0.75000 0 0

4
0.70711
3
0.25000 0.25000 0.25000 0 0
-0.25000 0.75000 0.25000 0 0
-0.25000 0.25000 0.75000 0 0

6
0.70711
3
1.00000 1.00000 1.00000 0 0
0.75000 0.75000 1.25000 0 0
0.50000 0.50000 1.00000 0 0

4
0.70711
3
1.00000 1.00000 1.00000 0 0
0.50000 1.00000 0.50000 0 0
0.50000 0.50000 1.00000 0 0

4
0.70711
3
1.00000 1.00000 1.00000 0 0
0.50000 1.00000 1.50000 0 0
0.50000 0.50000 1.00000 0 0

24
0.82916
3
0.25000 0.25000 0.25000 0 0
0.50000 0.50000 0.00000 0 0
0.50000 0.00000 -0.50000 0 0

6
0.82916
3
0.25000 0.25000 0.25000 0 0
0.75000 -0.25000 0.25000 0 0
0.50000 0.00000 -0.50000 0 0

12
0.82916
3
0.25000 0.25000 0.25000 0 0
0.25000 0.75000 -0.25000 0 0
0.50000 0.00000 -0.50000 0 0

24
0.82916
3
1.00000 1.00000 1.00000 0 0
0.75000 0.75000 1.25000 0 0
0.25000 1.25000 1.25000 0 0

12
0.82916
3
1.00000 1.00000 1.00000 0 0
0.50000 0.50000 1.00000 0 0
0.25000 1.25000 1.25000 0 0

6
0.82916
3
1.00000 1.00000 1.00000 0 0
1.00000 1.50000 1.50000 0 0
0.25000 1.25000 1.25000 0 0

12
1.00000
3
1.00000 1.00000 1.00000 0 0
0.75000 0.75000 1.25000 0 0
-0.00000 1.00000 1.00000 0 0

12
1.00000
3
1.00000 1.00000 1.00000 0 0
0.50000 0.50000 1.00000 0 0
-0.00000 1.00000 1.00000 0 0

12
1.00000
3
0.25000 0.25000 0.25000 0 0
0.00000 0.00000 0.00000 0 0
-0.75000 0.25000 0.25000 0 0

12
1.00000
3
0.25000 0.25000 0.25000 0 0
-0.25000 0.25000 0.75000 0 0
-0.75000 0.25000 0.25000 0 0

1
0.70711
4
0.25000 0.25000 0.25000 0 0
-0.25000 -0.25000 0.25000 0 0
0.25000 -0.25000 0.75000 0 0
-0.25000 0.25000 0.75000 0 0

4
0.70711
4
0.25000 0.25000 0.25000 0 0
-0.00000 0.50000 0.50000 0 0
-0.25000 0.75000 0.25000 0 0
-0.25000 0.25000 0.75000 0 0

1
0.70711
4
0.25000 0.25000 0.25000 0 0
0.25000 0.75000 0.75000 0 0
-0.25000 0.75000 0.25000 0 0
-0.25000 0.25000 0.75000 0 0

1
0.70711
4
1.00000 1.00000 1.00000 0 0
1.00000 0.50000 0.50000 0 0
0.50000 1.00000 0.50000 0 0
0.50000 0.50000 1.00000 0 0

4
0.70711
4
1.00000 1.00000 1.00000 0 0
0.75000 0.75000 1.25000 0 0
0.50000 1.00000 1.50000 0 0
0.50000 0.50000 1.00000 0 0

1
0.70711
4
1.00000 1.00000 1.00000 0 0
1.00000 0.50000 1.50000 0 0
0.50000 1.00000 1.50000 0 0
0.50000 0.50000 1.00000 0 0

12
0.82916
4
0.25000 0.25000 0.25000 0 0
0.00000 0.00000 0.00000 0 0
0.50000 0.50000 0.00000 0 0
0.50000 0.00000 -0.50000 0 0

24
0.82916
4
0.25000 0.25000 0.25000 0 0
0.50000 0.50000 0.00000 0 0
0.75000 -0.25000 0.25000 0 0
0.50000 0.00000 -0.50000 0 0

12
0.82916
4
0.25000 0.25000 0.25000 0 0
0.50000 0.50000 0.00000 0 0
0.25000 0.75000 -0.25000 0 0
0.50000 0.00000 -0.50000 0 0

24
0.82916
4
0.25000 0.25000 0.25000 0 0
0.00000 0.00000 0.00000 0 0
0.25000 0.75000 -0.25000 0 0
0.50000 0.00000 -0.50000 0 0

4
0.82916
4
0.25000 0.25000 0.25000 0 0
-0.25000 0.25000 -0.25000 0 0
0.25000 0.75000 -0.25000 0 0
0.50000 0.00000 -0.50000 0 0

12
0.82916
4
0.25000 0.25000 0.25000 0 0
0.50000 0.50000 0.00000 0 0
0.25000 -0.25000 -0.25000 0 0
0.50000 0.00000 -0.50000 0 0

24
0.82916
4
0.25000 0.25000 0.25000 0 0
0.00000 0.00000 0.00000 0 0
0.25000 -0.25000 -0.25000 0 0
0.50000 0.00000 -0.50000 0 0

12
0.82916
4
0.25000 0.25000 0.25000 0 0
0.50000 0.50000 0.00000 0 0
1.00000 0.00000 0.00000 0 0
0.50000 0.00000 -0.50000 0 0

12
0.82916
4
0.25000 0.25000 0.25000 0 0
0.50000 0.50000 0.00000 0 0
0.00000 0.50000 -0.50000 0 0
0.50000 0.00000 -0.50000 0 0

12
0.82916
4
1.00000 1.00000 1.00000 0 0
0.75000 1.25000 0.75000 0 0
0.75000 0.75000 1.25000 0 0
0.25000 1.25000 1.25000 0 0

12
0.82916
4
1.00000 1.00000 1.00000 0 0
0.75000 0.75000 1.25000 0 0
0.50000 0.50000 1.00000 0 0
0.25000 1.25000 1.25000 0 0

4
0.82916
4
1.00000 1.00000 1.00000 0 0
0.50000 1.00000 0.50000 0 0
0.50000 0.50000 1.00000 0 0
0.25000 1.25000 1.25000 0 0

12
0.82916
4
1.00000 1.00000 1.00000 0 0
0.75000 0.75000 1.25000 0 0
0.75000 1.25000 1.75000 0 0
0.25000 1.25000 1.25000 0 0

12
0.82916
4
1.00000 1.00000 1.00000 0 0
0.75000 0.75000 1.25000 0 0
0.25000 0.75000 0.75000 0 0
0.25000 1.25000 1.25000 0 0

