3
0.79349
2
0.00000 -0.00000 1.00000 0 0
-0.33333 0.33333 1.33333 0 0

3
1.00000
2
0.00000 -0.00000 1.00000 0 0
0.00000 1.00000 1.00000 0 0

3
1.23228
2
0.00000 -0.00000 1.00000 0 0
0.66667 0.33333 0.33333 0 0

3
1.27657
2
0.00000 -0.00000 1.00000 0 0
1.33333 0.66667 0.66667 0 0

3
1.58699
2
0.00000 -0.00000 1.00000 0 0
0.66667 -0.66667 0.33333 0 0

6
1.62161
2
0.00000 -0.00000 1.00000 0 0
-0.33333 1.33333 1.33333 0 0

1
1.63300
2
0.00000 -0.00000 1.00000 0 0
0.00000 0.00000 0.00000 0 0

3
1.73205
2
0.00000 -0.00000 1.00000 0 0
1.00000 2.00000 1.00000 0 0

6
1.87577
2
0.00000 -0.00000 1.00000 0 0
-0.33333 -1.66667 0.33333 0 0

6
1.91486
2
0.00000 -0.00000 1.00000 0 0
1.00000 0.00000 0.00000 0 0

3
2.00000
2
0.00000 -0.00000 1.00000 0 0
0.00000 2.00000 1.00000 0 0

6
1.00000
3
0.00000 -0.00000 1.00000 0 0
-0.33333 0.33333 1.33333 0 0
0.00000 1.00000 1.00000 0 0

2
1.00000
3
0.00000 -0.00000 1.00000 0 0
1.00000 1.00000 1.00000 0 0
0.00000 1.00000 1.00000 0 0

6
1.23228
3
0.00000 -0.00000 1.00000 0 0
0.33333 -0.33333 0.66667 0 0
0.66667 0.33333 0.33333 0 0

6
1.23228
3
0.00000 -0.00000 1.00000 0 0
1.00000 -0.00000 1.00000 0 0
0.66667 0.33333 0.33333 0 0

12
1.27657
3
0.00000 -0.00000 1.00000 0 0
0.33333 -0.33333 0.66667 0 0
1.33333 0.66667 0.66667 0 0

6
1.27657
3
0.00000 -0.00000 1.00000 0 0
0.66667 0.33333 1.33333 0 0
1.33333 0.66667 0.66667 0 0

2
1.00000
4
0.00000 -0.00000 1.00000 0 0
0.33333 0.66667 0.66667 0 0
1.00000 1.00000 1.00000 0 0
0.00000 1.00000 1.00000 0 0

3
1.23228
4
0.00000 -0.00000 1.00000 0 0
0.33333 0.66667 0.66667 0 0
0.33333 -0.33333 0.66667 0 0
0.66667 0.33333 0.33333 0 0

6
1.23228
4
0.00000 -0.00000 1.00000 0 0
0.33333 -0.33333 0.66667 0 0
1.00000 -0.00000 1.00000 0 0
0.66667 0.33333 0.33333 0 0

2
1.23228
4
0.00000 -0.00000 1.00000 0 0
1.00000 1.00000 1.00000 0 0
1.00000 -0.00000 1.00000 0 0
0.66667 0.33333 0.33333 0 0

