4
0.70711
2
0.50000 0.50000 0.00000 0 0
-0.00000 1.00000 0.00000 0 0

2
1.00000
2
0.50000 0.50000 0.50000 0 0
0.50000 1.50000 0.50000 0 0

2
1.00000
2
0.50000 0.50000 0.00000 0 0
0.50000 0.50000 -0.50000 0 0

2
1.00000
2
0.50000 0.50000 0.00000 0 0
-0.50000 0.50000 0.00000 0 0

4
1.22474
2
0.50000 0.50000 0.50000 0 0
0.00000 0.00000 0.00000 0 0

4
1.22474
2
0.50000 0.50000 0.00000 0 0
0.00000 -0.00000 -0.50000 0 0

8
1.41421
2
0.50000 0.50000 0.50000 0 0
-0.50000 0.50000 1.00000 0 0

2
1.41421
2
0.50000 0.50000 0.50000 0 0
1.50000 1.50000 0.50000 0 0

2
1.41421
2
0.50000 0.50000 0.00000 0 0
-0.50000 1.50000 0.00000 0 0

8
1.58114
2
0.50000 0.50000 0.00000 0 0
-0.00000 -1.00000 0.00000 0 0

8
1.73205
2
0.50000 0.50000 0.00000 0 0
-0.50000 -0.50000 -0.50000 0 0

8
1.87083
2
0.50000 0.50000 0.50000 0 0
1.00000 -1.00000 0.00000 0 0

8
1.87083
2
0.50000 0.50000 0.00000 0 0
-0.00000 2.00000 0.50000 0 0

2
2.00000
2
0.50000 0.50000 0.50000 0 0
-1.50000 0.50000 0.50000 0 0

2
2.00000
2
0.50000 0.50000 0.00000 0 0
-1.50000 0.50000 0.00000 0 0

1
2.00000
2
0.50000 0.50000 0.50000 0 0
0.50000 0.50000 -0.50000 0 0

1
2.00000
2
0.50000 0.50000 0.00000 0 0
0.50000 0.50000 -1.00000 0 0

4
1.00000
3
0.50000 0.50000 0.50000 0 0
-0.00000 1.00000 0.50000 0 0
0.50000 1.50000 0.50000 0 0

4
1.00000
3
0.50000 0.50000 0.00000 0 0
0.00000 0.00000 0.00000 0 0
-0.50000 0.50000 0.00000 0 0

8
1.22474
3
0.50000 0.50000 0.50000 0 0
-0.00000 -0.00000 0.50000 0 0
0.00000 0.00000 0.00000 0 0

8
1.22474
3
0.50000 0.50000 0.50000 0 0
-0.50000 0.50000 0.50000 0 0
0.00000 0.00000 0.00000 0 0

8
1.22474
3
0.50000 0.50000 0.00000 0 0
0.00000 0.00000 0.00000 0 0
0.00000 -0.00000 -0.50000 0 0

8
1.22474
3
0.50000 0.50000 0.00000 0 0
-0.50000 0.50000 0.00000 0 0
0.00000 -0.00000 -0.50000 0 0

16
1.41421
3
0.50000 0.50000 0.50000 0 0
-0.00000 1.00000 0.50000 0 0
-0.50000 0.50000 1.00000 0 0

8
1.41421
3
0.50000 0.50000 0.50000 0 0
0.50000 0.50000 1.00000 0 0
-0.50000 0.50000 1.00000 0 0

8
1.41421
3
0.50000 0.50000 0.50000 0 0
-0.50000 0.50000 0.50000 0 0
-0.50000 0.50000 1.00000 0 0

8
1.41421
3
0.50000 0.50000 0.50000 0 0
-0.50000 1.50000 0.50000 0 0
-0.50000 0.50000 1.00000 0 0

8
1.41421
3
0.50000 0.50000 0.50000 0 0
0.50000 -0.50000 1.00000 0 0
-0.50000 0.50000 1.00000 0 0

16
1.41421
3
0.50000 0.50000 0.00000 0 0
1.00000 0.00000 0.00000 0 0
1.50000 0.50000 -0.50000 0 0

2
1.41421
3
0.50000 0.50000 0.50000 0 0
1.00000 1.00000 0.50000 0 0
1.50000 1.50000 0.50000 0 0

4
1.41421
3
0.50000 0.50000 0.50000 0 0
0.50000 1.50000 0.50000 0 0
1.50000 1.50000 0.50000 0 0

4
1.41421
3
0.50000 0.50000 0.50000 0 0
1.00000 1.00000 0.00000 0 0
1.50000 1.50000 0.50000 0 0

2
1.41421
3
0.50000 0.50000 0.00000 0 0
-0.00000 1.00000 0.00000 0 0
-0.50000 1.50000 0.00000 0 0

4
1.41421
3
0.50000 0.50000 0.00000 0 0
-0.50000 0.50000 0.00000 0 0
-0.50000 1.50000 0.00000 0 0

4
1.41421
3
0.50000 0.50000 0.00000 0 0
-0.00000 1.00000 -0.50000 0 0
-0.50000 1.50000 0.00000 0 0

2
1.00000
4
0.50000 0.50000 0.50000 0 0
1.00000 1.00000 0.50000 0 0
-0.00000 1.00000 0.50000 0 0
0.50000 1.50000 0.50000 0 0

8
1.22474
4
0.50000 0.50000 0.50000 0 0
-0.00000 -0.00000 0.50000 0 0
-0.50000 0.50000 0.50000 0 0
0.00000 0.00000 0.00000 0 0

4
1.22474
4
0.50000 0.50000 0.50000 0 0
-0.00000 -0.00000 0.50000 0 0
0.50000 0.50000 0.00000 0 0
0.00000 0.00000 0.00000 0 0

2
1.22474
4
0.50000 0.50000 0.50000 0 0
-0.50000 0.50000 0.50000 0 0
-0.00000 1.00000 0.00000 0 0
0.00000 0.00000 0.00000 0 0

8
1.22474
4
0.50000 0.50000 0.00000 0 0
0.00000 0.00000 0.00000 0 0
-0.50000 0.50000 0.00000 0 0
0.00000 -0.00000 -0.50000 0 0

2
1.22474
4
0.50000 0.50000 0.00000 0 0
-0.50000 0.50000 0.00000 0 0
-0.00000 1.00000 -0.50000 0 0
0.00000 -0.00000 -0.50000 0 0

