2
0.63246
2
1.00000 1.00000 1.00000 0 0
1.00000 1.00000 0.00000 0 0

8
0.77460
2
0.50000 0.50000 0.50000 0 0
0.00000 0.00000 0.00000 0 0

4
1.00000
2
0.50000 0.50000 0.50000 0 0
0.50000 -0.50000 0.50000 0 0

8
1.18322
2
0.50000 0.50000 0.50000 0 0
0.50000 -0.50000 -0.50000 0 0

8
1.18322
2
0.50000 0.50000 0.50000 0 0
0.00000 0.00000 -1.00000 0 0

2
1.26492
2
0.50000 0.50000 0.50000 0 0
0.50000 0.50000 -1.50000 0 0

2
1.41421
2
0.50000 0.50000 0.50000 0 0
-0.50000 1.50000 0.50000 0 0

2
1.41421
2
1.00000 1.00000 1.00000 0 0
-0.00000 2.00000 1.00000 0 0

4
1.54920
2
0.50000 0.50000 0.50000 0 0
-0.50000 -0.50000 -0.50000 0 0

4
1.54920
2
1.00000 1.00000 1.00000 0 0
0.00000 0.00000 0.00000 0 0

4
0.77460
3
0.50000 0.50000 0.50000 0 0
0.50000 0.50000 -0.50000 0 0
0.00000 0.00000 0.00000 0 0

4
0.77460
3
1.00000 1.00000 1.00000 0 0
1.00000 1.00000 2.00000 0 0
1.50000 1.50000 1.50000 0 0

16
1.00000
3
0.50000 0.50000 0.50000 0 0
0.00000 0.00000 0.00000 0 0
0.50000 -0.50000 0.50000 0 0

16
1.18322
3
0.50000 0.50000 0.50000 0 0
0.50000 0.50000 -0.50000 0 0
0.50000 -0.50000 -0.50000 0 0

16
1.18322
3
0.50000 0.50000 0.50000 0 0
0.00000 0.00000 0.00000 0 0
0.50000 -0.50000 -0.50000 0 0

16
1.18322
3
0.50000 0.50000 0.50000 0 0
-0.00000 -0.00000 1.00000 0 0
0.50000 -0.50000 -0.50000 0 0

16
1.18322
3
0.50000 0.50000 0.50000 0 0
1.00000 -0.00000 1.00000 0 0
0.50000 -0.50000 -0.50000 0 0

8
1.18322
3
0.50000 0.50000 0.50000 0 0
0.50000 0.50000 -0.50000 0 0
0.00000 0.00000 -1.00000 0 0

16
1.18322
3
0.50000 0.50000 0.50000 0 0
0.50000 -0.50000 0.50000 0 0
0.00000 0.00000 -1.00000 0 0

8
1.18322
3
1.00000 1.00000 1.00000 0 0
1.00000 1.00000 2.00000 0 0
1.50000 1.50000 2.50000 0 0

4
1.00000
4
0.50000 0.50000 0.50000 0 0
1.00000 0.00000 0.00000 0 0
0.00000 0.00000 0.00000 0 0
0.50000 -0.50000 0.50000 0 0

16
1.18322
4
0.50000 0.50000 0.50000 0 0
0.50000 0.50000 -0.50000 0 0
0.00000 0.00000 0.00000 0 0
0.50000 -0.50000 -0.50000 0 0

8
1.18322
4
0.50000 0.50000 0.50000 0 0
1.00000 0.00000 0.00000 0 0
0.00000 0.00000 0.00000 0 0
0.50000 -0.50000 -0.50000 0 0

16
1.18322
4
0.50000 0.50000 0.50000 0 0
1.00000 -0.00000 1.00000 0 0
0.00000 0.00000 0.00000 0 0
0.50000 -0.50000 -0.50000 0 0

16
1.18322
4
0.50000 0.50000 0.50000 0 0
0.50000 0.50000 -0.50000 0 0
-0.00000 -0.00000 1.00000 0 0
0.50000 -0.50000 -0.50000 0 0

16
1.18322
4
0.50000 0.50000 0.50000 0 0
1.00000 -0.00000 1.00000 0 0
-0.00000 -0.00000 1.00000 0 0
0.50000 -0.50000 -0.50000 0 0

16
1.18322
4
0.50000 0.50000 0.50000 0 0
0.50000 0.50000 -0.50000 0 0
1.00000 0.00000 0.00000 0 0
0.50000 -0.50000 -0.50000 0 0

16
1.18322
4
0.50000 0.50000 0.50000 0 0
0.50000 0.50000 -0.50000 0 0
1.00000 -0.00000 1.00000 0 0
0.50000 -0.50000 -0.50000 0 0

4
1.18322
4
0.50000 0.50000 0.50000 0 0
0.50000 0.50000 -0.50000 0 0
0.50000 -0.50000 0.50000 0 0
0.50000 -0.50000 -0.50000 0 0

16
1.18322
4
0.50000 0.50000 0.50000 0 0
0.50000 0.50000 -0.50000 0 0
0.00000 0.00000 -1.00000 0 0
0.50000 -0.50000 -0.50000 0 0

16
1.18322
4
0.50000 0.50000 0.50000 0 0
0.50000 0.50000 -0.50000 0 0
1.00000 0.00000 -1.00000 0 0
0.50000 -0.50000 -0.50000 0 0

8
1.18322
4
0.50000 0.50000 0.50000 0 0
0.50000 0.50000 -0.50000 0 0
0.00000 0.00000 0.00000 0 0
0.00000 0.00000 -1.00000 0 0

16
1.18322
4
0.50000 0.50000 0.50000 0 0
0.50000 0.50000 -0.50000 0 0
1.00000 0.00000 0.00000 0 0
0.00000 0.00000 -1.00000 0 0

16
1.18322
4
0.50000 0.50000 0.50000 0 0
0.50000 0.50000 -0.50000 0 0
1.00000 0.00000 -1.00000 0 0
0.00000 0.00000 -1.00000 0 0

4
1.18322
4
0.50000 0.50000 0.50000 0 0
0.50000 -0.50000 0.50000 0 0
1.00000 0.00000 -1.00000 0 0
0.00000 0.00000 -1.00000 0 0

16
1.18322
4
1.00000 1.00000 1.00000 0 0
1.00000 1.00000 2.00000 0 0
1.50000 0.50000 1.50000 0 0
1.50000 1.50000 2.50000 0 0

