12
0.70711
2
0.50000 1.00000 1.00000 0 0
1.00000 0.50000 1.00000 0 0

3
1.00000
2
1.00000 0.50000 1.00000 0 0
1.00000 1.50000 1.00000 0 0

6
1.00000
2
1.00000 0.50000 1.00000 0 0
1.00000 0.50000 0.00000 0 0

24
1.22474
2
1.00000 1.00000 0.50000 0 0
1.50000 0.00000 0.00000 0 0

12
1.41421
2
1.00000 0.50000 1.00000 0 0
2.00000 1.50000 1.00000 0 0

6
1.41421
2
1.00000 1.00000 0.50000 0 0
-0.00000 2.00000 0.50000 0 0

24
1.58114
2
1.00000 1.00000 0.50000 0 0
-0.50000 1.00000 0.00000 0 0

12
1.73205
2
1.00000 0.50000 1.00000 0 0
0.00000 1.50000 2.00000 0 0

48
1.87083
2
1.00000 0.50000 1.00000 0 0
-0.50000 -0.00000 2.00000 0 0

3
2.00000
2
0.50000 1.00000 1.00000 0 0
2.50000 1.00000 1.00000 0 0

6
2.00000
2
1.00000 0.50000 1.00000 0 0
1.00000 0.50000 -1.00000 0 0

8
0.70711
3
1.00000 0.50000 1.00000 0 0
1.00000 1.00000 1.50000 0 0
0.50000 1.00000 1.00000 0 0

12
1.00000
3
1.00000 0.50000 1.00000 0 0
0.50000 1.00000 1.00000 0 0
1.00000 1.50000 1.00000 0 0

12
1.00000
3
1.00000 0.50000 1.00000 0 0
1.00000 1.00000 0.50000 0 0
1.00000 0.50000 0.00000 0 0

24
1.22474
3
1.00000 1.00000 0.50000 0 0
1.00000 0.50000 1.00000 0 0
1.50000 0.00000 0.00000 0 0

48
1.22474
3
1.00000 1.00000 0.50000 0 0
1.50000 1.00000 0.00000 0 0
1.50000 0.00000 0.00000 0 0

24
1.22474
3
1.00000 1.00000 0.50000 0 0
1.00000 0.50000 0.00000 0 0
1.50000 0.00000 0.00000 0 0

24
1.22474
3
1.00000 1.00000 0.50000 0 0
1.00000 1.00000 -0.50000 0 0
1.50000 0.00000 0.00000 0 0

24
1.22474
3
1.00000 1.00000 0.50000 0 0
2.00000 1.00000 0.50000 0 0
1.50000 0.00000 0.00000 0 0

8
1.22474
3
1.00000 1.00000 0.50000 0 0
2.00000 0.50000 1.00000 0 0
1.50000 0.00000 0.00000 0 0

48
1.41421
3
1.00000 0.50000 1.00000 0 0
1.00000 1.00000 1.50000 0 0
2.00000 1.50000 1.00000 0 0

12
1.41421
3
1.00000 0.50000 1.00000 0 0
1.50000 1.00000 1.00000 0 0
2.00000 1.50000 1.00000 0 0

24
1.41421
3
1.00000 0.50000 1.00000 0 0
1.00000 1.50000 1.00000 0 0
2.00000 1.50000 1.00000 0 0

24
1.41421
3
1.00000 0.50000 1.00000 0 0
1.50000 1.00000 2.00000 0 0
2.00000 1.50000 1.00000 0 0

24
1.41421
3
1.00000 0.50000 1.00000 0 0
1.00000 1.50000 2.00000 0 0
2.00000 1.50000 1.00000 0 0

48
1.41421
3
1.00000 1.00000 0.50000 0 0
0.50000 1.00000 1.00000 0 0
-0.00000 2.00000 0.50000 0 0

12
1.41421
3
1.00000 1.00000 0.50000 0 0
-0.00000 1.00000 0.50000 0 0
-0.00000 2.00000 0.50000 0 0

12
1.00000
4
1.00000 0.50000 1.00000 0 0
1.00000 1.00000 1.50000 0 0
0.50000 1.00000 1.00000 0 0
1.00000 1.50000 1.00000 0 0

3
1.00000
4
1.00000 0.50000 1.00000 0 0
1.50000 1.00000 1.00000 0 0
0.50000 1.00000 1.00000 0 0
1.00000 1.50000 1.00000 0 0

3
1.00000
4
1.00000 0.50000 1.00000 0 0
1.00000 -0.00000 0.50000 0 0
1.00000 1.00000 0.50000 0 0
1.00000 0.50000 0.00000 0 0

48
1.22474
4
1.00000 1.00000 0.50000 0 0
1.50000 1.00000 0.00000 0 0
1.00000 0.50000 1.00000 0 0
1.50000 0.00000 0.00000 0 0

48
1.22474
4
1.00000 1.00000 0.50000 0 0
1.00000 0.50000 0.00000 0 0
1.00000 0.50000 1.00000 0 0
1.50000 0.00000 0.00000 0 0

48
1.22474
4
1.00000 1.00000 0.50000 0 0
1.00000 0.50000 0.00000 0 0
1.50000 1.00000 0.00000 0 0
1.50000 0.00000 0.00000 0 0

24
1.22474
4
1.00000 1.00000 0.50000 0 0
1.50000 1.00000 0.00000 0 0
1.00000 1.00000 -0.50000 0 0
1.50000 0.00000 0.00000 0 0

24
1.22474
4
1.00000 1.00000 0.50000 0 0
1.00000 0.50000 0.00000 0 0
1.00000 1.00000 -0.50000 0 0
1.50000 0.00000 0.00000 0 0

12
1.22474
4
1.00000 1.00000 0.50000 0 0
1.50000 1.00000 0.00000 0 0
1.00000 -0.00000 0.50000 0 0
1.50000 0.00000 0.00000 0 0

48
1.22474
4
1.00000 1.00000 0.50000 0 0
1.00000 0.50000 1.00000 0 0
2.00000 1.00000 0.50000 0 0
1.50000 0.00000 0.00000 0 0

24
1.22474
4
1.00000 1.00000 0.50000 0 0
1.50000 1.00000 0.00000 0 0
2.00000 1.00000 0.50000 0 0
1.50000 0.00000 0.00000 0 0

12
1.22474
4
1.00000 1.00000 0.50000 0 0
1.00000 0.50000 1.00000 0 0
0.50000 0.00000 0.00000 0 0
1.50000 0.00000 0.00000 0 0

6
1.22474
4
1.00000 1.00000 0.50000 0 0
1.00000 1.00000 -0.50000 0 0
0.50000 0.00000 0.00000 0 0
1.50000 0.00000 0.00000 0 0

6
1.22474
4
1.00000 1.00000 0.50000 0 0
2.00000 1.00000 0.50000 0 0
1.50000 -0.00000 1.00000 0 0
1.50000 0.00000 0.00000 0 0

