6
0.70711
2
0.25000 0.25000 0.25000 0 0
0.25000 -0.25000 0.75000 0 0

3
1.00000
2
0.25000 0.25000 0.25000 0 0
-0.75000 0.25000 0.25000 0 0

12
1.22474
2
0.25000 0.25000 0.25000 0 0
-0.75000 -0.25000 0.75000 0 0

6
1.41421
2
0.25000 0.25000 0.25000 0 0
-0.75000 0.25000 1.25000 0 0

12
1.58114
2
0.25000 0.25000 0.25000 0 0
-1.25000 -0.25000 0.25000 0 0

4
1.73205
2
0.25000 0.25000 0.25000 0 0
-0.75000 -0.75000 1.25000 0 0

24
1.87083
2
0.25000 0.25000 0.25000 0 0
-1.25000 1.25000 -0.25000 0 0

3
2.00000
2
0.25000 0.25000 0.25000 0 0
-1.75000 0.25000 0.25000 0 0

4
0.70711
3
0.25000 0.25000 0.25000 0 0
0.25000 -0.25000 0.75000 0 0
-0.25000 0.25000 0.75000 0 0

4
0.70711
3
0.25000 0.25000 0.25000 0 0
-0.25000 0.75000 0.25000 0 0
-0.25000 0.25000 0.75000 0 0

12
1.00000
3
0.25000 0.25000 0.25000 0 0
-0.25000 0.25000 0.75000 0 0
-0.75000 0.25000 0.25000 0 0

24
1.22474
3
0.25000 0.25000 0.25000 0 0
-0.25000 0.25000 0.75000 0 0
-0.75000 -0.25000 0.75000 0 0

12
1.22474
3
0.25000 0.25000 0.25000 0 0
0.25000 -0.25000 0.75000 0 0
-0.75000 -0.25000 0.75000 0 0

12
1.22474
3
0.25000 0.25000 0.25000 0 0
-0.25000 0.75000 0.25000 0 0
-0.75000 -0.25000 0.75000 0 0

24
1.22474
3
0.25000 0.25000 0.25000 0 0
0.25000 -0.75000 0.25000 0 0
-0.75000 -0.25000 0.75000 0 0

8
1.22474
3
0.25000 0.25000 0.25000 0 0
-0.25000 -0.75000 -0.25000 0 0
-0.75000 -0.25000 0.75000 0 0

12
1.22474
3
0.25000 0.25000 0.25000 0 0
-0.25000 0.25000 0.75000 0 0
-0.75000 -0.25000 -0.25000 0 0

12
1.22474
3
0.25000 0.25000 0.25000 0 0
0.25000 -0.25000 -0.25000 0 0
-0.75000 -0.25000 -0.25000 0 0

6
1.41421
3
0.25000 0.25000 0.25000 0 0
-0.25000 0.25000 0.75000 0 0
-0.75000 0.25000 1.25000 0 0

24
1.41421
3
0.25000 0.25000 0.25000 0 0
0.25000 -0.25000 0.75000 0 0
-0.75000 0.25000 1.25000 0 0

24
1.41421
3
0.25000 0.25000 0.25000 0 0
-0.25000 0.75000 0.25000 0 0
-0.75000 0.25000 1.25000 0 0

12
1.41421
3
0.25000 0.25000 0.25000 0 0
-0.75000 0.25000 0.25000 0 0
-0.75000 0.25000 1.25000 0 0

6
1.41421
3
0.25000 0.25000 0.25000 0 0
-0.25000 -0.75000 0.75000 0 0
-0.75000 0.25000 1.25000 0 0

6
1.41421
3
0.25000 0.25000 0.25000 0 0
-0.25000 1.25000 0.75000 0 0
-0.75000 0.25000 1.25000 0 0

4
1.41421
3
0.25000 0.25000 0.25000 0 0
0.25000 -0.75000 1.25000 0 0
-0.75000 0.25000 1.25000 0 0

4
1.41421
3
0.25000 0.25000 0.25000 0 0
-0.75000 1.25000 0.25000 0 0
-0.75000 0.25000 1.25000 0 0

1
0.70711
4
0.25000 0.25000 0.25000 0 0
-0.25000 -0.25000 0.25000 0 0
0.25000 -0.25000 0.75000 0 0
-0.25000 0.25000 0.75000 0 0

1
0.70711
4
0.25000 0.25000 0.25000 0 0
0.25000 0.75000 0.75000 0 0
-0.25000 0.75000 0.25000 0 0
-0.25000 0.25000 0.75000 0 0

12
1.00000
4
0.25000 0.25000 0.25000 0 0
-0.25000 0.75000 0.25000 0 0
-0.25000 0.25000 0.75000 0 0
-0.75000 0.25000 0.25000 0 0

3
1.00000
4
0.25000 0.25000 0.25000 0 0
-0.25000 0.25000 -0.25000 0 0
-0.25000 0.25000 0.75000 0 0
-0.75000 0.25000 0.25000 0 0

