4
0.46000
2
0.31800 0.31800 0.27000 0 0
0.31800 0.31800 0.73000 0 0

8
0.51658
2
0.63300 0.96200 1.00000 0 0
0.89700 0.89700 1.00000 0 0

4
0.52562
2
0.53800 0.13300 0.50000 0 0
0.46200 -0.13300 0.50000 0 0

4
0.54000
2
0.18200 0.81800 0.77000 0 0
0.18200 0.81800 0.23000 0 0

2
0.55352
2
0.39700 0.60300 0.50000 0 0
0.60300 0.39700 0.50000 0 0

16
0.59260
2
0.81800 0.18200 0.23000 0 0
0.63300 -0.03800 0.00000 0 0

16
0.60381
2
0.68200 0.68200 0.27000 0 0
0.63300 0.96200 0.00000 0 0

16
0.60717
2
0.81800 0.18200 0.23000 0 0
0.89700 -0.10300 0.00000 0 0

16
0.62301
2
0.86700 0.46200 0.50000 0 0
0.96200 0.63300 0.00000 0 0

8
0.63769
2
0.18200 0.81800 0.77000 0 0
0.39700 0.60300 0.50000 0 0

4
0.88402
2
0.03800 0.36700 1.00000 0 0
0.36700 0.03800 1.00000 0 0

16
0.90807
2
0.18200 0.81800 0.23000 0 0
0.13300 0.53800 -0.50000 0 0

16
0.92846
2
0.03800 0.36700 1.00000 0 0
0.18200 0.81800 1.23000 0 0

8
0.93094
2
0.18200 0.81800 0.23000 0 0
0.39700 0.60300 -0.50000 0 0

8
0.93232
2
0.89700 0.89700 1.00000 0 0
1.03800 1.36700 1.00000 0 0

16
0.94267
2
0.81800 0.18200 0.77000 0 0
0.46200 -0.13300 0.50000 0 0

16
0.94402
2
0.81800 0.18200 0.77000 0 0
0.63300 -0.03800 0.00000 0 0

16
0.95323
2
0.81800 0.18200 0.77000 0 0
0.89700 -0.10300 0.00000 0 0

16
0.95725
2
0.36700 0.03800 1.00000 0 0
0.60300 0.39700 0.50000 0 0

16
0.96765
2
0.63300 0.96200 1.00000 0 0
0.60300 1.39700 1.50000 0 0

4
0.97807
2
0.68200 0.68200 0.27000 0 0
0.31800 0.31800 0.27000 0 0

16
0.98533
2
0.18200 0.81800 0.77000 0 0
0.31800 0.31800 0.73000 0 0

8
1.00000
2
0.13300 0.53800 0.50000 0 0
0.13300 0.53800 -0.50000 0 0

8
1.00000
2
0.18200 0.81800 0.77000 0 0
0.18200 0.81800 -0.23000 0 0

4
1.00000
2
0.39700 0.60300 0.50000 0 0
0.39700 0.60300 -0.50000 0 0

8
0.59260
3
0.81800 0.18200 0.23000 0 0
0.81800 0.18200 -0.23000 0 0
0.63300 -0.03800 0.00000 0 0

8
0.60381
3
0.68200 0.68200 0.27000 0 0
0.68200 0.68200 -0.27000 0 0
0.63300 0.96200 0.00000 0 0

8
0.60717
3
0.81800 0.18200 0.23000 0 0
0.81800 0.18200 -0.23000 0 0
0.89700 -0.10300 0.00000 0 0

16
0.60717
3
0.89700 0.89700 1.00000 0 0
0.63300 0.96200 1.00000 0 0
0.81800 1.18200 1.23000 0 0

8
0.60717
3
0.89700 0.89700 1.00000 0 0
1.10300 1.10300 1.00000 0 0
0.81800 1.18200 1.23000 0 0

16
0.62301
3
0.86700 0.46200 0.50000 0 0
1.13300 0.53800 0.50000 0 0
0.96200 0.63300 0.00000 0 0

16
0.62301
3
0.86700 0.46200 0.50000 0 0
0.68200 0.68200 0.27000 0 0
0.96200 0.63300 0.00000 0 0

4
0.63769
3
0.18200 0.81800 0.77000 0 0
0.18200 0.81800 0.23000 0 0
0.39700 0.60300 0.50000 0 0

16
0.63769
3
0.39700 0.60300 0.50000 0 0
0.13300 0.53800 0.50000 0 0
0.18200 0.81800 0.77000 0 0

