4
0.86603
2
1.50000 0.50000 0.50000 0 0
1.00000 -0.00000 1.00000 0 0

3
1.00000
2
1.50000 0.50000 0.50000 0 0
0.50000 0.50000 0.50000 0 0

6
1.41421
2
1.50000 0.50000 0.50000 0 0
0.50000 0.50000 1.50000 0 0

12
1.65831
2
1.50000 0.50000 0.50000 0 0
-0.00000 1.00000 1.00000 0 0

4
1.73205
2
1.50000 0.50000 0.50000 0 0
0.50000 1.50000 1.50000 0 0

3
2.00000
2
1.50000 0.50000 0.50000 0 0
-0.50000 0.50000 0.50000 0 0

12
1.00000
3
1.50000 0.50000 0.50000 0 0
1.00000 1.00000 1.00000 0 0
0.50000 0.50000 0.50000 0 0

12
1.41421
3
1.50000 0.50000 0.50000 0 0
1.00000 1.00000 1.00000 0 0
0.50000 0.50000 1.50000 0 0

12
1.41421
3
1.50000 0.50000 0.50000 0 0
0.50000 0.50000 0.50000 0 0
0.50000 0.50000 1.50000 0 0

8
1.41421
3
1.50000 0.50000 0.50000 0 0
1.50000 -0.50000 1.50000 0 0
0.50000 0.50000 1.50000 0 0

6
1.00000
4
1.50000 0.50000 0.50000 0 0
1.00000 -0.00000 1.00000 0 0
1.00000 1.00000 1.00000 0 0
0.50000 0.50000 0.50000 0 0

6
1.41421
4
1.50000 0.50000 0.50000 0 0
1.00000 -0.00000 1.00000 0 0
1.00000 1.00000 1.00000 0 0
0.50000 0.50000 1.50000 0 0

24
1.41421
4
1.50000 0.50000 0.50000 0 0
1.00000 1.00000 1.00000 0 0
0.50000 0.50000 0.50000 0 0
0.50000 0.50000 1.50000 0 0

3
1.41421
4
1.50000 0.50000 0.50000 0 0
1.50000 0.50000 1.50000 0 0
0.50000 0.50000 0.50000 0 0
0.50000 0.50000 1.50000 0 0

8
1.41421
4
1.50000 0.50000 0.50000 0 0
1.00000 -0.00000 1.00000 0 0
1.50000 -0.50000 1.50000 0 0
0.50000 0.50000 1.50000 0 0

8
1.41421
4
1.50000 0.50000 0.50000 0 0
1.50000 0.50000 1.50000 0 0
1.50000 -0.50000 1.50000 0 0
0.50000 0.50000 1.50000 0 0

2
1.41421
4
1.50000 0.50000 0.50000 0 0
0.50000 -0.50000 0.50000 0 0
1.50000 -0.50000 1.50000 0 0
0.50000 0.50000 1.50000 0 0

